#
# There is insufficient memory for the Java Runtime Environment to continue.
# Native memory allocation (mmap) failed to map 65536 bytes for Failed to commit metaspace.
# Possible reasons:
#   The system is out of physical RAM or swap space
#   The process is running with CompressedOops enabled, and the Java Heap may be blocking the growth of the native heap
# Possible solutions:
#   Reduce memory load on the system
#   Increase physical memory or swap space
#   Check if swap backing store is full
#   Decrease Java heap size (-Xmx/-Xms)
#   Decrease number of Java threads
#   Decrease Java thread stack sizes (-Xss)
#   Set larger code cache with -XX:ReservedCodeCacheSize=
#   JVM is running with Unscaled Compressed Oops mode in which the Java heap is
#     placed in the first 4GB address space. The Java Heap base address is the
#     maximum limit for the native heap growth. Please use -XX:HeapBaseMinAddress
#     to set the Java Heap base and to place the Java Heap above 4GB virtual address.
# This output file may be truncated or incomplete.
#
#  Out of Memory Error (virtualSpaceNode.cpp:112), pid=12384, tid=8604
#
# JRE version: Java(TM) SE Runtime Environment (21.0.5+9) (build 21.0.5+9-LTS-239)
# Java VM: Java HotSpot(TM) 64-Bit Server VM (21.0.5+9-LTS-239, mixed mode, emulated-client, sharing, tiered, compressed oops, compressed class ptrs, g1 gc, windows-amd64)
# No core dump will be written. Minidumps are not enabled by default on client versions of Windows
#

---------------  S U M M A R Y ------------

Command Line: -XX:TieredStopAtLevel=1 -Dspring.output.ansi.enabled=always -Dcom.sun.management.jmxremote -Dspring.jmx.enabled=true -Dspring.liveBeansView.mbeanDomain -Dspring.application.admin.enabled=true -Dmanagement.endpoints.jmx.exposure.include=* -javaagent:C:\Program Files\JetBrains\IntelliJ IDEA 2025.1\lib\idea_rt.jar=49372 -Dfile.encoding=UTF-8 -Dsun.stdout.encoding=UTF-8 -Dsun.stderr.encoding=UTF-8 com.supplier.risk.RiskApplicationKt

Host: Intel(R) Core(TM) i5-5200U CPU @ 2.20GHz, 4 cores, 3G,  Windows 10 , 64 bit Build 19041 (10.0.19041.5678)
Time: Tue Apr 22 12:31:33 2025 W. Europe Daylight Time elapsed time: 9.970398 seconds (0d 0h 0m 9s)

---------------  T H R E A D  ---------------

Current thread (0x000001fb617d2740):  JavaThread "background-preinit"        [_thread_in_vm, id=8604, stack(0x000000bc41900000,0x000000bc41a00000) (1024K)]

Stack: [0x000000bc41900000,0x000000bc41a00000]
Native frames: (J=compiled Java code, j=interpreted, Vv=VM code, C=native code)
V  [jvm.dll+0x6ca289]
V  [jvm.dll+0x854a51]
V  [jvm.dll+0x856f7e]
V  [jvm.dll+0x857653]
V  [jvm.dll+0x27dd26]
V  [jvm.dll+0x85066e]
V  [jvm.dll+0x66dfd5]
V  [jvm.dll+0x1e3efc]
V  [jvm.dll+0x1e3cce]
V  [jvm.dll+0x670903]
V  [jvm.dll+0x670722]
V  [jvm.dll+0x66e9ae]
V  [jvm.dll+0x2681cf]
V  [jvm.dll+0x678d25]
V  [jvm.dll+0x214c91]
V  [jvm.dll+0x21511a]
V  [jvm.dll+0x215b41]
V  [jvm.dll+0x20afde]
V  [jvm.dll+0x5aceac]
V  [jvm.dll+0x7cece6]
V  [jvm.dll+0x470806]
V  [jvm.dll+0x476688]
C  [java.dll+0x17ec]

Java frames: (J=compiled Java code, j=interpreted, Vv=VM code)
J 1371  java.lang.ClassLoader.defineClass1(Ljava/lang/ClassLoader;Ljava/lang/String;[BIILjava/security/ProtectionDomain;Ljava/lang/String;)Ljava/lang/Class; java.base@21.0.5 (0 bytes) @ 0x000001fb560c9771 [0x000001fb560c96a0+0x00000000000000d1]
J 1558 c1 java.lang.ClassLoader.defineClass(Ljava/lang/String;[BIILjava/security/ProtectionDomain;)Ljava/lang/Class; java.base@21.0.5 (43 bytes) @ 0x000001fb5611eafc [0x000001fb5611e9e0+0x000000000000011c]
J 1559 c1 jdk.internal.loader.BuiltinClassLoader.defineClass(Ljava/lang/String;Ljdk/internal/loader/Resource;)Ljava/lang/Class; java.base@21.0.5 (121 bytes) @ 0x000001fb5611f914 [0x000001fb5611f3c0+0x0000000000000554]
J 1556 c1 jdk.internal.loader.BuiltinClassLoader.findClassOnClassPathOrNull(Ljava/lang/String;)Ljava/lang/Class; java.base@21.0.5 (64 bytes) @ 0x000001fb5611e0b4 [0x000001fb5611dde0+0x00000000000002d4]
J 1289 c1 jdk.internal.loader.BuiltinClassLoader.loadClassOrNull(Ljava/lang/String;Z)Ljava/lang/Class; java.base@21.0.5 (143 bytes) @ 0x000001fb560ac65c [0x000001fb560ac260+0x00000000000003fc]
J 1450 c1 jdk.internal.loader.ClassLoaders$AppClassLoader.loadClass(Ljava/lang/String;Z)Ljava/lang/Class; java.base@21.0.5 (40 bytes) @ 0x000001fb560ea50c [0x000001fb560ea4c0+0x000000000000004c]
J 1435 c1 java.lang.ClassLoader.loadClass(Ljava/lang/String;)Ljava/lang/Class; java.base@21.0.5 (7 bytes) @ 0x000001fb560e65f4 [0x000001fb560e65a0+0x0000000000000054]
v  ~StubRoutines::call_stub 0x000001fb55d3100d
j  com.fasterxml.jackson.databind.ObjectMapper.<init>(Lcom/fasterxml/jackson/core/JsonFactory;Lcom/fasterxml/jackson/databind/ser/DefaultSerializerProvider;Lcom/fasterxml/jackson/databind/deser/DefaultDeserializationContext;)V+25
j  com.fasterxml.jackson.databind.ObjectMapper.<init>()V+4
j  org.springframework.http.converter.json.Jackson2ObjectMapperBuilder.build()Lcom/fasterxml/jackson/databind/ObjectMapper;+81
j  org.springframework.http.converter.json.MappingJackson2HttpMessageConverter.<init>()V+4
j  org.springframework.http.converter.support.AllEncompassingFormHttpMessageConverter.<init>()V+55
j  org.springframework.boot.autoconfigure.BackgroundPreinitializer$MessageConverterInitializer.run()V+4
j  org.springframework.boot.autoconfigure.BackgroundPreinitializer$1.runSafely(Ljava/lang/Runnable;)Z+1
j  org.springframework.boot.autoconfigure.BackgroundPreinitializer$1.run()V+32
j  java.lang.Thread.runWith(Ljava/lang/Object;Ljava/lang/Runnable;)V+5 java.base@21.0.5
j  java.lang.Thread.run()V+19 java.base@21.0.5
v  ~StubRoutines::call_stub 0x000001fb55d3100d

Compiled method (n/a)   10030 1371     n 0       java.lang.ClassLoader::defineClass1 (native)
 total in heap  [0x000001fb560c9510,0x000001fb560c9b50] = 1600
 relocation     [0x000001fb560c9668,0x000001fb560c96a0] = 56
 main code      [0x000001fb560c96a0,0x000001fb560c9b4f] = 1199
 stub code      [0x000001fb560c9b4f,0x000001fb560c9b50] = 1

[Constant Pool (empty)]

[MachCode]
[Entry Point]
  # {method} {0x000001fb0043a770} 'defineClass1' '(Ljava/lang/ClassLoader;Ljava/lang/String;[BIILjava/security/ProtectionDomain;Ljava/lang/String;)Ljava/lang/Class;' in 'java/lang/ClassLoader'
  # parm0:    rdx:rdx   = 'java/lang/ClassLoader'
  # parm1:    r8:r8     = 'java/lang/String'
  # parm2:    r9:r9     = '[B'
  # parm3:    rdi       = int
  # parm4:    rsi       = int
  # parm5:    rcx:rcx   = 'java/security/ProtectionDomain'
  # parm6:    [sp+0xa0]   = 'java/lang/String'  (sp of caller)
  0x000001fb560c96a0: 448b 5208 | 49bb 0000 | 0000 fb01 | 0000 4d03 | d349 3bc2 | 0f84 0600 

  0x000001fb560c96b8: ;   {runtime_call ic_miss_stub}
  0x000001fb560c96b8: 0000 e9c1 | 50cb ff90 
[Verified Entry Point]
  0x000001fb560c96c0: 8984 2400 | 80ff ff55 | 488b ec48 | 81ec 9000 | 0000 6690 | 4181 7f20 | 0100 0000 

  0x000001fb560c96dc: ;   {runtime_call StubRoutines (final stubs)}
  0x000001fb560c96dc: 7405 e87d | b6c9 ff48 | 837d 1000 | 488d 4510 | 480f 4445 | 1048 8944 | 2440 4889 | 4c24 7048 
  0x000001fb560c96fc: 83f9 0048 | 8d44 2470 | 480f 4444 | 2470 4889 | 4424 3848 | 8974 2430 | 4889 7c24 | 284c 894c 
  0x000001fb560c971c: 2458 4983 | f900 488d | 4424 5848 | 0f44 4424 | 5848 8944 | 2420 4c89 | 4424 5049 | 83f8 004c 
  0x000001fb560c973c: 8d4c 2450 | 4c0f 444c | 2450 4889 | 5424 4848 | 83fa 004c | 8d44 2448 | 4c0f 4444 

  0x000001fb560c9758: ;   {oop(a 'java/lang/Class'{0x00000000c1b77ed0} = 'java/lang/ClassLoader')}
  0x000001fb560c9758: 2448 49be | d07e b7c1 | 0000 0000 | 4c89 7424 | 784c 8d74 | 2478 498b | d6c5 f877 

  0x000001fb560c9774: ;   {internal_word}
  0x000001fb560c9774: 49ba 7197 | 0c56 fb01 | 0000 4d89 | 97a0 0300 | 0049 89a7 | 9803 0000 

  0x000001fb560c978c: ;   {external_word}
  0x000001fb560c978c: 49ba e037 | 78e6 fd7f | 0000 4180 | 3a00 0f84 | 4e00 0000 | 5241 5041 

  0x000001fb560c97a4: ;   {metadata({method} {0x000001fb0043a770} 'defineClass1' '(Ljava/lang/ClassLoader;Ljava/lang/String;[BIILjava/security/ProtectionDomain;Ljava/lang/String;)Ljava/lang/Class;' in 'java/lang/ClassLoader')}
  0x000001fb560c97a4: 5148 ba68 | a743 00fb | 0100 0049 | 8bcf 4883 | ec20 40f6 | c40f 0f84 | 1900 0000 | 4883 ec08 
  0x000001fb560c97c4: ;   {runtime_call}
  0x000001fb560c97c4: 48b8 3001 | 29e6 fd7f | 0000 ffd0 | 4883 c408 | e90c 0000 

  0x000001fb560c97d8: ;   {runtime_call}
  0x000001fb560c97d8: 0048 b830 | 0129 e6fd | 7f00 00ff | d048 83c4 | 2041 5941 | 585a 498d | 8fb8 0300 | 0041 c787 
  0x000001fb560c97f8: 4404 0000 | 0400 0000 

  0x000001fb560c9800: ;   {runtime_call}
  0x000001fb560c9800: 48b8 ac16 | a0e4 fd7f | 0000 ffd0 | c5f8 7741 | c787 4404 | 0000 0500 | 0000 f083 | 4424 c000 
  0x000001fb560c9820: 493b af48 | 0400 000f | 870e 0000 | 0041 83bf | 4004 0000 | 000f 842b | 0000 00c5 | f877 4889 
  0x000001fb560c9840: 45f8 498b | cf4c 8be4 | 4883 ec20 | 4883 e4f0 

  0x000001fb560c9850: ;   {runtime_call}
  0x000001fb560c9850: 48b8 b0ae | f4e5 fd7f | 0000 ffd0 | 498b e44d | 33e4 488b | 45f8 41c7 | 8744 0400 | 0008 0000 
  0x000001fb560c9870: 0041 83bf | c004 0000 | 020f 84a3 

  0x000001fb560c987c: ;   {external_word}
  0x000001fb560c987c: 0200 0049 | bae0 3778 | e6fd 7f00 | 0041 803a | 000f 844c | 0000 0048 

  0x000001fb560c9894: ;   {metadata({method} {0x000001fb0043a770} 'defineClass1' '(Ljava/lang/ClassLoader;Ljava/lang/String;[BIILjava/security/ProtectionDomain;Ljava/lang/String;)Ljava/lang/Class;' in 'java/lang/ClassLoader')}
  0x000001fb560c9894: 8945 f848 | ba68 a743 | 00fb 0100 | 0049 8bcf | 4883 ec20 | 40f6 c40f | 0f84 1900 | 0000 4883 
  0x000001fb560c98b4: ;   {runtime_call}
  0x000001fb560c98b4: ec08 48b8 | 3001 29e6 | fd7f 0000 | ffd0 4883 | c408 e90c 

  0x000001fb560c98c8: ;   {runtime_call}
  0x000001fb560c98c8: 0000 0048 | b830 0129 | e6fd 7f00 | 00ff d048 | 83c4 2048 | 8b45 f849 | c787 9803 | 0000 0000 
  0x000001fb560c98e8: 0000 49c7 | 87a0 0300 | 0000 0000 | 00c5 f877 | 4885 c00f | 84fe 0100 | 00a8 030f | 8508 0000 
  0x000001fb560c9908: 0048 8b00 | e9ee 0100 | 00a8 010f | 8509 0000 | 0048 8b40 | fee9 dd01 | 0000 488b | 40ff 4180 
  0x000001fb560c9928: 7f40 000f | 84ce 0100 | 0048 83f8 | 000f 84c4 | 0100 0049 | 8b4f 2848 | 83f9 000f | 8414 0000 
  0x000001fb560c9948: 0048 83e9 | 0849 894f | 2849 034f | 3848 8901 | e9a2 0100 | 0048 81ec | d000 0000 | 4889 0424 
  0x000001fb560c9968: 4889 4c24 | 0848 8954 | 2410 4889 | 7424 1848 | 897c 2420 | 4c89 4424 | 284c 894c | 2430 4c89 
  0x000001fb560c9988: 5424 384c | 895c 2440 | c5fb 1144 | 2450 c5fb | 114c 2458 | c5fb 1154 | 2460 c5fb | 115c 2468 
  0x000001fb560c99a8: c5fb 1164 | 2470 c5fb | 116c 2478 | c5fb 11b4 | 2480 0000 | 00c5 fb11 | bc24 8800 | 0000 c57b 
  0x000001fb560c99c8: ;   {no_reloc}
  0x000001fb560c99c8: 1184 2490 | 0000 00c5 | 7b11 8c24 | 9800 0000 | c57b 1194 | 24a0 0000 | 00c5 7b11 | 9c24 a800 
  0x000001fb560c99e8: 0000 c57b | 11a4 24b0 | 0000 00c5 | 7b11 ac24 | b800 0000 | c57b 11b4 | 24c0 0000 | 00c5 7b11 
  0x000001fb560c9a08: bc24 c800 | 0000 498b | d748 8bc8 | 4883 ec20 | 40f6 c40f | 0f84 1900 | 0000 4883 

  0x000001fb560c9a24: ;   {runtime_call}
  0x000001fb560c9a24: ec08 48b8 | d0ed e7e5 | fd7f 0000 | ffd0 4883 | c408 e90c 

  0x000001fb560c9a38: ;   {runtime_call}
  0x000001fb560c9a38: 0000 0048 | b8d0 ede7 | e5fd 7f00 | 00ff d048 | 83c4 20c5 | 7b10 bc24 | c800 0000 | c57b 10b4 
  0x000001fb560c9a58: 24c0 0000 | 00c5 7b10 | ac24 b800 | 0000 c57b | 10a4 24b0 | 0000 00c5 | 7b10 9c24 | a800 0000 
  0x000001fb560c9a78: c57b 1094 | 24a0 0000 | 00c5 7b10 | 8c24 9800 | 0000 c57b | 1084 2490 | 0000 00c5 | fb10 bc24 
  0x000001fb560c9a98: 8800 0000 | c5fb 10b4 | 2480 0000 | 00c5 fb10 | 6c24 78c5 | fb10 6424 | 70c5 fb10 | 5c24 68c5 
  0x000001fb560c9ab8: fb10 5424 | 60c5 fb10 | 4c24 58c5 | fb10 4424 | 504c 8b5c | 2440 4c8b | 5424 384c | 8b4c 2430 
  0x000001fb560c9ad8: 4c8b 4424 | 2848 8b7c | 2420 488b | 7424 1848 | 8b54 2410 | 488b 4c24 | 0848 8b04 | 2448 81c4 
  0x000001fb560c9af8: d000 0000 | c5f8 7749 | 8b8f 2804 | 0000 c781 | 0001 0000 | 0000 0000 | c949 837f | 0800 0f85 
  0x000001fb560c9b18: 0100 0000 

  0x000001fb560c9b1c: ;   {runtime_call StubRoutines (initial stubs)}
  0x000001fb560c9b1c: c3e9 de73 | c6ff c5f8 | 7748 8945 | f84c 8be4 | 4883 ec20 | 4883 e4f0 

  0x000001fb560c9b34: ;   {runtime_call}
  0x000001fb560c9b34: 48b8 2039 | 29e6 fd7f | 0000 ffd0 | 498b e44d | 33e4 488b | 45f8 e930 | fdff fff4 
[/MachCode]


Compiled method (c1)   10050 1558       1       java.lang.ClassLoader::defineClass (43 bytes)
 total in heap  [0x000001fb5611e810,0x000001fb5611edd0] = 1472
 relocation     [0x000001fb5611e968,0x000001fb5611e9d8] = 112
 main code      [0x000001fb5611e9e0,0x000001fb5611eba0] = 448
 stub code      [0x000001fb5611eba0,0x000001fb5611ec18] = 120
 metadata       [0x000001fb5611ec18,0x000001fb5611ec48] = 48
 scopes data    [0x000001fb5611ec48,0x000001fb5611ed00] = 184
 scopes pcs     [0x000001fb5611ed00,0x000001fb5611eda0] = 160
 dependencies   [0x000001fb5611eda0,0x000001fb5611eda8] = 8
 nul chk table  [0x000001fb5611eda8,0x000001fb5611edd0] = 40

[Constant Pool (empty)]

[MachCode]
[Entry Point]
  # {method} {0x000001fb0043aaf0} 'defineClass' '(Ljava/lang/String;[BIILjava/security/ProtectionDomain;)Ljava/lang/Class;' in 'java/lang/ClassLoader'
  # this:     rdx:rdx   = 'java/lang/ClassLoader'
  # parm0:    r8:r8     = 'java/lang/String'
  # parm1:    r9:r9     = '[B'
  # parm2:    rdi       = int
  # parm3:    rsi       = int
  # parm4:    rcx:rcx   = 'java/security/ProtectionDomain'
  #           [sp+0xc0]  (sp of caller)
  0x000001fb5611e9e0: 448b 5208 | 49bb 0000 | 0000 fb01 | 0000 4d03 | d34c 3bd0 

  0x000001fb5611e9f4: ;   {runtime_call ic_miss_stub}
  0x000001fb5611e9f4: 0f85 86fd | c5ff 660f | 1f44 0000 
[Verified Entry Point]
  0x000001fb5611ea00: 8984 2400 | 80ff ff55 | 4881 ecb0 | 0000 0090 | 4181 7f20 | 0100 0000 

  0x000001fb5611ea18: ;   {runtime_call StubRoutines (final stubs)}
  0x000001fb5611ea18: 7405 e841 | 63c4 ff48 | 8954 2478 | 89b4 2494 | 0000 0089 | bc24 9000 | 0000 4c89 | 8c24 8800 
  0x000001fb5611ea38: 0000 498b | d84c 8bc3 | 4c8b c948 | 8bca 488b | d148 899c | 2480 0000 | 0066 0f1f 

  0x000001fb5611ea54: ;   {optimized virtual_call}
  0x000001fb5611ea54: 4400 00e8 

  0x000001fb5611ea58: ; ImmutableOopMap {[120]=Oop [128]=Oop [136]=Oop }
                      ;*invokevirtual preDefineClass {reexecute=0 rethrow=0 return_oop=0}
                      ; - java.lang.ClassLoader::defineClass@4 (line 1025)
  0x000001fb5611ea58: 64cd ffff 

  0x000001fb5611ea5c: ;   {other}
  0x000001fb5611ea5c: 0f1f 8400 | 4c02 0000 | 4889 8424 | 9800 0000 

  0x000001fb5611ea6c: ; implicit exception: dispatches to 0x000001fb5611eb4a
  0x000001fb5611ea6c: 448b 4010 | 4d85 c00f | 850f 0000 

  0x000001fb5611ea78: ;   {oop(nullptr)}
  0x000001fb5611ea78: 0048 bb00 | 0000 0000 | 0000 00e9 | 3f00 0000 

  0x000001fb5611ea88: ; implicit exception: dispatches to 0x000001fb5611eb4f
  0x000001fb5611ea88: 458b 400c | 4d85 c00f | 850f 0000 

  0x000001fb5611ea94: ;   {oop(nullptr)}
  0x000001fb5611ea94: 0048 bb00 | 0000 0000 | 0000 00e9 | 2300 0000 

  0x000001fb5611eaa4: ; implicit exception: dispatches to 0x000001fb5611eb54
  0x000001fb5611eaa4: 418b 5038 

  0x000001fb5611eaa8: ; implicit exception: dispatches to 0x000001fb5611eb59
  0x000001fb5611eaa8: 483b 020f 

  0x000001fb5611eaac: ;   {optimized virtual_call}
  0x000001fb5611eaac: 1f40 00e8 

  0x000001fb5611eab0: ; ImmutableOopMap {[120]=Oop [128]=Oop [136]=Oop [152]=Oop }
                      ;*invokevirtual toExternalForm {reexecute=0 rethrow=0 return_oop=0}
                      ; - java.net.URL::toExternalForm@5 (line 1203)
                      ; - java.net.URL::toString@1 (line 1189)
                      ; - java.lang.ClassLoader::defineClassSourceLocation@22 (line 927)
                      ; - java.lang.ClassLoader::defineClass@12 (line 1026)
  0x000001fb5611eab0: cc94 fcff 

  0x000001fb5611eab4: ;   {other}
  0x000001fb5611eab4: 0f1f 8400 | a402 0001 | 488b d848 | 8b84 2498 | 0000 008b | b424 9400 | 0000 8bbc | 2490 0000 
  0x000001fb5611ead4: 004c 8b8c | 2488 0000 | 004c 8b84 | 2480 0000 | 0048 8b54 | 2478 4c8b | da49 8bd3 | 488b c848 
  0x000001fb5611eaf4: ;   {static_call}
  0x000001fb5611eaf4: 891c 24e8 

  0x000001fb5611eaf8: ; ImmutableOopMap {[120]=Oop [152]=Oop }
                      ;*invokestatic defineClass1 {reexecute=0 rethrow=0 return_oop=0}
                      ; - java.lang.ClassLoader::defineClass@27 (line 1027)
  0x000001fb5611eaf8: c4ab faff 

  0x000001fb5611eafc: ;   {other}
  0x000001fb5611eafc: 0f1f 8400 | ec02 0002 | 4c8b c04c | 8b8c 2498 | 0000 0048 | 8b54 2478 | 4889 8424 | a000 0000 
  0x000001fb5611eb1c: ;   {optimized virtual_call}
  0x000001fb5611eb1c: 6666 90e8 

  0x000001fb5611eb20: ; ImmutableOopMap {[160]=Oop }
                      ;*invokevirtual postDefineClass {reexecute=0 rethrow=0 return_oop=0}
                      ; - java.lang.ClassLoader::defineClass@37 (line 1028)
  0x000001fb5611eb20: dcdd ffff 

  0x000001fb5611eb24: ;   {other}
  0x000001fb5611eb24: 0f1f 8400 | 1403 0003 | 488b 8424 | a000 0000 | 4881 c4b0 | 0000 005d 

  0x000001fb5611eb3c: ;   {poll_return}
  0x000001fb5611eb3c: 493b a748 | 0400 000f | 8715 0000 

  0x000001fb5611eb48: ;   {runtime_call throw_null_pointer_exception Runtime1 stub}
  0x000001fb5611eb48: 00c3 e831 

  0x000001fb5611eb4c: ; ImmutableOopMap {rax=Oop [120]=Oop [128]=Oop [136]=Oop [152]=Oop }
                      ;*invokevirtual getCodeSource {reexecute=0 rethrow=0 return_oop=0}
                      ; - java.lang.ClassLoader::defineClassSourceLocation@1 (line 924)
                      ; - java.lang.ClassLoader::defineClass@12 (line 1026)
                      ;   {runtime_call throw_null_pointer_exception Runtime1 stub}
  0x000001fb5611eb4c: 53d1 ffe8 

  0x000001fb5611eb50: ; ImmutableOopMap {rax=Oop [120]=Oop [128]=Oop [136]=Oop [152]=Oop }
                      ;*invokevirtual getLocation {reexecute=0 rethrow=0 return_oop=0}
                      ; - java.lang.ClassLoader::defineClassSourceLocation@12 (line 926)
                      ; - java.lang.ClassLoader::defineClass@12 (line 1026)
  0x000001fb5611eb50: 2c53 d1ff 

  0x000001fb5611eb54: ;   {runtime_call throw_null_pointer_exception Runtime1 stub}
  0x000001fb5611eb54: e827 53d1 

  0x000001fb5611eb58: ; ImmutableOopMap {r8=Oop [120]=Oop [128]=Oop [136]=Oop [152]=Oop }
                      ;*invokevirtual toString {reexecute=0 rethrow=0 return_oop=0}
                      ; - java.lang.ClassLoader::defineClassSourceLocation@22 (line 927)
                      ; - java.lang.ClassLoader::defineClass@12 (line 1026)
                      ;   {runtime_call throw_null_pointer_exception Runtime1 stub}
  0x000001fb5611eb58: ffe8 2253 

  0x000001fb5611eb5c: ; ImmutableOopMap {r8=Oop rdx=Oop [120]=Oop [128]=Oop [136]=Oop [152]=Oop }
                      ;*invokevirtual toExternalForm {reexecute=0 rethrow=0 return_oop=0}
                      ; - java.net.URL::toExternalForm@5 (line 1203)
                      ; - java.net.URL::toString@1 (line 1189)
                      ; - java.lang.ClassLoader::defineClassSourceLocation@22 (line 927)
                      ; - java.lang.ClassLoader::defineClass@12 (line 1026)
                      ;   {internal_word}
  0x000001fb5611eb5c: d1ff 49ba | 3ceb 1156 | fb01 0000 | 4d89 9760 

  0x000001fb5611eb6c: ;   {runtime_call SafepointBlob}
  0x000001fb5611eb6c: 0400 00e9 | 8c6b c6ff | 498b 87f8 | 0400 0049 | c787 f804 | 0000 0000 | 0000 49c7 | 8700 0500 
  0x000001fb5611eb8c: 0000 0000 | 0048 81c4 | b000 0000 

  0x000001fb5611eb98: ;   {runtime_call unwind_exception Runtime1 stub}
  0x000001fb5611eb98: 5de9 e243 | d1ff f4f4 
[Stub Code]
  0x000001fb5611eba0: ;   {no_reloc}
  0x000001fb5611eba0: 0f1f 4400 

  0x000001fb5611eba4: ;   {static_stub}
  0x000001fb5611eba4: 0048 bb00 | 0000 0000 

  0x000001fb5611ebac: ;   {runtime_call}
  0x000001fb5611ebac: 0000 00e9 | fbff ffff 

  0x000001fb5611ebb4: ;   {static_stub}
  0x000001fb5611ebb4: 48bb 0000 | 0000 0000 

  0x000001fb5611ebbc: ;   {runtime_call}
  0x000001fb5611ebbc: 0000 e9fb 

  0x000001fb5611ebc0: ;   {static_stub}
  0x000001fb5611ebc0: ffff ff48 | bb00 0000 | 0000 0000 

  0x000001fb5611ebcc: ;   {runtime_call}
  0x000001fb5611ebcc: 00e9 fbff 

  0x000001fb5611ebd0: ;   {static_stub}
  0x000001fb5611ebd0: ffff 48bb | 0000 0000 | 0000 0000 

  0x000001fb5611ebdc: ;   {runtime_call}
  0x000001fb5611ebdc: e9fb ffff 

  0x000001fb5611ebe0: ;   {runtime_call handle_exception_from_callee Runtime1 stub}
  0x000001fb5611ebe0: ffe8 9a70 

  0x000001fb5611ebe4: ;   {external_word}
  0x000001fb5611ebe4: d1ff 48b9 | a036 50e6 | fd7f 0000 | 4883 e4f0 

  0x000001fb5611ebf4: ;   {runtime_call}
  0x000001fb5611ebf4: 48b8 5024 | 18e6 fd7f | 0000 ffd0 

  0x000001fb5611ec00: ;   {section_word}
  0x000001fb5611ec00: f449 ba01 | ec11 56fb | 0100 0041 

  0x000001fb5611ec0c: ;   {runtime_call DeoptimizationBlob}
  0x000001fb5611ec0c: 52e9 8e5d | c6ff f4f4 | f4f4 f4f4 
[/MachCode]


Compiled method (c1)   10071 1559       1       jdk.internal.loader.BuiltinClassLoader::defineClass (121 bytes)
 total in heap  [0x000001fb5611f110,0x000001fb56120020] = 3856
 relocation     [0x000001fb5611f268,0x000001fb5611f3b0] = 328
 main code      [0x000001fb5611f3c0,0x000001fb5611fa80] = 1728
 stub code      [0x000001fb5611fa80,0x000001fb5611fba0] = 288
 metadata       [0x000001fb5611fba0,0x000001fb5611fbe8] = 72
 scopes data    [0x000001fb5611fbe8,0x000001fb5611fe40] = 600
 scopes pcs     [0x000001fb5611fe40,0x000001fb5611ffe0] = 416
 dependencies   [0x000001fb5611ffe0,0x000001fb5611ffe8] = 8
 handler table  [0x000001fb5611ffe8,0x000001fb56120000] = 24
 nul chk table  [0x000001fb56120000,0x000001fb56120020] = 32

[Constant Pool (empty)]

[MachCode]
[Entry Point]
  # {method} {0x000001fb00069b60} 'defineClass' '(Ljava/lang/String;Ljdk/internal/loader/Resource;)Ljava/lang/Class;' in 'jdk/internal/loader/BuiltinClassLoader'
  # this:     rdx:rdx   = 'jdk/internal/loader/BuiltinClassLoader'
  # parm0:    r8:r8     = 'java/lang/String'
  # parm1:    r9:r9     = 'jdk/internal/loader/Resource'
  #           [sp+0x110]  (sp of caller)
  0x000001fb5611f3c0: 448b 5208 | 49bb 0000 | 0000 fb01 | 0000 4d03 | d34c 3bd0 

  0x000001fb5611f3d4: ;   {runtime_call ic_miss_stub}
  0x000001fb5611f3d4: 0f85 a6f3 | c5ff 660f | 1f44 0000 
[Verified Entry Point]
  0x000001fb5611f3e0: 8984 2400 | 80ff ff55 | 4881 ec00 | 0100 0090 | 4181 7f20 | 0100 0000 

  0x000001fb5611f3f8: ;   {runtime_call StubRoutines (final stubs)}
  0x000001fb5611f3f8: 7405 e861 | 59c4 ff48 | 8994 24a0 | 0000 004c | 8984 2490 | 0000 004c | 898c 2498 | 0000 0049 
  0x000001fb5611f418: 8bd1 6666 | 9048 b840 | 5421 00fb 

  0x000001fb5611f424: ;   {virtual_call}
  0x000001fb5611f424: 0100 00e8 

  0x000001fb5611f428: ; ImmutableOopMap {[144]=Oop [152]=Oop [160]=Oop }
                      ;*invokevirtual getCodeSourceURL {reexecute=0 rethrow=0 return_oop=0}
                      ; - jdk.internal.loader.BuiltinClassLoader::defineClass@1 (line 842)
  0x000001fb5611f428: 7455 0000 

  0x000001fb5611f42c: ;   {other}
  0x000001fb5611f42c: 0f1f 8400 | 1c03 0000 | 4889 8424 | a800 0000 | 4c8b 8424 | 9000 0000 

  0x000001fb5611f444: ; implicit exception: dispatches to 0x000001fb5611f982
  0x000001fb5611f444: 418b 7014 

  0x000001fb5611f448: ; implicit exception: dispatches to 0x000001fb5611f987
  0x000001fb5611f448: 8b56 0c45 | 0fbe 4810 | 498b c9c1 | e118 c1f9 | 18d3 fa48 | 8bfa ffcf | 4585 c9ba | 0000 0000 
  0x000001fb5611f468: 7505 ba01 | 0000 0083 | e201 85d2 | 488b d641 | b82e 0000 | 004c 8bcf | 0f84 1300 

  0x000001fb5611f484: ;   {static_call}
  0x000001fb5611f484: 0000 90e8 

  0x000001fb5611f488: ; ImmutableOopMap {[144]=Oop [152]=Oop [160]=Oop [168]=Oop }
                      ;*invokestatic lastIndexOf {reexecute=0 rethrow=0 return_oop=0}
                      ; - java.lang.String::lastIndexOf@13 (line 2573)
                      ; - java.lang.String::lastIndexOf@8 (line 2535)
                      ; - jdk.internal.loader.BuiltinClassLoader::defineClass@8 (line 845)
  0x000001fb5611f488: b45a d6ff 

  0x000001fb5611f48c: ;   {other}
  0x000001fb5611f48c: 0f1f 8400 | 7c03 0001 | e913 0000 | 0066 0f1f 

  0x000001fb5611f49c: ;   {static_call}
  0x000001fb5611f49c: 4400 00e8 

  0x000001fb5611f4a0: ; ImmutableOopMap {[144]=Oop [152]=Oop [160]=Oop [168]=Oop }
                      ;*invokestatic lastIndexOf {reexecute=0 rethrow=0 return_oop=0}
                      ; - java.lang.String::lastIndexOf@25 (line 2574)
                      ; - java.lang.String::lastIndexOf@8 (line 2535)
                      ; - jdk.internal.loader.BuiltinClassLoader::defineClass@8 (line 845)
  0x000001fb5611f4a0: dcfb c5ff 

  0x000001fb5611f4a4: ;   {other}
  0x000001fb5611f4a4: 0f1f 8400 | 9403 0002 | 83f8 ff0f | 847f 0000 | 0041 b800 | 0000 004c | 8bc8 488b | 9424 9000 
  0x000001fb5611f4c4: ;   {optimized virtual_call}
  0x000001fb5611f4c4: 0000 90e8 

  0x000001fb5611f4c8: ; ImmutableOopMap {[144]=Oop [152]=Oop [160]=Oop [168]=Oop }
                      ;*invokevirtual substring {reexecute=0 rethrow=0 return_oop=0}
                      ; - jdk.internal.loader.BuiltinClassLoader::defineClass@23 (line 847)
  0x000001fb5611f4c8: b4f7 d5ff 

  0x000001fb5611f4cc: ;   {other}
  0x000001fb5611f4cc: 0f1f 8400 | bc03 0003 | 488b 9424 | 9800 0000 | 4889 8424 | b000 0000 | 9048 b840 | 5421 00fb 
  0x000001fb5611f4ec: ;   {virtual_call}
  0x000001fb5611f4ec: 0100 00e8 

  0x000001fb5611f4f0: ; ImmutableOopMap {[144]=Oop [152]=Oop [160]=Oop [168]=Oop [176]=Oop }
                      ;*invokevirtual getManifest {reexecute=0 rethrow=0 return_oop=0}
                      ; - jdk.internal.loader.BuiltinClassLoader::defineClass@29 (line 848)
  0x000001fb5611f4f0: ac3b 0200 

  0x000001fb5611f4f4: ;   {other}
  0x000001fb5611f4f4: 0f1f 8400 | e403 0004 | 4c8b 8424 | b000 0000 | 4c8b c848 | 8bbc 24a8 | 0000 0048 | 8b94 24a0 
  0x000001fb5611f514: 0000 0066 | 0f1f 4400 | 0048 b8a0 | a106 00fb 

  0x000001fb5611f524: ;   {virtual_call}
  0x000001fb5611f524: 0100 00e8 

  0x000001fb5611f528: ; ImmutableOopMap {[144]=Oop [152]=Oop [160]=Oop [168]=Oop }
                      ;*invokevirtual defineOrCheckPackage {reexecute=0 rethrow=0 return_oop=0}
                      ; - jdk.internal.loader.BuiltinClassLoader::defineClass@40 (line 849)
  0x000001fb5611f528: 74fa ffff 

  0x000001fb5611f52c: ;   {other}
  0x000001fb5611f52c: 0f1f 8400 | 1c04 0005 | 4c8b 8c24 | 9800 0000 | 488d 9424 | e000 0000 | 4c89 4a08 | 498b 0148 
  0x000001fb5611f54c: 83c8 0148 | 8902 f049 | 0fb1 110f | 8412 0000 | 0048 2bc4 | 4825 07f0 | ffff 4889 | 020f 851d 
  0x000001fb5611f56c: 0400 0049 | ff87 4805 | 0000 418b | 510c 4885 | d20f 8551 | 0000 0049 | 8bd1 0f1f | 8000 0000 
  0x000001fb5611f58c: 0048 b840 | 5421 00fb 

  0x000001fb5611f594: ;   {virtual_call}
  0x000001fb5611f594: 0100 00e8 

  0x000001fb5611f598: ; ImmutableOopMap {[144]=Oop [152]=Oop [160]=Oop [168]=Oop [232]=Oop }
                      ;*invokevirtual getInputStream {reexecute=0 rethrow=0 return_oop=0}
                      ; - jdk.internal.loader.Resource::cachedInputStream@9 (line 77)
                      ; - jdk.internal.loader.Resource::getByteBuffer@1 (line 163)
                      ; - jdk.internal.loader.BuiltinClassLoader::defineClass@45 (line 853)
  0x000001fb5611f598: 8458 0200 

  0x000001fb5611f59c: ;   {other}
  0x000001fb5611f59c: 0f1f 8400 | 8c04 0006 | 410f be57 | 4085 d24c | 8b8c 2498 | 0000 000f | 85e6 0300 | 004c 8bd0 
  0x000001fb5611f5bc: 4589 510c | 498b d148 | 33d0 48c1 | ea14 4883 | fa00 0f85 | e703 0000 | 418b 510c | 488d 8424 
  0x000001fb5611f5dc: e000 0000 | 488b 3048 | 85f6 0f84 | 0f00 0000 | 488b 7808 | f048 0fb1 | 370f 85d8 | 0300 0049 
  0x000001fb5611f5fc: ff8f 4805 | 0000 4885 | d20f 8443 

  0x000001fb5611f608: ;   {metadata('sun/nio/ByteBuffered')}
  0x000001fb5611f608: 0000 0048 | b880 c336 | 00fb 0100 | 008b 5a08 | 49ba 0000 | 0000 fb01 | 0000 4903 | da48 3b43 
  0x000001fb5611f628: 200f 8424 | 0000 0048 | 3bd8 0f84 | 1b00 0000 

  0x000001fb5611f638: ;   {runtime_call slow_subtype_check Runtime1 stub}
  0x000001fb5611f638: 5350 e841 | 72d1 ff5b | 5b85 db0f | 8405 0000 | 00e9 0500 | 0000 4833 | f6eb 0a48 | be01 0000 
  0x000001fb5611f658: 0000 0000 | 0085 f60f | 846c 0000 | 0048 85d2 | 0f84 4300 

  0x000001fb5611f66c: ;   {metadata('sun/nio/ByteBuffered')}
  0x000001fb5611f66c: 0000 48bb | 80c3 3600 | fb01 0000 | 8b7a 0849 | ba00 0000 | 00fb 0100 | 0049 03fa | 483b 5f20 
  0x000001fb5611f68c: 0f84 1f00 | 0000 483b | fb0f 8416 | 0000 0057 

  0x000001fb5611f69c: ;   {runtime_call slow_subtype_check Runtime1 stub}
  0x000001fb5611f69c: 53e8 de71 | d1ff 5f5f | 85ff 0f84 | 3d03 0000 | e900 0000 | 000f 1f40 | 0048 b8ff | ffff ffff 
  0x000001fb5611f6bc: ;   {virtual_call}
  0x000001fb5611f6bc: ffff ffe8 

  0x000001fb5611f6c0: ; ImmutableOopMap {[144]=Oop [152]=Oop [160]=Oop [168]=Oop }
                      ;*invokeinterface getByteBuffer {reexecute=0 rethrow=0 return_oop=0}
                      ; - jdk.internal.loader.Resource::getByteBuffer@16 (line 165)
                      ; - jdk.internal.loader.BuiltinClassLoader::defineClass@45 (line 853)
  0x000001fb5611f6c0: bcf6 c5ff 

  0x000001fb5611f6c4: ;   {other}
  0x000001fb5611f6c4: 0f1f 8400 | b405 0007 | e90a 0000 

  0x000001fb5611f6d0: ;   {oop(nullptr)}
  0x000001fb5611f6d0: 0048 b800 | 0000 0000 | 0000 0048 | 85c0 0f84 | 0601 0000 | 4889 8424 | b800 0000 | 488b 9424 
  0x000001fb5611f6f0: 9800 0000 | 9048 b8ff | ffff ffff 

  0x000001fb5611f6fc: ;   {virtual_call}
  0x000001fb5611f6fc: ffff ffe8 

  0x000001fb5611f700: ; ImmutableOopMap {[144]=Oop [160]=Oop [168]=Oop [184]=Oop }
                      ;*invokevirtual getCodeSigners {reexecute=0 rethrow=0 return_oop=0}
                      ; - jdk.internal.loader.BuiltinClassLoader::defineClass@56 (line 855)
  0x000001fb5611f700: 7cf6 c5ff 

  0x000001fb5611f704: ;   {other}
  0x000001fb5611f704: 0f1f 8400 | f405 0008 

  0x000001fb5611f70c: ;   {metadata('java/security/CodeSource')}
  0x000001fb5611f70c: 4c8b c848 | bac0 5c00 | 00fb 0100 | 0049 8b87 | b801 0000 | 488d 7828 | 493b bfc8 | 0100 000f 
  0x000001fb5611f72c: 87c1 0200 | 0049 89bf | b801 0000 | 48c7 0001 | 0000 0048 | 8bca 49ba | 0000 0000 | fb01 0000 
  0x000001fb5611f74c: 492b ca89 | 4808 4833 | c989 480c | 4833 c948 | 8948 1048 | 8948 1848 | 8948 204c | 8b84 24a8 
  0x000001fb5611f76c: 0000 0048 | 8bd0 4889 | 8424 c000 | 0000 0f1f 

  0x000001fb5611f77c: ;   {optimized virtual_call}
  0x000001fb5611f77c: 4400 00e8 

  0x000001fb5611f780: ; ImmutableOopMap {[144]=Oop [160]=Oop [184]=Oop [192]=Oop }
                      ;*invokespecial <init> {reexecute=0 rethrow=0 return_oop=0}
                      ; - jdk.internal.loader.BuiltinClassLoader::defineClass@68 (line 856)
  0x000001fb5611f780: fcf2 c5ff 

  0x000001fb5611f784: ;   {other}
  0x000001fb5611f784: 0f1f 8400 | 7406 0009 | 4c8b 8424 | c000 0000 | 488b 9424 | a000 0000 

  0x000001fb5611f79c: ;   {optimized virtual_call}
  0x000001fb5611f79c: 6666 90e8 

  0x000001fb5611f7a0: ; ImmutableOopMap {[144]=Oop [160]=Oop [184]=Oop }
                      ;*invokevirtual getProtectionDomain {reexecute=0 rethrow=0 return_oop=0}
                      ; - java.security.SecureClassLoader::defineClass@5 (line 182)
                      ; - jdk.internal.loader.BuiltinClassLoader::defineClass@79 (line 857)
  0x000001fb5611f7a0: dcf2 c5ff 

  0x000001fb5611f7a4: ;   {other}
  0x000001fb5611f7a4: 0f1f 8400 | 9406 000a | 4c8b 8424 | 9000 0000 | 4c8b 8c24 | b800 0000 | 488b f848 | 8b94 24a0 
  0x000001fb5611f7c4: ;   {optimized virtual_call}
  0x000001fb5611f7c4: 0000 00e8 

  0x000001fb5611f7c8: ; ImmutableOopMap {}
                      ;*invokevirtual defineClass {reexecute=0 rethrow=0 return_oop=0}
                      ; - java.security.SecureClassLoader::defineClass@8 (line 182)
                      ; - jdk.internal.loader.BuiltinClassLoader::defineClass@79 (line 857)
  0x000001fb5611f7c8: b4f2 c5ff 

  0x000001fb5611f7cc: ;   {other}
  0x000001fb5611f7cc: 0f1f 8400 | bc06 000b | 4881 c400 | 0100 005d 

  0x000001fb5611f7dc: ;   {poll_return}
  0x000001fb5611f7dc: 493b a748 | 0400 000f | 8716 0200 | 00c3 4c8b | 8c24 9800 | 0000 498b | d148 b840 | 5421 00fb 
  0x000001fb5611f7fc: ;   {virtual_call}
  0x000001fb5611f7fc: 0100 00e8 

  0x000001fb5611f800: ; ImmutableOopMap {[144]=Oop [152]=Oop [160]=Oop [168]=Oop }
                      ;*invokevirtual getBytes {reexecute=0 rethrow=0 return_oop=0}
                      ; - jdk.internal.loader.BuiltinClassLoader::defineClass@84 (line 859)
  0x000001fb5611f800: dc59 0200 

  0x000001fb5611f804: ;   {other}
  0x000001fb5611f804: 0f1f 8400 | f406 000c | 4889 8424 | c800 0000 | 488b 9424 | 9800 0000 | 9048 b840 | 5421 00fb 
  0x000001fb5611f824: ;   {virtual_call}
  0x000001fb5611f824: 0100 00e8 

  0x000001fb5611f828: ; ImmutableOopMap {[144]=Oop [160]=Oop [168]=Oop [200]=Oop }
                      ;*invokevirtual getCodeSigners {reexecute=0 rethrow=0 return_oop=0}
                      ; - jdk.internal.loader.BuiltinClassLoader::defineClass@90 (line 860)
  0x000001fb5611f828: 7457 0000 

  0x000001fb5611f82c: ;   {other}
  0x000001fb5611f82c: 0f1f 8400 | 1c07 000d 

  0x000001fb5611f834: ;   {metadata('java/security/CodeSource')}
  0x000001fb5611f834: 4c8b c848 | bac0 5c00 | 00fb 0100 | 0049 8b87 | b801 0000 | 488d 7828 | 493b bfc8 | 0100 000f 
  0x000001fb5611f854: 87bc 0100 | 0049 89bf | b801 0000 | 48c7 0001 | 0000 0048 | 8bca 49ba | 0000 0000 | fb01 0000 
  0x000001fb5611f874: 492b ca89 | 4808 4833 | c989 480c | 4833 c948 | 8948 1048 | 8948 1848 | 8948 204c | 8b84 24a8 
  0x000001fb5611f894: 0000 0048 | 8bd0 4889 | 8424 d000 | 0000 0f1f 

  0x000001fb5611f8a4: ;   {optimized virtual_call}
  0x000001fb5611f8a4: 4400 00e8 

  0x000001fb5611f8a8: ; ImmutableOopMap {[144]=Oop [160]=Oop [200]=Oop [208]=Oop }
                      ;*invokespecial <init> {reexecute=0 rethrow=0 return_oop=0}
                      ; - jdk.internal.loader.BuiltinClassLoader::defineClass@102 (line 861)
  0x000001fb5611f8a8: 54db ffff 

  0x000001fb5611f8ac: ;   {other}
  0x000001fb5611f8ac: 0f1f 8400 | 9c07 000e | 488b 8424 | c800 0000 

  0x000001fb5611f8bc: ; implicit exception: dispatches to 0x000001fb5611fa22
  0x000001fb5611f8bc: 8b70 0c4c | 8b84 24d0 | 0000 0048 | 8b94 24a0 | 0000 0089 | b424 d800 

  0x000001fb5611f8d4: ;   {optimized virtual_call}
  0x000001fb5611f8d4: 0000 90e8 

  0x000001fb5611f8d8: ; ImmutableOopMap {[144]=Oop [160]=Oop [200]=Oop }
                      ;*invokevirtual getProtectionDomain {reexecute=0 rethrow=0 return_oop=0}
                      ; - java.security.SecureClassLoader::defineClass@9 (line 150)
                      ; - jdk.internal.loader.BuiltinClassLoader::defineClass@117 (line 862)
  0x000001fb5611f8d8: 04a6 ffff 

  0x000001fb5611f8dc: ;   {other}
  0x000001fb5611f8dc: 0f1f 8400 | cc07 000f | 4c8b 8424 | 9000 0000 | 4c8b 8c24 | c800 0000 | bf00 0000 | 008b b424 
  0x000001fb5611f8fc: d800 0000 | 488b c848 | 8b94 24a0 | 0000 000f 

  0x000001fb5611f90c: ;   {optimized virtual_call}
  0x000001fb5611f90c: 1f40 00e8 

  0x000001fb5611f910: ; ImmutableOopMap {}
                      ;*invokevirtual defineClass {reexecute=0 rethrow=0 return_oop=0}
                      ; - java.security.SecureClassLoader::defineClass@12 (line 150)
                      ; - jdk.internal.loader.BuiltinClassLoader::defineClass@117 (line 862)
  0x000001fb5611f910: ecf0 ffff 

  0x000001fb5611f914: ;   {other}
  0x000001fb5611f914: 0f1f 8400 | 0408 0010 | 4881 c400 | 0100 005d 

  0x000001fb5611f924: ;   {poll_return}
  0x000001fb5611f924: 493b a748 | 0400 000f | 87f6 0000 | 00c3 498b | 87f8 0400 | 004d 33d2 | 4d89 97f8 | 0400 004d 
  0x000001fb5611f944: 33d2 4d89 | 9700 0500 | 0048 8bf0 | 488d 8424 | e000 0000 | 488b 3848 | 85ff 0f84 | 0f00 0000 
  0x000001fb5611f964: 488b 5808 | f048 0fb1 | 3b0f 85ca | 0000 0049 | ff8f 4805 | 0000 488b | c6e9 ee00 

  0x000001fb5611f980: ;   {runtime_call throw_null_pointer_exception Runtime1 stub}
  0x000001fb5611f980: 0000 e8f9 

  0x000001fb5611f984: ; ImmutableOopMap {rax=Oop r8=Oop [144]=Oop [152]=Oop [160]=Oop [168]=Oop }
                      ;*invokevirtual lastIndexOf {reexecute=0 rethrow=0 return_oop=0}
                      ; - jdk.internal.loader.BuiltinClassLoader::defineClass@8 (line 845)
                      ;   {runtime_call throw_null_pointer_exception Runtime1 stub}
  0x000001fb5611f984: 44d1 ffe8 

  0x000001fb5611f988: ; ImmutableOopMap {rax=Oop r8=Oop rsi=Oop [144]=Oop [152]=Oop [160]=Oop [168]=Oop }
                      ;*arraylength {reexecute=0 rethrow=0 return_oop=0}
                      ; - java.lang.String::length@4 (line 1519)
                      ; - java.lang.String::lastIndexOf@3 (line 2535)
                      ; - jdk.internal.loader.BuiltinClassLoader::defineClass@8 (line 845)
  0x000001fb5611f988: f444 d1ff | 4c89 4c24 | 0848 8914 

  0x000001fb5611f994: ;   {runtime_call monitorenter_nofpu Runtime1 stub}
  0x000001fb5611f994: 24e8 e674 

  0x000001fb5611f998: ; ImmutableOopMap {r9=Oop [144]=Oop [152]=Oop [160]=Oop [168]=Oop [232]=Oop }
                      ;*synchronization entry
                      ; - jdk.internal.loader.Resource::cachedInputStream@-1 (line 76)
                      ; - jdk.internal.loader.Resource::getByteBuffer@1 (line 163)
                      ; - jdk.internal.loader.BuiltinClassLoader::defineClass@45 (line 853)
  0x000001fb5611f998: d1ff e9d7 | fbff ff41 | 8b51 0c48 | 83fa 000f | 840c fcff | ff48 8914 

  0x000001fb5611f9b0: ;   {runtime_call g1_pre_barrier_slow}
  0x000001fb5611f9b0: 24e8 ca9b | d1ff e9fe | fbff ff48 | 83f8 000f | 840f fcff | ff4c 890c 

  0x000001fb5611f9c8: ;   {runtime_call g1_post_barrier_slow}
  0x000001fb5611f9c8: 24e8 b29e | d1ff e901 | fcff ff48 | 8d84 24e0 | 0000 0048 

  0x000001fb5611f9dc: ;   {runtime_call monitorexit_nofpu Runtime1 stub}
  0x000001fb5611f9dc: 8904 24e8 | 9c7a d1ff | e919 fcff | ff48 8914 

  0x000001fb5611f9ec: ;   {runtime_call throw_class_cast_exception Runtime1 stub}
  0x000001fb5611f9ec: 24e8 8e68 

  0x000001fb5611f9f0: ; ImmutableOopMap {[144]=Oop [152]=Oop [160]=Oop [168]=Oop }
                      ;*checkcast {reexecute=0 rethrow=0 return_oop=0}
                      ; - jdk.internal.loader.Resource::getByteBuffer@13 (line 165)
                      ; - jdk.internal.loader.BuiltinClassLoader::defineClass@45 (line 853)
  0x000001fb5611f9f0: d1ff 488b 

  0x000001fb5611f9f4: ;   {runtime_call fast_new_instance Runtime1 stub}
  0x000001fb5611f9f4: d2e8 864d 

  0x000001fb5611f9f8: ; ImmutableOopMap {r9=Oop [144]=Oop [160]=Oop [168]=Oop [184]=Oop }
                      ;*new {reexecute=0 rethrow=0 return_oop=0}
                      ; - jdk.internal.loader.BuiltinClassLoader::defineClass@61 (line 856)
  0x000001fb5611f9f8: d1ff e968 

  0x000001fb5611f9fc: ;   {internal_word}
  0x000001fb5611f9fc: fdff ff49 | badc f711 | 56fb 0100 | 004d 8997 | 6004 0000 

  0x000001fb5611fa10: ;   {runtime_call SafepointBlob}
  0x000001fb5611fa10: e9eb 5cc6 | ff48 8bd2 

  0x000001fb5611fa18: ;   {runtime_call fast_new_instance Runtime1 stub}
  0x000001fb5611fa18: e863 4dd1 

  0x000001fb5611fa1c: ; ImmutableOopMap {r9=Oop [144]=Oop [160]=Oop [168]=Oop [200]=Oop }
                      ;*new {reexecute=0 rethrow=0 return_oop=0}
                      ; - jdk.internal.loader.BuiltinClassLoader::defineClass@95 (line 861)
  0x000001fb5611fa1c: ffe9 6dfe 

  0x000001fb5611fa20: ;   {runtime_call throw_null_pointer_exception Runtime1 stub}
  0x000001fb5611fa20: ffff e859 

  0x000001fb5611fa24: ; ImmutableOopMap {rax=Oop [144]=Oop [160]=Oop [200]=Oop [208]=Oop }
                      ;*arraylength {reexecute=0 rethrow=0 return_oop=0}
                      ; - jdk.internal.loader.BuiltinClassLoader::defineClass@114 (line 862)
                      ;   {internal_word}
  0x000001fb5611fa24: 44d1 ff49 | ba24 f911 | 56fb 0100 | 004d 8997 | 6004 0000 

  0x000001fb5611fa38: ;   {runtime_call SafepointBlob}
  0x000001fb5611fa38: e9c3 5cc6 | ff48 8d84 | 24e0 0000 | 0048 8904 

  0x000001fb5611fa48: ;   {runtime_call monitorexit_nofpu Runtime1 stub}
  0x000001fb5611fa48: 24e8 327a | d1ff e927 | ffff ff49 | 8b87 f804 | 0000 49c7 | 87f8 0400 | 0000 0000 | 0049 c787 
  0x000001fb5611fa68: 0005 0000 | 0000 0000 | 4881 c400 | 0100 005d 

  0x000001fb5611fa78: ;   {runtime_call unwind_exception Runtime1 stub}
  0x000001fb5611fa78: e903 35d1 | fff4 f4f4 
[Stub Code]
  0x000001fb5611fa80: ;   {no_reloc}
  0x000001fb5611fa80: 0f1f 4400 

  0x000001fb5611fa84: ;   {static_stub}
  0x000001fb5611fa84: 0048 bb00 | 0000 0000 

  0x000001fb5611fa8c: ;   {runtime_call}
  0x000001fb5611fa8c: 0000 00e9 | fbff ffff 

  0x000001fb5611fa94: ;   {static_stub}
  0x000001fb5611fa94: 9048 bb00 | 0000 0000 

  0x000001fb5611fa9c: ;   {runtime_call}
  0x000001fb5611fa9c: 0000 00e9 | fbff ffff 

  0x000001fb5611faa4: ;   {static_stub}
  0x000001fb5611faa4: 9048 bb00 | 0000 0000 

  0x000001fb5611faac: ;   {runtime_call}
  0x000001fb5611faac: 0000 00e9 | fbff ffff 

  0x000001fb5611fab4: ;   {static_stub}
  0x000001fb5611fab4: 9048 bb00 | 0000 0000 

  0x000001fb5611fabc: ;   {runtime_call}
  0x000001fb5611fabc: 0000 00e9 | fbff ffff 

  0x000001fb5611fac4: ;   {static_stub}
  0x000001fb5611fac4: 9048 bb00 | 0000 0000 

  0x000001fb5611facc: ;   {runtime_call}
  0x000001fb5611facc: 0000 00e9 | fbff ffff 

  0x000001fb5611fad4: ;   {static_stub}
  0x000001fb5611fad4: 9048 bb00 | 0000 0000 

  0x000001fb5611fadc: ;   {runtime_call}
  0x000001fb5611fadc: 0000 00e9 | fbff ffff 

  0x000001fb5611fae4: ;   {static_stub}
  0x000001fb5611fae4: 9048 bb00 | 0000 0000 

  0x000001fb5611faec: ;   {runtime_call}
  0x000001fb5611faec: 0000 00e9 | fbff ffff 

  0x000001fb5611faf4: ;   {static_stub}
  0x000001fb5611faf4: 9048 bb00 | 0000 0000 

  0x000001fb5611fafc: ;   {runtime_call}
  0x000001fb5611fafc: 0000 00e9 | fbff ffff 

  0x000001fb5611fb04: ;   {static_stub}
  0x000001fb5611fb04: 48bb 0000 | 0000 0000 

  0x000001fb5611fb0c: ;   {runtime_call}
  0x000001fb5611fb0c: 0000 e9fb 

  0x000001fb5611fb10: ;   {static_stub}
  0x000001fb5611fb10: ffff ff48 | bb00 0000 | 0000 0000 

  0x000001fb5611fb1c: ;   {runtime_call}
  0x000001fb5611fb1c: 00e9 fbff 

  0x000001fb5611fb20: ;   {static_stub}
  0x000001fb5611fb20: ffff 48bb | 0000 0000 | 0000 0000 

  0x000001fb5611fb2c: ;   {runtime_call}
  0x000001fb5611fb2c: e9fb ffff 

  0x000001fb5611fb30: ;   {static_stub}
  0x000001fb5611fb30: ff48 bb00 | 0000 0000 

  0x000001fb5611fb38: ;   {runtime_call}
  0x000001fb5611fb38: 0000 00e9 | fbff ffff 

  0x000001fb5611fb40: ;   {static_stub}
  0x000001fb5611fb40: 48bb 0000 | 0000 0000 

  0x000001fb5611fb48: ;   {runtime_call}
  0x000001fb5611fb48: 0000 e9fb 

  0x000001fb5611fb4c: ;   {static_stub}
  0x000001fb5611fb4c: ffff ff48 | bb00 0000 | 0000 0000 

  0x000001fb5611fb58: ;   {runtime_call}
  0x000001fb5611fb58: 00e9 fbff 

  0x000001fb5611fb5c: ;   {static_stub}
  0x000001fb5611fb5c: ffff 48bb | 0000 0000 | 0000 0000 

  0x000001fb5611fb68: ;   {runtime_call}
  0x000001fb5611fb68: e9fb ffff 

  0x000001fb5611fb6c: ;   {runtime_call handle_exception_from_callee Runtime1 stub}
  0x000001fb5611fb6c: ffe8 0e61 

  0x000001fb5611fb70: ;   {external_word}
  0x000001fb5611fb70: d1ff 48b9 | a036 50e6 | fd7f 0000 | 4883 e4f0 

  0x000001fb5611fb80: ;   {runtime_call}
  0x000001fb5611fb80: 48b8 5024 | 18e6 fd7f | 0000 ffd0 

  0x000001fb5611fb8c: ;   {section_word}
  0x000001fb5611fb8c: f449 ba8d | fb11 56fb | 0100 0041 

  0x000001fb5611fb98: ;   {runtime_call DeoptimizationBlob}
  0x000001fb5611fb98: 52e9 024e | c6ff f4f4 
[/MachCode]


---------------  P R O C E S S  ---------------

Threads class SMR info:
_java_thread_list=0x000001fb618e4600, length=17, elements={
0x000001fb4b80e950, 0x000001fb5c33fae0, 0x000001fb5c3409a0, 0x000001fb5c343870,
0x000001fb5c3452d0, 0x000001fb5c345d20, 0x000001fb5c346770, 0x000001fb5c3471c0,
0x000001fb5c32cf90, 0x000001fb5c5b75c0, 0x000001fb6110d0f0, 0x000001fb6110d750,
0x000001fb6129e730, 0x000001fb61338bd0, 0x000001fb613344d0, 0x000001fb61337f50,
0x000001fb617d2740
}

Java Threads: ( => current thread )
  0x000001fb4b80e950 JavaThread "main"                              [_thread_in_vm, id=12224, stack(0x000000bc3ff00000,0x000000bc40000000) (1024K)]
  0x000001fb5c33fae0 JavaThread "Reference Handler"          daemon [_thread_blocked, id=12600, stack(0x000000bc40700000,0x000000bc40800000) (1024K)]
  0x000001fb5c3409a0 JavaThread "Finalizer"                  daemon [_thread_blocked, id=14392, stack(0x000000bc40800000,0x000000bc40900000) (1024K)]
  0x000001fb5c343870 JavaThread "Signal Dispatcher"          daemon [_thread_blocked, id=9332, stack(0x000000bc40900000,0x000000bc40a00000) (1024K)]
  0x000001fb5c3452d0 JavaThread "Attach Listener"            daemon [_thread_blocked, id=10412, stack(0x000000bc40a00000,0x000000bc40b00000) (1024K)]
  0x000001fb5c345d20 JavaThread "Service Thread"             daemon [_thread_blocked, id=9016, stack(0x000000bc40b00000,0x000000bc40c00000) (1024K)]
  0x000001fb5c346770 JavaThread "Monitor Deflation Thread"   daemon [_thread_blocked, id=15180, stack(0x000000bc40c00000,0x000000bc40d00000) (1024K)]
  0x000001fb5c3471c0 JavaThread "C1 CompilerThread0"         daemon [_thread_blocked, id=15248, stack(0x000000bc40d00000,0x000000bc40e00000) (1024K)]
  0x000001fb5c32cf90 JavaThread "Common-Cleaner"             daemon [_thread_blocked, id=14988, stack(0x000000bc40e00000,0x000000bc40f00000) (1024K)]
  0x000001fb5c5b75c0 JavaThread "C1 CompilerThread1"         daemon [_thread_blocked, id=10960, stack(0x000000bc40f00000,0x000000bc41000000) (1024K)]
  0x000001fb6110d0f0 JavaThread "Monitor Ctrl-Break"         daemon [_thread_in_native, id=5956, stack(0x000000bc41000000,0x000000bc41100000) (1024K)]
  0x000001fb6110d750 JavaThread "Notification Thread"        daemon [_thread_blocked, id=10924, stack(0x000000bc41100000,0x000000bc41200000) (1024K)]
  0x000001fb6129e730 JavaThread "RMI TCP Accept-0"           daemon [_thread_in_native, id=13696, stack(0x000000bc41500000,0x000000bc41600000) (1024K)]
  0x000001fb61338bd0 JavaThread "RMI TCP Connection(1)-192.168.0.162" daemon [_thread_in_native, id=12068, stack(0x000000bc41600000,0x000000bc41700000) (1024K)]
  0x000001fb613344d0 JavaThread "RMI Scheduler(0)"           daemon [_thread_blocked, id=11292, stack(0x000000bc41700000,0x000000bc41800000) (1024K)]
  0x000001fb61337f50 JavaThread "JMX server connection timeout 28" daemon [_thread_blocked, id=14240, stack(0x000000bc41800000,0x000000bc41900000) (1024K)]
=>0x000001fb617d2740 JavaThread "background-preinit"                [_thread_in_vm, id=8604, stack(0x000000bc41900000,0x000000bc41a00000) (1024K)]
Total: 17

Other Threads:
  0x000001fb4d9697c0 VMThread "VM Thread"                           [id=1872, stack(0x000000bc40600000,0x000000bc40700000) (1024K)]
  0x000001fb5c32c0d0 WatcherThread "VM Periodic Task Thread"        [id=8984, stack(0x000000bc40500000,0x000000bc40600000) (1024K)]
  0x000001fb4d8e6300 WorkerThread "GC Thread#0"                     [id=14028, stack(0x000000bc40000000,0x000000bc40100000) (1024K)]
  0x000001fb611ffbf0 WorkerThread "GC Thread#1"                     [id=8424, stack(0x000000bc41200000,0x000000bc41300000) (1024K)]
  0x000001fb612184a0 WorkerThread "GC Thread#2"                     [id=13608, stack(0x000000bc41300000,0x000000bc41400000) (1024K)]
  0x000001fb61218840 WorkerThread "GC Thread#3"                     [id=12028, stack(0x000000bc41400000,0x000000bc41500000) (1024K)]
  0x000001fb4d8eee30 ConcurrentGCThread "G1 Main Marker"            [id=12932, stack(0x000000bc40100000,0x000000bc40200000) (1024K)]
  0x000001fb4d8ef740 WorkerThread "G1 Conc#0"                       [id=14220, stack(0x000000bc40200000,0x000000bc40300000) (1024K)]
  0x000001fb4d945c00 ConcurrentGCThread "G1 Refine#0"               [id=10868, stack(0x000000bc40300000,0x000000bc40400000) (1024K)]
  0x000001fb4d946730 ConcurrentGCThread "G1 Service"                [id=11104, stack(0x000000bc40400000,0x000000bc40500000) (1024K)]
Total: 10

Threads with active compile tasks:
Total: 0

VM state: not at safepoint (normal execution)

VM Mutex/Monitor currently owned by a thread:  ([mutex/lock_event])
[0x00007ffde6799e18] Metaspace_lock - owner thread: 0x000001fb617d2740
[0x00007ffde679ab98] MultiArray_lock - owner thread: 0x000001fb4b80e950

Heap address: 0x00000000c1600000, size: 1002 MB, Compressed Oops mode: 32-bit

CDS archive(s) mapped at: [0x000001fb00000000-0x000001fb00c90000-0x000001fb00c90000), size 13172736, SharedBaseAddress: 0x000001fb00000000, ArchiveRelocationMode: 1.
Compressed class space mapped at: 0x000001fb01000000-0x000001fb41000000, reserved size: 1073741824
Narrow klass base: 0x000001fb00000000, Narrow klass shift: 0, Narrow klass range: 0x100000000

GC Precious Log:
 CardTable entry size: 512
 Card Set container configuration: InlinePtr #cards 5 size 8 Array Of Cards #cards 12 size 40 Howl #buckets 4 coarsen threshold 1843 Howl Bitmap #cards 512 size 80 coarsen threshold 460 Card regions per heap region 1 cards per card region 2048
 CPUs: 4 total, 4 available
 Memory: 4007M
 Large Page Support: Disabled
 NUMA Support: Disabled
 Compressed Oops: Enabled (32-bit)
 Heap Region Size: 1M
 Heap Min Capacity: 8M
 Heap Initial Capacity: 64M
 Heap Max Capacity: 1002M
 Pre-touch: Disabled
 Parallel Workers: 4
 Concurrent Workers: 1
 Concurrent Refinement Workers: 4
 Periodic GC: Disabled

Heap:
 garbage-first heap   total 65536K, used 23227K [0x00000000c1600000, 0x0000000100000000)
  region size 1024K, 16 young (16384K), 3 survivors (3072K)
 Metaspace       used 15803K, committed 16128K, reserved 1114112K
  class space    used 2075K, committed 2240K, reserved 1048576K

Heap Regions: E=young(eden), S=young(survivor), O=old, HS=humongous(starts), HC=humongous(continues), CS=collection set, F=free, TAMS=top-at-mark-start, PB=parsable bottom
|   0|0x00000000c1600000, 0x00000000c1700000, 0x00000000c1700000|100%|HS|  |TAMS 0x00000000c1600000| PB 0x00000000c1600000| Complete 
|   1|0x00000000c1700000, 0x00000000c1800000, 0x00000000c1800000|100%|HS|  |TAMS 0x00000000c1700000| PB 0x00000000c1700000| Complete 
|   2|0x00000000c1800000, 0x00000000c1900000, 0x00000000c1900000|100%| O|  |TAMS 0x00000000c1800000| PB 0x00000000c1800000| Untracked 
|   3|0x00000000c1900000, 0x00000000c1a00000, 0x00000000c1a00000|100%| O|  |TAMS 0x00000000c1900000| PB 0x00000000c1900000| Untracked 
|   4|0x00000000c1a00000, 0x00000000c1b00000, 0x00000000c1b00000|100%| O|  |TAMS 0x00000000c1a00000| PB 0x00000000c1a00000| Untracked 
|   5|0x00000000c1b00000, 0x00000000c1c00000, 0x00000000c1c00000|100%| O|  |TAMS 0x00000000c1b00000| PB 0x00000000c1b00000| Untracked 
|   6|0x00000000c1c00000, 0x00000000c1d00000, 0x00000000c1d00000|100%| O|  |TAMS 0x00000000c1c00000| PB 0x00000000c1c00000| Untracked 
|   7|0x00000000c1d00000, 0x00000000c1e00000, 0x00000000c1e00000|100%| O|  |TAMS 0x00000000c1d00000| PB 0x00000000c1d00000| Untracked 
|   8|0x00000000c1e00000, 0x00000000c1eb6898, 0x00000000c1f00000| 71%| O|  |TAMS 0x00000000c1e00000| PB 0x00000000c1e00000| Untracked 
|   9|0x00000000c1f00000, 0x00000000c1f00000, 0x00000000c2000000|  0%| F|  |TAMS 0x00000000c1f00000| PB 0x00000000c1f00000| Untracked 
|  10|0x00000000c2000000, 0x00000000c2000000, 0x00000000c2100000|  0%| F|  |TAMS 0x00000000c2000000| PB 0x00000000c2000000| Untracked 
|  11|0x00000000c2100000, 0x00000000c2100000, 0x00000000c2200000|  0%| F|  |TAMS 0x00000000c2100000| PB 0x00000000c2100000| Untracked 
|  12|0x00000000c2200000, 0x00000000c2200000, 0x00000000c2300000|  0%| F|  |TAMS 0x00000000c2200000| PB 0x00000000c2200000| Untracked 
|  13|0x00000000c2300000, 0x00000000c2300000, 0x00000000c2400000|  0%| F|  |TAMS 0x00000000c2300000| PB 0x00000000c2300000| Untracked 
|  14|0x00000000c2400000, 0x00000000c2400000, 0x00000000c2500000|  0%| F|  |TAMS 0x00000000c2400000| PB 0x00000000c2400000| Untracked 
|  15|0x00000000c2500000, 0x00000000c2500000, 0x00000000c2600000|  0%| F|  |TAMS 0x00000000c2500000| PB 0x00000000c2500000| Untracked 
|  16|0x00000000c2600000, 0x00000000c2600000, 0x00000000c2700000|  0%| F|  |TAMS 0x00000000c2600000| PB 0x00000000c2600000| Untracked 
|  17|0x00000000c2700000, 0x00000000c2700000, 0x00000000c2800000|  0%| F|  |TAMS 0x00000000c2700000| PB 0x00000000c2700000| Untracked 
|  18|0x00000000c2800000, 0x00000000c2800000, 0x00000000c2900000|  0%| F|  |TAMS 0x00000000c2800000| PB 0x00000000c2800000| Untracked 
|  19|0x00000000c2900000, 0x00000000c2900000, 0x00000000c2a00000|  0%| F|  |TAMS 0x00000000c2900000| PB 0x00000000c2900000| Untracked 
|  20|0x00000000c2a00000, 0x00000000c2a00000, 0x00000000c2b00000|  0%| F|  |TAMS 0x00000000c2a00000| PB 0x00000000c2a00000| Untracked 
|  21|0x00000000c2b00000, 0x00000000c2b00000, 0x00000000c2c00000|  0%| F|  |TAMS 0x00000000c2b00000| PB 0x00000000c2b00000| Untracked 
|  22|0x00000000c2c00000, 0x00000000c2c00000, 0x00000000c2d00000|  0%| F|  |TAMS 0x00000000c2c00000| PB 0x00000000c2c00000| Untracked 
|  23|0x00000000c2d00000, 0x00000000c2d00000, 0x00000000c2e00000|  0%| F|  |TAMS 0x00000000c2d00000| PB 0x00000000c2d00000| Untracked 
|  24|0x00000000c2e00000, 0x00000000c2e00000, 0x00000000c2f00000|  0%| F|  |TAMS 0x00000000c2e00000| PB 0x00000000c2e00000| Untracked 
|  25|0x00000000c2f00000, 0x00000000c2f00000, 0x00000000c3000000|  0%| F|  |TAMS 0x00000000c2f00000| PB 0x00000000c2f00000| Untracked 
|  26|0x00000000c3000000, 0x00000000c3000000, 0x00000000c3100000|  0%| F|  |TAMS 0x00000000c3000000| PB 0x00000000c3000000| Untracked 
|  27|0x00000000c3100000, 0x00000000c3100000, 0x00000000c3200000|  0%| F|  |TAMS 0x00000000c3100000| PB 0x00000000c3100000| Untracked 
|  28|0x00000000c3200000, 0x00000000c3200000, 0x00000000c3300000|  0%| F|  |TAMS 0x00000000c3200000| PB 0x00000000c3200000| Untracked 
|  29|0x00000000c3300000, 0x00000000c3300000, 0x00000000c3400000|  0%| F|  |TAMS 0x00000000c3300000| PB 0x00000000c3300000| Untracked 
|  30|0x00000000c3400000, 0x00000000c3400000, 0x00000000c3500000|  0%| F|  |TAMS 0x00000000c3400000| PB 0x00000000c3400000| Untracked 
|  31|0x00000000c3500000, 0x00000000c3500000, 0x00000000c3600000|  0%| F|  |TAMS 0x00000000c3500000| PB 0x00000000c3500000| Untracked 
|  32|0x00000000c3600000, 0x00000000c3600000, 0x00000000c3700000|  0%| F|  |TAMS 0x00000000c3600000| PB 0x00000000c3600000| Untracked 
|  33|0x00000000c3700000, 0x00000000c3700000, 0x00000000c3800000|  0%| F|  |TAMS 0x00000000c3700000| PB 0x00000000c3700000| Untracked 
|  34|0x00000000c3800000, 0x00000000c38f8648, 0x00000000c3900000| 97%| S|CS|TAMS 0x00000000c3800000| PB 0x00000000c3800000| Complete 
|  35|0x00000000c3900000, 0x00000000c3a00000, 0x00000000c3a00000|100%| S|CS|TAMS 0x00000000c3900000| PB 0x00000000c3900000| Complete 
|  36|0x00000000c3a00000, 0x00000000c3b00000, 0x00000000c3b00000|100%| S|CS|TAMS 0x00000000c3a00000| PB 0x00000000c3a00000| Complete 
|  37|0x00000000c3b00000, 0x00000000c3b00000, 0x00000000c3c00000|  0%| F|  |TAMS 0x00000000c3b00000| PB 0x00000000c3b00000| Untracked 
|  38|0x00000000c3c00000, 0x00000000c3c00000, 0x00000000c3d00000|  0%| F|  |TAMS 0x00000000c3c00000| PB 0x00000000c3c00000| Untracked 
|  39|0x00000000c3d00000, 0x00000000c3d00000, 0x00000000c3e00000|  0%| F|  |TAMS 0x00000000c3d00000| PB 0x00000000c3d00000| Untracked 
|  40|0x00000000c3e00000, 0x00000000c3e00000, 0x00000000c3f00000|  0%| F|  |TAMS 0x00000000c3e00000| PB 0x00000000c3e00000| Untracked 
|  41|0x00000000c3f00000, 0x00000000c3f00000, 0x00000000c4000000|  0%| F|  |TAMS 0x00000000c3f00000| PB 0x00000000c3f00000| Untracked 
|  42|0x00000000c4000000, 0x00000000c4000000, 0x00000000c4100000|  0%| F|  |TAMS 0x00000000c4000000| PB 0x00000000c4000000| Untracked 
|  43|0x00000000c4100000, 0x00000000c4100000, 0x00000000c4200000|  0%| F|  |TAMS 0x00000000c4100000| PB 0x00000000c4100000| Untracked 
|  44|0x00000000c4200000, 0x00000000c4200000, 0x00000000c4300000|  0%| F|  |TAMS 0x00000000c4200000| PB 0x00000000c4200000| Untracked 
|  45|0x00000000c4300000, 0x00000000c4300000, 0x00000000c4400000|  0%| F|  |TAMS 0x00000000c4300000| PB 0x00000000c4300000| Untracked 
|  46|0x00000000c4400000, 0x00000000c4400000, 0x00000000c4500000|  0%| F|  |TAMS 0x00000000c4400000| PB 0x00000000c4400000| Untracked 
|  47|0x00000000c4500000, 0x00000000c4500000, 0x00000000c4600000|  0%| F|  |TAMS 0x00000000c4500000| PB 0x00000000c4500000| Untracked 
|  48|0x00000000c4600000, 0x00000000c4600000, 0x00000000c4700000|  0%| F|  |TAMS 0x00000000c4600000| PB 0x00000000c4600000| Untracked 
|  49|0x00000000c4700000, 0x00000000c4700000, 0x00000000c4800000|  0%| F|  |TAMS 0x00000000c4700000| PB 0x00000000c4700000| Untracked 
|  50|0x00000000c4800000, 0x00000000c4800000, 0x00000000c4900000|  0%| F|  |TAMS 0x00000000c4800000| PB 0x00000000c4800000| Untracked 
|  51|0x00000000c4900000, 0x00000000c493bbe8, 0x00000000c4a00000| 23%| E|  |TAMS 0x00000000c4900000| PB 0x00000000c4900000| Complete 
|  52|0x00000000c4a00000, 0x00000000c4b00000, 0x00000000c4b00000|100%| E|  |TAMS 0x00000000c4a00000| PB 0x00000000c4a00000| Complete 
|  53|0x00000000c4b00000, 0x00000000c4c00000, 0x00000000c4c00000|100%| E|CS|TAMS 0x00000000c4b00000| PB 0x00000000c4b00000| Complete 
|  54|0x00000000c4c00000, 0x00000000c4d00000, 0x00000000c4d00000|100%| E|CS|TAMS 0x00000000c4c00000| PB 0x00000000c4c00000| Complete 
|  55|0x00000000c4d00000, 0x00000000c4e00000, 0x00000000c4e00000|100%| E|CS|TAMS 0x00000000c4d00000| PB 0x00000000c4d00000| Complete 
|  56|0x00000000c4e00000, 0x00000000c4f00000, 0x00000000c4f00000|100%| E|CS|TAMS 0x00000000c4e00000| PB 0x00000000c4e00000| Complete 
|  57|0x00000000c4f00000, 0x00000000c5000000, 0x00000000c5000000|100%| E|CS|TAMS 0x00000000c4f00000| PB 0x00000000c4f00000| Complete 
|  58|0x00000000c5000000, 0x00000000c5100000, 0x00000000c5100000|100%| E|CS|TAMS 0x00000000c5000000| PB 0x00000000c5000000| Complete 
|  59|0x00000000c5100000, 0x00000000c5200000, 0x00000000c5200000|100%| E|CS|TAMS 0x00000000c5100000| PB 0x00000000c5100000| Complete 
|  60|0x00000000c5200000, 0x00000000c5300000, 0x00000000c5300000|100%| E|CS|TAMS 0x00000000c5200000| PB 0x00000000c5200000| Complete 
|  61|0x00000000c5300000, 0x00000000c5400000, 0x00000000c5400000|100%| E|CS|TAMS 0x00000000c5300000| PB 0x00000000c5300000| Complete 
|  62|0x00000000c5400000, 0x00000000c5500000, 0x00000000c5500000|100%| E|CS|TAMS 0x00000000c5400000| PB 0x00000000c5400000| Complete 
|  63|0x00000000c5500000, 0x00000000c5600000, 0x00000000c5600000|100%| E|CS|TAMS 0x00000000c5500000| PB 0x00000000c5500000| Complete 

Card table byte_map: [0x000001fb58d30000,0x000001fb58f30000] _byte_map_base: 0x000001fb58725000

Marking Bits: (CMBitMap*) 0x000001fb4d8e6810
 Bits: [0x000001fb58f30000, 0x000001fb59ed8000)

Polling page: 0x000001fb4d070000

Metaspace:

Usage:
  Non-class:     13.41 MB used.
      Class:      2.03 MB used.
       Both:     15.43 MB used.

Virtual space:
  Non-class space:       64.00 MB reserved,      13.56 MB ( 21%) committed,  1 nodes.
      Class space:        1.00 GB reserved,       2.19 MB ( <1%) committed,  1 nodes.
             Both:        1.06 GB reserved,      15.75 MB (  1%) committed. 

Chunk freelists:
   Non-Class:  2.42 MB
       Class:  13.69 MB
        Both:  16.11 MB

MaxMetaspaceSize: unlimited
CompressedClassSpaceSize: 1.00 GB
Initial GC threshold: 21.00 MB
Current GC threshold: 21.00 MB
CDS: on
 - commit_granule_bytes: 65536.
 - commit_granule_words: 8192.
 - virtual_space_node_default_size: 8388608.
 - enlarge_chunks_in_place: 1.
 - use_allocation_guard: 0.


Internal statistics:

num_allocs_failed_limit: 0.
num_arena_births: 466.
num_arena_deaths: 0.
num_vsnodes_births: 2.
num_vsnodes_deaths: 0.
num_space_committed: 252.
num_space_uncommitted: 0.
num_chunks_returned_to_freelist: 0.
num_chunks_taken_from_freelist: 957.
num_chunk_merges: 0.
num_chunk_splits: 606.
num_chunks_enlarged: 360.
num_inconsistent_stats: 0.

CodeCache: size=49152Kb used=5471Kb max_used=5471Kb free=43680Kb
 bounds [0x000001fb55d30000, 0x000001fb56290000, 0x000001fb58d30000]
 total_blobs=2989 nmethods=2477 adapters=435
 compilation: enabled
              stopped_count=0, restarted_count=0
 full_count=0

Compilation events (20 events):
Event: 9.918 Thread 0x000001fb5c3471c0 2471       1       java.util.Locale::hasExtensions (13 bytes)
Event: 9.918 Thread 0x000001fb5c3471c0 nmethod 2471 0x000001fb56282c90 code [0x000001fb56282e20, 0x000001fb56282ef8]
Event: 9.918 Thread 0x000001fb5c5b75c0 2472       1       java.util.Locale::stripExtensions (20 bytes)
Event: 9.918 Thread 0x000001fb5c5b75c0 nmethod 2472 0x000001fb56282f90 code [0x000001fb56283140, 0x000001fb56283278]
Event: 9.918 Thread 0x000001fb5c5b75c0 2473       1       java.lang.reflect.Constructor::getParameterCount (6 bytes)
Event: 9.919 Thread 0x000001fb5c5b75c0 nmethod 2473 0x000001fb56283310 code [0x000001fb562834a0, 0x000001fb56283570]
Event: 9.925 Thread 0x000001fb5c5b75c0 2474       1       java.lang.reflect.Constructor::getConstructorAccessor (5 bytes)
Event: 9.925 Thread 0x000001fb5c5b75c0 nmethod 2474 0x000001fb56283b10 code [0x000001fb56283ca0, 0x000001fb56283d68]
Event: 9.958 Thread 0x000001fb5c3471c0 2475       1       sun.reflect.annotation.AnnotationType::getInstance (65 bytes)
Event: 9.958 Thread 0x000001fb5c5b75c0 2476       1       java.lang.System$2::getAnnotationType (5 bytes)
Event: 9.958 Thread 0x000001fb5c5b75c0 nmethod 2476 0x000001fb56286410 code [0x000001fb562865a0, 0x000001fb56286670]
Event: 9.959 Thread 0x000001fb5c3471c0 nmethod 2475 0x000001fb56286710 code [0x000001fb562868c0, 0x000001fb56286b90]
Event: 9.959 Thread 0x000001fb5c3471c0 2477       1       sun.reflect.annotation.AnnotationType::retention (5 bytes)
Event: 9.959 Thread 0x000001fb5c3471c0 nmethod 2477 0x000001fb56286d10 code [0x000001fb56286ea0, 0x000001fb56286f68]
Event: 9.959 Thread 0x000001fb5c5b75c0 2479       1       java.util.LinkedHashMap::<init> (15 bytes)
Event: 9.959 Thread 0x000001fb5c3471c0 2478       1       java.lang.Class::annotationData (44 bytes)
Event: 9.959 Thread 0x000001fb5c5b75c0 nmethod 2479 0x000001fb56287010 code [0x000001fb562871a0, 0x000001fb56287278]
Event: 9.959 Thread 0x000001fb5c3471c0 nmethod 2478 0x000001fb56287310 code [0x000001fb562874c0, 0x000001fb56287680]
Event: 9.960 Thread 0x000001fb5c3471c0 2480       1       jdk.internal.loader.AbstractClassLoaderValue$Sub::equals (55 bytes)
Event: 9.961 Thread 0x000001fb5c3471c0 nmethod 2480 0x000001fb56287790 code [0x000001fb56287960, 0x000001fb56287bf0]

GC Heap History (6 events):
Event: 3.773 GC heap before
{Heap before GC invocations=0 (full 0):
 garbage-first heap   total 65536K, used 14336K [0x00000000c1600000, 0x0000000100000000)
  region size 1024K, 13 young (13312K), 0 survivors (0K)
 Metaspace       used 3580K, committed 3712K, reserved 1114112K
  class space    used 400K, committed 448K, reserved 1048576K
}
Event: 3.983 GC heap after
{Heap after GC invocations=1 (full 0):
 garbage-first heap   total 65536K, used 9216K [0x00000000c1600000, 0x0000000100000000)
  region size 1024K, 2 young (2048K), 2 survivors (2048K)
 Metaspace       used 3580K, committed 3712K, reserved 1114112K
  class space    used 400K, committed 448K, reserved 1048576K
}
Event: 5.568 GC heap before
{Heap before GC invocations=1 (full 0):
 garbage-first heap   total 65536K, used 18432K [0x00000000c1600000, 0x0000000100000000)
  region size 1024K, 11 young (11264K), 2 survivors (2048K)
 Metaspace       used 7172K, committed 7488K, reserved 1114112K
  class space    used 864K, committed 1024K, reserved 1048576K
}
Event: 5.576 GC heap after
{Heap after GC invocations=2 (full 0):
 garbage-first heap   total 65536K, used 10119K [0x00000000c1600000, 0x0000000100000000)
  region size 1024K, 2 young (2048K), 2 survivors (2048K)
 Metaspace       used 7172K, committed 7488K, reserved 1114112K
  class space    used 864K, committed 1024K, reserved 1048576K
}
Event: 9.236 GC heap before
{Heap before GC invocations=2 (full 0):
 garbage-first heap   total 65536K, used 34695K [0x00000000c1600000, 0x0000000100000000)
  region size 1024K, 27 young (27648K), 2 survivors (2048K)
 Metaspace       used 13151K, committed 13568K, reserved 1114112K
  class space    used 1764K, committed 1984K, reserved 1048576K
}
Event: 9.245 GC heap after
{Heap after GC invocations=3 (full 0):
 garbage-first heap   total 65536K, used 11963K [0x00000000c1600000, 0x0000000100000000)
  region size 1024K, 3 young (3072K), 3 survivors (3072K)
 Metaspace       used 13151K, committed 13568K, reserved 1114112K
  class space    used 1764K, committed 1984K, reserved 1048576K
}

Dll operation events (10 events):
Event: 0.212 Loaded shared library C:\Program Files\Java\jdk-21\bin\java.dll
Event: 1.934 Loaded shared library C:\Program Files\Java\jdk-21\bin\zip.dll
Event: 1.951 Loaded shared library C:\Program Files\Java\jdk-21\bin\instrument.dll
Event: 1.969 Loaded shared library C:\Program Files\Java\jdk-21\bin\net.dll
Event: 1.993 Loaded shared library C:\Program Files\Java\jdk-21\bin\nio.dll
Event: 2.095 Loaded shared library C:\Program Files\Java\jdk-21\bin\zip.dll
Event: 2.601 Loaded shared library C:\Program Files\Java\jdk-21\bin\jimage.dll
Event: 3.150 Loaded shared library C:\Program Files\Java\jdk-21\bin\management.dll
Event: 3.221 Loaded shared library C:\Program Files\Java\jdk-21\bin\management_ext.dll
Event: 3.225 Loaded shared library C:\Program Files\Java\jdk-21\bin\extnet.dll

Deoptimization events (0 events):
No events

Classes loaded (20 events):
Event: 9.677 Loading class java/util/concurrent/ConcurrentLinkedQueue
Event: 9.681 Loading class java/util/concurrent/ConcurrentLinkedQueue done
Event: 9.682 Loading class java/util/concurrent/ConcurrentLinkedQueue$Node
Event: 9.682 Loading class java/util/concurrent/ConcurrentLinkedQueue$Node done
Event: 9.688 Loading class java/util/concurrent/atomic/AtomicLongArray
Event: 9.695 Loading class java/util/concurrent/atomic/AtomicLongArray done
Event: 9.695 Loading class java/lang/invoke/VarHandleLongs$Array
Event: 9.698 Loading class java/lang/annotation/Repeatable
Event: 9.714 Loading class java/lang/annotation/Repeatable done
Event: 9.714 Loading class java/lang/invoke/VarHandleLongs$Array done
Event: 9.714 Loading class java/util/concurrent/atomic/AtomicReferenceArray
Event: 9.719 Loading class java/util/concurrent/atomic/AtomicReferenceArray done
Event: 9.719 Loading class java/lang/invoke/VarHandleReferences$Array
Event: 9.723 Loading class java/lang/invoke/VarHandleReferences$Array done
Event: 9.925 Loading class sun/text/resources/cldr/FormatData_en
Event: 9.927 Loading class sun/text/resources/cldr/FormatData_en done
Event: 9.927 Loading class sun/text/resources/cldr/FormatData_en_US
Event: 9.927 Loading class sun/text/resources/cldr/FormatData_en_US done
Event: 9.961 Loading class java/io/CharArrayReader
Event: 9.961 Loading class java/io/CharArrayReader done

Classes unloaded (0 events):
No events

Classes redefined (0 events):
No events

Internal exceptions (20 events):
Event: 7.339 Thread 0x000001fb4b80e950 Exception <a 'java/lang/NoSuchMethodError'{0x00000000c48c8758}: 'java.lang.Object java.lang.invoke.DirectMethodHandle$Holder.invokeSpecial(java.lang.Object, java.lang.Object, java.lang.Object, java.lang.Object, java.lang.Object, java.lang.Object, java.lang.Object, int)'> (0x00000000c48c8758) 
thrown [s\open\src\hotspot\share\interpreter\linkResolver.cpp, line 773]
Event: 7.478 Thread 0x000001fb4b80e950 Exception <a 'java/lang/NoSuchMethodError'{0x00000000c47fca68}: 'void java.lang.invoke.DirectMethodHandle$Holder.invokeSpecial(java.lang.Object, java.lang.Object, java.lang.Object, java.lang.Object, java.lang.Object)'> (0x00000000c47fca68) 
thrown [s\open\src\hotspot\share\interpreter\linkResolver.cpp, line 773]
Event: 7.686 Thread 0x000001fb4b80e950 Exception <a 'java/lang/NoSuchMethodError'{0x00000000c4642668}: 'int java.lang.invoke.DirectMethodHandle$Holder.invokeVirtual(java.lang.Object, java.lang.Object)'> (0x00000000c4642668) 
thrown [s\open\src\hotspot\share\interpreter\linkResolver.cpp, line 773]
Event: 7.755 Thread 0x000001fb4b80e950 Exception <a 'java/lang/NoSuchMethodError'{0x00000000c46de210}: 'java.lang.Object java.lang.invoke.DirectMethodHandle$Holder.invokeSpecial(java.lang.Object, java.lang.Object, java.lang.Object, int, java.lang.Object)'> (0x00000000c46de210) 
thrown [s\open\src\hotspot\share\interpreter\linkResolver.cpp, line 773]
Event: 7.758 Thread 0x000001fb4b80e950 Exception <a 'java/lang/NoSuchMethodError'{0x00000000c46e5a60}: 'java.lang.Object java.lang.invoke.DirectMethodHandle$Holder.newInvokeSpecial(java.lang.Object, java.lang.Object, java.lang.Object, int, java.lang.Object)'> (0x00000000c46e5a60) 
thrown [s\open\src\hotspot\share\interpreter\linkResolver.cpp, line 773]
Event: 7.760 Thread 0x000001fb4b80e950 Exception <a 'java/lang/NoSuchMethodError'{0x00000000c46ecf38}: 'java.lang.Object java.lang.invoke.Invokers$Holder.linkToTargetMethod(java.lang.Object, java.lang.Object, int, java.lang.Object, java.lang.Object)'> (0x00000000c46ecf38) 
thrown [s\open\src\hotspot\share\interpreter\linkResolver.cpp, line 773]
Event: 7.763 Thread 0x000001fb4b80e950 Exception <a 'java/lang/NoSuchMethodError'{0x00000000c46fa2d8}: 'java.lang.Object java.lang.invoke.DirectMethodHandle$Holder.newInvokeSpecial(java.lang.Object, int, java.lang.Object)'> (0x00000000c46fa2d8) 
thrown [s\open\src\hotspot\share\interpreter\linkResolver.cpp, line 773]
Event: 7.764 Thread 0x000001fb4b80e950 Exception <a 'java/lang/NoSuchMethodError'{0x00000000c46fe3d8}: 'int java.lang.invoke.DirectMethodHandle$Holder.invokeSpecialIFC(java.lang.Object, java.lang.Object, java.lang.Object, java.lang.Object)'> (0x00000000c46fe3d8) 
thrown [s\open\src\hotspot\share\interpreter\linkResolver.cpp, line 773]
Event: 7.816 Thread 0x000001fb4b80e950 Exception <a 'java/lang/NoSuchMethodError'{0x00000000c45d2d68}: 'void java.lang.invoke.DirectMethodHandle$Holder.invokeInterface(java.lang.Object, java.lang.Object, java.lang.Object)'> (0x00000000c45d2d68) 
thrown [s\open\src\hotspot\share\interpreter\linkResolver.cpp, line 773]
Event: 7.872 Thread 0x000001fb4b80e950 Exception <a 'java/lang/NoSuchMethodError'{0x00000000c4457da0}: 'java.lang.Object java.lang.invoke.DirectMethodHandle$Holder.invokeVirtual(java.lang.Object, java.lang.Object, java.lang.Object)'> (0x00000000c4457da0) 
thrown [s\open\src\hotspot\share\interpreter\linkResolver.cpp, line 773]
Event: 7.987 Thread 0x000001fb4b80e950 Exception <a 'java/lang/NoSuchMethodError'{0x00000000c4358f68}: 'void java.lang.invoke.DirectMethodHandle$Holder.invokeStatic(java.lang.Object, java.lang.Object, int)'> (0x00000000c4358f68) 
thrown [s\open\src\hotspot\share\interpreter\linkResolver.cpp, line 773]
Event: 7.999 Thread 0x000001fb61338bd0 Exception <a 'java/lang/NoSuchMethodError'{0x00000000c435e890}: 'long java.lang.invoke.DirectMethodHandle$Holder.invokeVirtual(java.lang.Object, java.lang.Object)'> (0x00000000c435e890) 
thrown [s\open\src\hotspot\share\interpreter\linkResolver.cpp, line 773]
Event: 8.000 Thread 0x000001fb61338bd0 Exception <a 'java/lang/NoSuchMethodError'{0x00000000c437d5d0}: 'long java.lang.invoke.DelegatingMethodHandle$Holder.reinvoke_L(java.lang.Object, java.lang.Object)'> (0x00000000c437d5d0) 
thrown [s\open\src\hotspot\share\interpreter\linkResolver.cpp, line 773]
Event: 8.056 Thread 0x000001fb4b80e950 Exception <a 'java/lang/NoSuchMethodError'{0x00000000c436fcf8}: 'void java.lang.invoke.DirectMethodHandle$Holder.invokeStaticInit(java.lang.Object, java.lang.Object, java.lang.Object)'> (0x00000000c436fcf8) 
thrown [s\open\src\hotspot\share\interpreter\linkResolver.cpp, line 773]
Event: 8.236 Thread 0x000001fb4b80e950 Exception <a 'java/lang/NoSuchMethodError'{0x00000000c4262ea8}: 'void java.lang.invoke.DirectMethodHandle$Holder.invokeVirtual(java.lang.Object, java.lang.Object, java.lang.Object, java.lang.Object)'> (0x00000000c4262ea8) 
thrown [s\open\src\hotspot\share\interpreter\linkResolver.cpp, line 773]
Event: 8.538 Thread 0x000001fb4b80e950 Exception <a 'java/lang/NoSuchMethodError'{0x00000000c3f81648}: 'java.lang.reflect.Field[] java.lang.Class.getDeclaredFields(java.lang.Class)'> (0x00000000c3f81648) 
thrown [s\open\src\hotspot\share\interpreter\linkResolver.cpp, line 773]
Event: 8.539 Thread 0x000001fb4b80e950 Exception <a 'java/lang/NoSuchMethodError'{0x00000000c3f85f18}: 'java.lang.Object java.lang.invoke.DirectMethodHandle$Holder.invokeStatic(java.lang.Object, java.lang.Object, int)'> (0x00000000c3f85f18) 
thrown [s\open\src\hotspot\share\interpreter\linkResolver.cpp, line 773]
Event: 8.541 Thread 0x000001fb4b80e950 Exception <a 'java/lang/NoSuchMethodError'{0x00000000c3f90e18}: 'void java.lang.invoke.DelegatingMethodHandle$Holder.delegate(java.lang.Object, java.lang.Object, int, java.lang.Object)'> (0x00000000c3f90e18) 
thrown [s\open\src\hotspot\share\interpreter\linkResolver.cpp, line 773]
Event: 8.575 Thread 0x000001fb4b80e950 Exception <a 'java/lang/IncompatibleClassChangeError'{0x00000000c3ee3fd0}: Found class java.lang.Object, but interface was expected> (0x00000000c3ee3fd0) 
thrown [s\open\src\hotspot\share\interpreter\linkResolver.cpp, line 840]
Event: 9.503 Thread 0x000001fb4b80e950 Exception <a 'java/lang/NoSuchMethodError'{0x00000000c5043a90}: 'java.lang.Object java.lang.invoke.DirectMethodHandle$Holder.invokeStatic(java.lang.Object, int, java.lang.Object)'> (0x00000000c5043a90) 
thrown [s\open\src\hotspot\share\interpreter\linkResolver.cpp, line 773]

ZGC Phase Switch (0 events):
No events

VM Operations (20 events):
Event: 5.132 Executing VM operation: HandshakeAllThreads (Deoptimize)
Event: 5.132 Executing VM operation: HandshakeAllThreads (Deoptimize) done
Event: 5.132 Executing VM operation: Cleanup
Event: 5.148 Executing VM operation: Cleanup done
Event: 5.568 Executing VM operation: G1CollectForAllocation (G1 Evacuation Pause)
Event: 5.576 Executing VM operation: G1CollectForAllocation (G1 Evacuation Pause) done
Event: 6.583 Executing VM operation: Cleanup
Event: 6.583 Executing VM operation: Cleanup done
Event: 6.741 Executing VM operation: HandshakeAllThreads (Deoptimize)
Event: 6.741 Executing VM operation: HandshakeAllThreads (Deoptimize) done
Event: 7.756 Executing VM operation: Cleanup
Event: 7.757 Executing VM operation: Cleanup done
Event: 8.506 Executing VM operation: HandshakeAllThreads (Deoptimize)
Event: 8.506 Executing VM operation: HandshakeAllThreads (Deoptimize) done
Event: 8.516 Executing VM operation: HandshakeAllThreads (Deoptimize)
Event: 8.516 Executing VM operation: HandshakeAllThreads (Deoptimize) done
Event: 9.236 Executing VM operation: G1CollectForAllocation (G1 Evacuation Pause)
Event: 9.245 Executing VM operation: G1CollectForAllocation (G1 Evacuation Pause) done
Event: 9.962 Executing VM operation: HandshakeAllThreads (Deoptimize)
Event: 9.962 Executing VM operation: HandshakeAllThreads (Deoptimize) done

Events (17 events):
Event: 0.416 Thread 0x000001fb4b80e950 Thread added: 0x000001fb4b80e950
Event: 1.028 Thread 0x000001fb5c33fae0 Thread added: 0x000001fb5c33fae0
Event: 1.029 Thread 0x000001fb5c3409a0 Thread added: 0x000001fb5c3409a0
Event: 1.030 Thread 0x000001fb5c343870 Thread added: 0x000001fb5c343870
Event: 1.031 Thread 0x000001fb5c3452d0 Thread added: 0x000001fb5c3452d0
Event: 1.031 Thread 0x000001fb5c345d20 Thread added: 0x000001fb5c345d20
Event: 1.031 Thread 0x000001fb5c346770 Thread added: 0x000001fb5c346770
Event: 1.031 Thread 0x000001fb5c3471c0 Thread added: 0x000001fb5c3471c0
Event: 1.836 Thread 0x000001fb5c32cf90 Thread added: 0x000001fb5c32cf90
Event: 2.255 Thread 0x000001fb5c5b75c0 Thread added: 0x000001fb5c5b75c0
Event: 3.125 Thread 0x000001fb6110d0f0 Thread added: 0x000001fb6110d0f0
Event: 3.126 Thread 0x000001fb6110d750 Thread added: 0x000001fb6110d750
Event: 4.352 Thread 0x000001fb6129e730 Thread added: 0x000001fb6129e730
Event: 4.832 Thread 0x000001fb61338bd0 Thread added: 0x000001fb61338bd0
Event: 4.945 Thread 0x000001fb613344d0 Thread added: 0x000001fb613344d0
Event: 5.120 Thread 0x000001fb61337f50 Thread added: 0x000001fb61337f50
Event: 8.532 Thread 0x000001fb617d2740 Thread added: 0x000001fb617d2740


Dynamic libraries:
0x00007ff70dc10000 - 0x00007ff70dc20000 	C:\Program Files\Java\jdk-21\bin\java.exe
0x00007ffdfe0b0000 - 0x00007ffdfe2a8000 	C:\Windows\SYSTEM32\ntdll.dll
0x00007ffdfc910000 - 0x00007ffdfc9d2000 	C:\Windows\System32\KERNEL32.DLL
0x00007ffdfba90000 - 0x00007ffdfbd86000 	C:\Windows\System32\KERNELBASE.dll
0x00007ffdfbe70000 - 0x00007ffdfbf70000 	C:\Windows\System32\ucrtbase.dll
0x00007ffde6920000 - 0x00007ffde693b000 	C:\Program Files\Java\jdk-21\bin\VCRUNTIME140.dll
0x00007ffde6940000 - 0x00007ffde6959000 	C:\Program Files\Java\jdk-21\bin\jli.dll
0x00007ffdfc700000 - 0x00007ffdfc7af000 	C:\Windows\System32\ADVAPI32.dll
0x00007ffdfd390000 - 0x00007ffdfd42e000 	C:\Windows\System32\msvcrt.dll
0x00007ffdfc7b0000 - 0x00007ffdfc84f000 	C:\Windows\System32\sechost.dll
0x00007ffdfdc90000 - 0x00007ffdfddb3000 	C:\Windows\System32\RPCRT4.dll
0x00007ffdfb9b0000 - 0x00007ffdfb9d7000 	C:\Windows\System32\bcrypt.dll
0x00007ffdfc0d0000 - 0x00007ffdfc26d000 	C:\Windows\System32\USER32.dll
0x00007ffdfba60000 - 0x00007ffdfba82000 	C:\Windows\System32\win32u.dll
0x00007ffdec610000 - 0x00007ffdec8aa000 	C:\Windows\WinSxS\amd64_microsoft.windows.common-controls_6595b64144ccf1df_6.0.19041.4355_none_60b8b9eb71f62e16\COMCTL32.dll
0x00007ffdfc870000 - 0x00007ffdfc89b000 	C:\Windows\System32\GDI32.dll
0x00007ffdfb7f0000 - 0x00007ffdfb90a000 	C:\Windows\System32\gdi32full.dll
0x00007ffdfb910000 - 0x00007ffdfb9ad000 	C:\Windows\System32\msvcp_win.dll
0x00007ffdef1e0000 - 0x00007ffdef1ea000 	C:\Windows\SYSTEM32\VERSION.dll
0x00007ffdfc9e0000 - 0x00007ffdfca0f000 	C:\Windows\System32\IMM32.DLL
0x00007ffde6910000 - 0x00007ffde691c000 	C:\Program Files\Java\jdk-21\bin\vcruntime140_1.dll
0x00007ffde6880000 - 0x00007ffde690e000 	C:\Program Files\Java\jdk-21\bin\msvcp140.dll
0x00007ffde5b60000 - 0x00007ffde6878000 	C:\Program Files\Java\jdk-21\bin\server\jvm.dll
0x00007ffdfc8a0000 - 0x00007ffdfc90b000 	C:\Windows\System32\WS2_32.dll
0x00007ffdfb5a0000 - 0x00007ffdfb5eb000 	C:\Windows\SYSTEM32\POWRPROF.dll
0x00007ffdec8b0000 - 0x00007ffdec8d7000 	C:\Windows\SYSTEM32\WINMM.dll
0x00007ffdfb580000 - 0x00007ffdfb592000 	C:\Windows\SYSTEM32\UMPDC.dll
0x00007ffdf9580000 - 0x00007ffdf9592000 	C:\Windows\SYSTEM32\kernel.appcore.dll
0x00007ffde5460000 - 0x00007ffde546a000 	C:\Program Files\Java\jdk-21\bin\jimage.dll
0x00007ffdeccc0000 - 0x00007ffdecea4000 	C:\Windows\SYSTEM32\DBGHELP.DLL
0x00007ffdeacc0000 - 0x00007ffdeacf4000 	C:\Windows\SYSTEM32\dbgcore.DLL
0x00007ffdfbd90000 - 0x00007ffdfbe12000 	C:\Windows\System32\bcryptPrimitives.dll
0x00007ffdf6260000 - 0x00007ffdf626f000 	C:\Program Files\Java\jdk-21\bin\instrument.dll
0x00007ffde4a00000 - 0x00007ffde4a1f000 	C:\Program Files\Java\jdk-21\bin\java.dll
0x00007ffdfcaf0000 - 0x00007ffdfd25f000 	C:\Windows\System32\SHELL32.dll
0x00007ffdf9780000 - 0x00007ffdf9f23000 	C:\Windows\SYSTEM32\windows.storage.dll
0x00007ffdfd870000 - 0x00007ffdfdbc5000 	C:\Windows\System32\combase.dll
0x00007ffdfb0a0000 - 0x00007ffdfb0cb000 	C:\Windows\SYSTEM32\Wldp.dll
0x00007ffdfdf00000 - 0x00007ffdfdfcd000 	C:\Windows\System32\OLEAUT32.dll
0x00007ffdfdbe0000 - 0x00007ffdfdc8d000 	C:\Windows\System32\SHCORE.dll
0x00007ffdfd660000 - 0x00007ffdfd6b5000 	C:\Windows\System32\shlwapi.dll
0x00007ffdfb670000 - 0x00007ffdfb695000 	C:\Windows\SYSTEM32\profapi.dll
0x00007ffde48d0000 - 0x00007ffde48e8000 	C:\Program Files\Java\jdk-21\bin\zip.dll
0x00007ffde4a60000 - 0x00007ffde4a70000 	C:\Program Files\Java\jdk-21\bin\net.dll
0x00007ffdf3980000 - 0x00007ffdf3a8a000 	C:\Windows\SYSTEM32\WINHTTP.dll
0x00007ffdfae00000 - 0x00007ffdfae6c000 	C:\Windows\system32\mswsock.dll
0x00007ffde48f0000 - 0x00007ffde4906000 	C:\Program Files\Java\jdk-21\bin\nio.dll
0x00007ffdfab00000 - 0x00007ffdfabca000 	C:\Windows\SYSTEM32\DNSAPI.dll
0x00007ffdfaac0000 - 0x00007ffdfaafb000 	C:\Windows\SYSTEM32\IPHLPAPI.DLL
0x00007ffdfc270000 - 0x00007ffdfc278000 	C:\Windows\System32\NSI.dll
0x00007ffdf2440000 - 0x00007ffdf244a000 	C:\Windows\System32\rasadhlp.dll
0x00007ffdefaa0000 - 0x00007ffdefb20000 	C:\Windows\System32\fwpuclnt.dll
0x00007ffdf6620000 - 0x00007ffdf662a000 	C:\Program Files\Java\jdk-21\bin\management.dll
0x00007ffdf5890000 - 0x00007ffdf589b000 	C:\Program Files\Java\jdk-21\bin\management_ext.dll
0x00007ffdfdfd0000 - 0x00007ffdfdfd8000 	C:\Windows\System32\PSAPI.DLL
0x00007ffde83d0000 - 0x00007ffde83d9000 	C:\Program Files\Java\jdk-21\bin\extnet.dll
0x00007ffdfb000000 - 0x00007ffdfb018000 	C:\Windows\SYSTEM32\CRYPTSP.dll
0x00007ffdfa6e0000 - 0x00007ffdfa718000 	C:\Windows\system32\rsaenh.dll
0x00007ffdfb630000 - 0x00007ffdfb65e000 	C:\Windows\SYSTEM32\USERENV.dll
0x00007ffdfaff0000 - 0x00007ffdfaffc000 	C:\Windows\SYSTEM32\CRYPTBASE.dll
0x00007ffde7b70000 - 0x00007ffde7b87000 	C:\Windows\system32\napinsp.dll
0x00007ffde7b50000 - 0x00007ffde7b6b000 	C:\Windows\system32\pnrpnsp.dll
0x00007ffde7af0000 - 0x00007ffde7b05000 	C:\Windows\system32\wshbth.dll
0x00007ffdf69a0000 - 0x00007ffdf69bd000 	C:\Windows\system32\NLAapi.dll
0x00007ffde7ad0000 - 0x00007ffde7ae2000 	C:\Windows\System32\winrnr.dll

dbghelp: loaded successfully - version: 4.0.5 - missing functions: none
symbol engine: initialized successfully - sym options: 0x614 - pdb path: .;C:\Program Files\Java\jdk-21\bin;C:\Windows\SYSTEM32;C:\Windows\WinSxS\amd64_microsoft.windows.common-controls_6595b64144ccf1df_6.0.19041.4355_none_60b8b9eb71f62e16;C:\Program Files\Java\jdk-21\bin\server

VM Arguments:
jvm_args: -XX:TieredStopAtLevel=1 -Dspring.output.ansi.enabled=always -Dcom.sun.management.jmxremote -Dspring.jmx.enabled=true -Dspring.liveBeansView.mbeanDomain -Dspring.application.admin.enabled=true -Dmanagement.endpoints.jmx.exposure.include=* -javaagent:C:\Program Files\JetBrains\IntelliJ IDEA 2025.1\lib\idea_rt.jar=49372 -Dfile.encoding=UTF-8 -Dsun.stdout.encoding=UTF-8 -Dsun.stderr.encoding=UTF-8 
java_command: com.supplier.risk.RiskApplicationKt
java_class_path (initial): D:\Kotlin-App\risk\target\classes;C:\Users\Charith\.m2\repository\org\springframework\boot\spring-boot-starter-data-jpa\3.4.4\spring-boot-starter-data-jpa-3.4.4.jar;C:\Users\Charith\.m2\repository\org\springframework\boot\spring-boot-starter\3.4.4\spring-boot-starter-3.4.4.jar;C:\Users\Charith\.m2\repository\org\springframework\boot\spring-boot\3.4.4\spring-boot-3.4.4.jar;C:\Users\Charith\.m2\repository\org\springframework\boot\spring-boot-autoconfigure\3.4.4\spring-boot-autoconfigure-3.4.4.jar;C:\Users\Charith\.m2\repository\org\springframework\boot\spring-boot-starter-logging\3.4.4\spring-boot-starter-logging-3.4.4.jar;C:\Users\Charith\.m2\repository\org\apache\logging\log4j\log4j-to-slf4j\2.24.3\log4j-to-slf4j-2.24.3.jar;C:\Users\Charith\.m2\repository\org\apache\logging\log4j\log4j-api\2.24.3\log4j-api-2.24.3.jar;C:\Users\Charith\.m2\repository\org\slf4j\jul-to-slf4j\2.0.17\jul-to-slf4j-2.0.17.jar;C:\Users\Charith\.m2\repository\jakarta\annotation\jakarta.annotation-api\2.1.1\jakarta.annotation-api-2.1.1.jar;C:\Users\Charith\.m2\repository\org\yaml\snakeyaml\2.3\snakeyaml-2.3.jar;C:\Users\Charith\.m2\repository\org\springframework\boot\spring-boot-starter-jdbc\3.4.4\spring-boot-starter-jdbc-3.4.4.jar;C:\Users\Charith\.m2\repository\com\zaxxer\HikariCP\5.1.0\HikariCP-5.1.0.jar;C:\Users\Charith\.m2\repository\org\springframework\spring-jdbc\6.2.5\spring-jdbc-6.2.5.jar;C:\Users\Charith\.m2\repository\org\hibernate\orm\hibernate-core\6.6.11.Final\hibernate-core-6.6.11.Final.jar;C:\Users\Charith\.m2\repository\jakarta\persistence\jakarta.persistence-api\3.1.0\jakarta.persistence-api-3.1.0.jar;C:\Users\Charith\.m2\repository\jakarta\transaction\jakarta.transaction-api\2.0.1\jakarta.transaction-api-2.0.1.jar;C:\Users\Charith\.m2\repository\org\jboss\logging\jboss-logging\3.6.1.Final\jboss-logging-3.6.1.Final.jar;C:\Users\Charith\.m2\repository\org\hibernate\common\hibernate-commons-annotations\7.0.3.Final\hibernate-commons-annotations-7.0.3.Final.jar;C:\Users\Charith\.m2\repository\io\smallrye\jandex\3.2.0\jandex-3.2.0.jar;C:\Users\Charith\.m2\repository\com\fasterxml\classmate\1.7.0\classmate-1.7.0.jar;C:\Users\Charith\.m2\repository\net\bytebuddy\byte-buddy\1.15.11\byte-buddy-1.15.11.jar;C:\Users\Charith\.m2\repository\org\glassfish\jaxb\jaxb-runtime\4.0.5\jaxb-runtime-4.0.5.jar;C:\Users\Charith\.m2\repository\org\glassfish\jaxb\jaxb-core\4.0.5\jaxb-core-4.0.5.jar;C:\Users\Charith\.m2\repository\org\eclipse\angus\angus-activation\2.0.2\angus-activation-2.0.2.jar;C:\Users\Charith\.m2\repository\org\glassfish\jaxb\txw2\4.0.5\txw2-4.0.5.jar;C:\Users\Charith\.m2\repository\com\sun\istack\istack-commons-runtime\4.1.2\istack-commons-runtime-4.1.2.jar;C:\Users\Charith\.m2\repository\jakarta\inject\jakarta.inject-api\2.0.1\jakarta.inject-api-2.0.1.jar;C:\Users\Charith\.m2\repository\org\antlr\antlr4-runtime\4.13.0\antlr4-runtime-4.13.0.jar;C:\Users\Charith\.m2\repository\org\springframework\data\spring-data-jpa\3.4.4\spring-data-jpa-3.4.4.jar;C:\Users\Charith\.m2\repository\org\springframework\data\spring-data-commons\3.4.4\spring-data-commons-3.4.4.jar;C:\Users\Charith\.m2\repository\org\springframework\spring-orm\6.2.5\spring-orm-6.2.5.jar;C:\Users\Charith\.m2\repository\org\springframework\spring-aop\6.2.5\spring-aop-6.2.5.jar;C:\Users\Charith\.m2\repository\org\springframework\spring-beans\6.2.5\spring-beans-6.2.5.jar;C:\Users\Charith\.m2\repository\org\springframework\spring-aspects\6.2.5\spring-aspects-6.2.5.jar;C:\Users\Charith\.m2\repository\org\aspectj\aspectjweaver\1.9.23\aspectjweaver-1.9.23.jar;C:\Users\Charith\.m2\repository\org\springframework\boot\spring-boot-starter-web\3.4.4\spring-boot-starter-web-3.4.4.jar;C:\Users\Charith\.m2\repository\org\springframework\boot\spring-boot-starter-json\3.4.4\spring-boot-starter-json-3.4.4.jar;C:\Users\Charith\.m2\repository\com\fasterxml\jackson\datatype\jackson-datatype-jdk8\2.18.3\jackson-datatype-jdk8-2.18.3.jar;C:\Users\Charith\.m2\repository\com\fasterxml\jackson\module\jackson-module-parameter-names\2.18.3\jackson-module-parameter-names-2.18.3.jar;C:\Users\Charith\.m2\repository\org\springframework\boot\spring-boot-starter-tomcat\3.4.4\spring-boot-starter-tomcat-3.4.4.jar;C:\Users\Charith\.m2\repository\org\apache\tomcat\embed\tomcat-embed-core\10.1.39\tomcat-embed-core-10.1.39.jar;C:\Users\Charith\.m2\repository\org\apache\tomcat\embed\tomcat-embed-el\10.1.39\tomcat-embed-el-10.1.39.jar;C:\Users\Charith\.m2\repository\org\apache\tomcat\embed\tomcat-embed-websocket\10.1.39\tomcat-embed-websocket-10.1.39.jar;C:\Users\Charith\.m2\repository\org\springframework\spring-web\6.2.5\spring-web-6.2.5.jar;C:\Users\Charith\.m2\repository\org\springframework\spring-webmvc\6.2.5\spring-webmvc-6.2.5.jar;C:\Users\Charith\.m2\repository\org\springframework\spring-expression\6.2.5\spring-expression-6.2.5.jar;C:\Users\Charith\.m2\repository\com\fasterxml\jackson\module\jackson-module-kotlin\2.18.3\jackson-module-kotlin-2.18.3.jar;C:\Users\Charith\.m2\repository\com\fasterxml\jackson\core\jackson-databind\2.18.3\jackson-databind-2.18.3.jar;C:\Users\Charith\.m2\repository\com\fasterxml\jackson\core\jackson-core\2.18.3\jackson-core-2.18.3.jar;C:\Users\Charith\.m2\repository\com\fasterxml\jackson\core\jackson-annotations\2.18.3\jackson-annotations-2.18.3.jar;C:\Users\Charith\.m2\repository\org\apache\kafka\kafka-streams\3.8.1\kafka-streams-3.8.1.jar;C:\Users\Charith\.m2\repository\org\apache\kafka\kafka-clients\3.8.1\kafka-clients-3.8.1.jar;C:\Users\Charith\.m2\repository\com\github\luben\zstd-jni\1.5.6-4\zstd-jni-1.5.6-4.jar;C:\Users\Charith\.m2\repository\org\lz4\lz4-java\1.8.0\lz4-java-1.8.0.jar;C:\Users\Charith\.m2\repository\org\xerial\snappy\snappy-java\1.1.10.5\snappy-java-1.1.10.5.jar;C:\Users\Charith\.m2\repository\org\rocksdb\rocksdbjni\7.9.2\rocksdbjni-7.9.2.jar;C:\Users\Charith\.m2\repository\org\slf4j\slf4j-api\2.0.17\slf4j-api-2.0.17.jar;C:\Users\Charith\.m2\repository\org\jetbrains\kotlin\kotlin-reflect\1.9.25\kotlin-reflect-1.9.25.jar;C:\Users\Charith\.m2\repository\org\jetbrains\kotlin\kotlin-stdlib\1.9.25\kotlin-stdlib-1.9.25.jar;C:\Users\Charith\.m2\repository\org\jetbrains\annotations\13.0\annotations-13.0.jar;C:\Users\Charith\.m2\repository\org\springframework\kafka\spring-kafka\3.3.4\spring-kafka-3.3.4.jar;C:\Users\Charith\.m2\repository\org\springframework\spring-context\6.2.5\spring-context-6.2.5.jar;C:\Users\Charith\.m2\repository\org\springframework\spring-messaging\6.2.5\spring-messaging-6.2.5.jar;C:\Users\Charith\.m2\repository\org\springframework\spring-tx\6.2.5\spring-tx-6.2.5.jar;C:\Users\Charith\.m2\repository\org\springframework\retry\spring-retry\2.0.11\spring-retry-2.0.11.jar;C:\Users\Charith\.m2\repository\io\micrometer\micrometer-observation\1.14.5\micrometer-observation-1.14.5.jar;C:\Users\Charith\.m2\repository\io\micrometer\micrometer-commons\1.14.5\micrometer-commons-1.14.5.jar;C:\Users\Charith\.m2\repository\org\postgresql\postgresql\42.7.5\postgresql-42.7.5.jar;C:\Users\Charith\.m2\repository\org\checkerframework\checker-qual\3.48.3\checker-qual-3.48.3.jar;C:\Users\Charith\.m2\repository\jakarta\xml\bind\jakarta.xml.bind-api\4.0.2\jakarta.xml.bind-api-4.0.2.jar;C:\Users\Charith\.m2\repository\jakarta\activation\jakarta.activation-api\2.1.3\jakarta.activation-api-2.1.3.jar;C:\Users\Charith\.m2\repository\org\springframework\spring-core\6.2.5\spring-core-6.2.5.jar;C:\Users\Charith\.m2\repository\org\springframework\spring-jcl\6.2.5\spring-jcl-6.2.5.jar;C:\Users\Charith\.m2\repository\org\flywaydb\flyway-core\10.20.1\flyway-core-10.20.1.jar;C:\Users\Charith\.m2\repository\com\fasterxml\jackson\dataformat\jackson-dataformat-toml\2.18.3\jackson-dataformat-toml-2.18.3.jar;C:\Users\Charith\.m2\repository\com\fasterxml\jackson\datatype\jackson-datatype-jsr310\2.18.3\jackson-datatype-jsr310-2.18.3.jar;C:\Users\Charith\.m2\repository\org\flywaydb\flyway-database-postgresql\10.20.1\flyway-database-postgresql-10.20.1.jar;C:\Users\Charith\.m2\repository\org\springdoc\springdoc-openapi-starter-webmvc-ui\2.8.5\springdoc-openapi-starter-webmvc-ui-2.8.5.jar;C:\Users\Charith\.m2\repository\org\springdoc\springdoc-openapi-starter-webmvc-api\2.8.5\springdoc-openapi-starter-webmvc-api-2.8.5.jar;C:\Users\Charith\.m2\repository\org\springdoc\springdoc-openapi-starter-common\2.8.5\springdoc-openapi-starter-common-2.8.5.jar;C:\Users\Charith\.m2\repository\io\swagger\core\v3\swagger-core-jakarta\2.2.28\swagger-core-jakarta-2.2.28.jar;C:\Users\Charith\.m2\repository\org\apache\commons\commons-lang3\3.17.0\commons-lang3-3.17.0.jar;C:\Users\Charith\.m2\repository\io\swagger\core\v3\swagger-annotations-jakarta\2.2.28\swagger-annotations-jakarta-2.2.28.jar;C:\Users\Charith\.m2\repository\io\swagger\core\v3\swagger-models-jakarta\2.2.28\swagger-models-jakarta-2.2.28.jar;C:\Users\Charith\.m2\repository\jakarta\validation\jakarta.validation-api\3.0.2\jakarta.validation-api-3.0.2.jar;C:\Users\Charith\.m2\repository\com\fasterxml\jackson\dataformat\jackson-dataformat-yaml\2.18.3\jackson-dataformat-yaml-2.18.3.jar;C:\Users\Charith\.m2\repository\org\webjars\swagger-ui\5.18.3\swagger-ui-5.18.3.jar;C:\Users\Charith\.m2\repository\org\webjars\webjars-locator-lite\1.0.1\webjars-locator-lite-1.0.1.jar;C:\Users\Charith\.m2\repository\org\jspecify\jspecify\1.0.0\jspecify-1.0.0.jar;C:\Users\Charith\.m2\repository\ch\qos\logback\logback-core\1.5.18\logback-core-1.5.18.jar;C:\Users\Charith\.m2\repository\ch\qos\logback\logback-classic\1.5.18\logback-classic-1.5.18.jar
Launcher Type: SUN_STANDARD

[Global flags]
     intx CICompilerCount                          = 3                                         {product} {ergonomic}
     uint ConcGCThreads                            = 1                                         {product} {ergonomic}
     uint G1ConcRefinementThreads                  = 4                                         {product} {ergonomic}
   size_t G1HeapRegionSize                         = 1048576                                   {product} {ergonomic}
    uintx GCDrainStackTargetSize                   = 64                                        {product} {ergonomic}
   size_t InitialHeapSize                          = 67108864                                  {product} {ergonomic}
     bool ManagementServer                         = true                                      {product} {command line}
   size_t MarkStackSize                            = 4194304                                   {product} {ergonomic}
   size_t MaxHeapSize                              = 1050673152                                {product} {ergonomic}
   size_t MaxNewSize                               = 630194176                                 {product} {ergonomic}
   size_t MinHeapDeltaBytes                        = 1048576                                   {product} {ergonomic}
   size_t MinHeapSize                              = 8388608                                   {product} {ergonomic}
    uintx NonNMethodCodeHeapSize                   = 4096                                   {pd product} {ergonomic}
    uintx NonProfiledCodeHeapSize                  = 0                                      {pd product} {ergonomic}
     bool ProfileInterpreter                       = false                                  {pd product} {command line}
    uintx ProfiledCodeHeapSize                     = 0                                      {pd product} {ergonomic}
   size_t SoftMaxHeapSize                          = 1050673152                             {manageable} {ergonomic}
     intx TieredStopAtLevel                        = 1                                         {product} {command line}
     bool UseCompressedOops                        = true                           {product lp64_product} {ergonomic}
     bool UseG1GC                                  = true                                      {product} {ergonomic}
     bool UseLargePagesIndividualAllocation        = false                                  {pd product} {ergonomic}

Logging:
Log output configuration:
 #0: stdout all=warning uptime,level,tags foldmultilines=false
 #1: stderr all=off uptime,level,tags foldmultilines=false

Environment Variables:
PATH=C:\Program Files\Common Files\Oracle\Java\javapath;C:\Windows\system32;C:\Windows;C:\Windows\System32\Wbem;C:\Windows\System32\WindowsPowerShell\v1.0\;C:\Windows\System32\OpenSSH\;C:\Program Files\nodejs\;C:\Program Files\Kubernetes\Minikube;C:\Program Files\Docker\Docker\resources\bin;C:\Program Files\Git\cmd;C:\Program Files\Maven\apache-maven-3.9.9\bin;C:\Program Files\kafka-3.8.1-src\bin;C:\Program Files\MySQL\MySQL Shell 8.0\bin\;C:\Users\Charith\AppData\Local\Microsoft\WindowsApps;C:\Users\Charith\AppData\Roaming\npm;C:\Users\Charith\AppData\Local\Programs\Microsoft VS Code\bin;C:\Program Files\minicube;C:\Program Files\kafka-3.8.1-src\bin;C:\Users\Charith\AppData\Local\GitHubDesktop\bin
USERNAME=Charith
OS=Windows_NT
PROCESSOR_IDENTIFIER=Intel64 Family 6 Model 61 Stepping 4, GenuineIntel
TMP=C:\Users\Charith\AppData\Local\Temp
TEMP=C:\Users\Charith\AppData\Local\Temp




Periodic native trim disabled

---------------  S Y S T E M  ---------------

OS:
 Windows 10 , 64 bit Build 19041 (10.0.19041.5678)
OS uptime: 1 days 4:22 hours
Hyper-V role detected

CPU: total 4 (initial active 4) (2 cores per cpu, 2 threads per core) family 6 model 61 stepping 4 microcode 0x2d, cx8, cmov, fxsr, ht, mmx, 3dnowpref, sse, sse2, sse3, ssse3, sse4.1, sse4.2, popcnt, lzcnt, tsc, tscinvbit, avx, avx2, aes, erms, clmul, bmi1, bmi2, adx, fma, vzeroupper, clflush, hv, rdtscp, f16c
Processor Information for all 4 processors :
  Max Mhz: 2201, Current Mhz: 2201, Mhz Limit: 2201

Memory: 4k page, system-wide physical 4007M (295M free)
TotalPageFile size 16295M (AvailPageFile size 2M)
current process WorkingSet (physical memory assigned to process): 103M, peak: 105M
current process commit charge ("private bytes"): 162M, peak: 165M

vm_info: Java HotSpot(TM) 64-Bit Server VM (21.0.5+9-LTS-239) for windows-amd64 JRE (21.0.5+9-LTS-239), built on 2024-09-30T05:17:38Z by "mach5one" with MS VC++ 17.6 (VS2022)

END.
