#
# There is insufficient memory for the Java Runtime Environment to continue.
# Native memory allocation (mmap) failed to map 65536 bytes for Failed to commit metaspace.
# Possible reasons:
#   The system is out of physical RAM or swap space
#   The process is running with CompressedOops enabled, and the Java Heap may be blocking the growth of the native heap
# Possible solutions:
#   Reduce memory load on the system
#   Increase physical memory or swap space
#   Check if swap backing store is full
#   Decrease Java heap size (-Xmx/-Xms)
#   Decrease number of Java threads
#   Decrease Java thread stack sizes (-Xss)
#   Set larger code cache with -XX:ReservedCodeCacheSize=
#   JVM is running with Unscaled Compressed Oops mode in which the Java heap is
#     placed in the first 4GB address space. The Java Heap base address is the
#     maximum limit for the native heap growth. Please use -XX:HeapBaseMinAddress
#     to set the Java Heap base and to place the Java Heap above 4GB virtual address.
# This output file may be truncated or incomplete.
#
#  Out of Memory Error (virtualSpaceNode.cpp:112), pid=13084, tid=5932
#
# JRE version: Java(TM) SE Runtime Environment (21.0.5+9) (build 21.0.5+9-LTS-239)
# Java VM: Java HotSpot(TM) 64-Bit Server VM (21.0.5+9-LTS-239, mixed mode, emulated-client, sharing, tiered, compressed oops, compressed class ptrs, g1 gc, windows-amd64)
# No core dump will be written. Minidumps are not enabled by default on client versions of Windows
#

---------------  S U M M A R Y ------------

Command Line: -XX:TieredStopAtLevel=1 -Dspring.output.ansi.enabled=always -Dcom.sun.management.jmxremote -Dspring.jmx.enabled=true -Dspring.liveBeansView.mbeanDomain -Dspring.application.admin.enabled=true -Dmanagement.endpoints.jmx.exposure.include=* -javaagent:C:\Program Files\JetBrains\IntelliJ IDEA 2025.1\lib\idea_rt.jar=65435 -Dfile.encoding=UTF-8 -Dsun.stdout.encoding=UTF-8 -Dsun.stderr.encoding=UTF-8 com.supplier.risk.RiskApplicationKt

Host: Intel(R) Core(TM) i5-5200U CPU @ 2.20GHz, 4 cores, 3G,  Windows 10 , 64 bit Build 19041 (10.0.19041.5678)
Time: Tue Apr 22 12:14:10 2025 W. Europe Daylight Time elapsed time: 10.062860 seconds (0d 0h 0m 10s)

---------------  T H R E A D  ---------------

Current thread (0x0000021f6af0c6d0):  JavaThread "background-preinit"        [_thread_in_vm, id=5932, stack(0x00000061ad100000,0x00000061ad200000) (1024K)]

Stack: [0x00000061ad100000,0x00000061ad200000]
Native frames: (J=compiled Java code, j=interpreted, Vv=VM code, C=native code)
V  [jvm.dll+0x6ca289]
V  [jvm.dll+0x854a51]
V  [jvm.dll+0x856f7e]
V  [jvm.dll+0x857653]
V  [jvm.dll+0x27dd26]
V  [jvm.dll+0x85066e]
V  [jvm.dll+0x66dfd5]
V  [jvm.dll+0x1e3efc]
V  [jvm.dll+0x1e3cce]
V  [jvm.dll+0x670903]
V  [jvm.dll+0x670722]
V  [jvm.dll+0x66e9ae]
V  [jvm.dll+0x2694a6]
V  [jvm.dll+0x215687]
V  [jvm.dll+0x20afde]
V  [jvm.dll+0x5aceac]
V  [jvm.dll+0x7cece6]
V  [jvm.dll+0x470806]
V  [jvm.dll+0x476688]
C  [java.dll+0x17ec]

Java frames: (J=compiled Java code, j=interpreted, Vv=VM code)
J 1378  java.lang.ClassLoader.defineClass1(Ljava/lang/ClassLoader;Ljava/lang/String;[BIILjava/security/ProtectionDomain;Ljava/lang/String;)Ljava/lang/Class; java.base@21.0.5 (0 bytes) @ 0x0000021f63848a71 [0x0000021f638489a0+0x00000000000000d1]
J 1553 c1 java.lang.ClassLoader.defineClass(Ljava/lang/String;[BIILjava/security/ProtectionDomain;)Ljava/lang/Class; java.base@21.0.5 (43 bytes) @ 0x0000021f6389a67c [0x0000021f6389a560+0x000000000000011c]
J 1554 c1 jdk.internal.loader.BuiltinClassLoader.defineClass(Ljava/lang/String;Ljdk/internal/loader/Resource;)Ljava/lang/Class; java.base@21.0.5 (121 bytes) @ 0x0000021f6389ca94 [0x0000021f6389c540+0x0000000000000554]
J 1551 c1 jdk.internal.loader.BuiltinClassLoader.findClassOnClassPathOrNull(Ljava/lang/String;)Ljava/lang/Class; java.base@21.0.5 (64 bytes) @ 0x0000021f6389aeb4 [0x0000021f6389abe0+0x00000000000002d4]
J 1356 c1 jdk.internal.loader.BuiltinClassLoader.loadClassOrNull(Ljava/lang/String;Z)Ljava/lang/Class; java.base@21.0.5 (143 bytes) @ 0x0000021f638423dc [0x0000021f63841fe0+0x00000000000003fc]
J 1460 c1 jdk.internal.loader.ClassLoaders$AppClassLoader.loadClass(Ljava/lang/String;Z)Ljava/lang/Class; java.base@21.0.5 (40 bytes) @ 0x0000021f6386bb8c [0x0000021f6386bb40+0x000000000000004c]
J 1425 c1 java.lang.ClassLoader.loadClass(Ljava/lang/String;)Ljava/lang/Class; java.base@21.0.5 (7 bytes) @ 0x0000021f6385dcf4 [0x0000021f6385dca0+0x0000000000000054]
v  ~StubRoutines::call_stub 0x0000021f6342100d
J 1003  java.lang.Class.forName0(Ljava/lang/String;ZLjava/lang/ClassLoader;Ljava/lang/Class;)Ljava/lang/Class; java.base@21.0.5 (0 bytes) @ 0x0000021f637bddbf [0x0000021f637bdd20+0x000000000000009f]
j  java.lang.Class.forName(Ljava/lang/String;Ljava/lang/Class;)Ljava/lang/Class;+19 java.base@21.0.5
j  java.lang.Class.forName(Ljava/lang/String;)Ljava/lang/Class;+6 java.base@21.0.5
j  kotlin.jvm.internal.Reflection.<clinit>()V+2
v  ~StubRoutines::call_stub 0x0000021f6342100d
j  kotlin.jvm.JvmClassMappingKt.getKotlinClass(Ljava/lang/Class;)Lkotlin/reflect/KClass;+7
j  kotlin.reflect.jvm.ReflectJvmMapping.getKotlinFunction(Ljava/lang/reflect/Constructor;)Lkotlin/reflect/KFunction;+16
j  org.springframework.beans.BeanUtils$KotlinDelegate.instantiateClass(Ljava/lang/reflect/Constructor;[Ljava/lang/Object;)Ljava/lang/Object;+1
j  org.springframework.beans.BeanUtils.instantiateClass(Ljava/lang/reflect/Constructor;[Ljava/lang/Object;)Ljava/lang/Object;+28
j  org.springframework.beans.BeanUtils.instantiateClass(Ljava/lang/Class;)Ljava/lang/Object;+79
j  org.springframework.http.converter.json.Jackson2ObjectMapperBuilder.registerWellKnownModulesIfAvailable(Lorg/springframework/util/MultiValueMap;)V+120
j  org.springframework.http.converter.json.Jackson2ObjectMapperBuilder.configure(Lcom/fasterxml/jackson/databind/ObjectMapper;)V+53
j  org.springframework.http.converter.json.Jackson2ObjectMapperBuilder.build()Lcom/fasterxml/jackson/databind/ObjectMapper;+87
j  org.springframework.http.converter.json.MappingJackson2HttpMessageConverter.<init>()V+4
j  org.springframework.http.converter.support.AllEncompassingFormHttpMessageConverter.<init>()V+55
j  org.springframework.boot.autoconfigure.BackgroundPreinitializer$MessageConverterInitializer.run()V+4
j  org.springframework.boot.autoconfigure.BackgroundPreinitializer$1.runSafely(Ljava/lang/Runnable;)Z+1
j  org.springframework.boot.autoconfigure.BackgroundPreinitializer$1.run()V+32
j  java.lang.Thread.runWith(Ljava/lang/Object;Ljava/lang/Runnable;)V+5 java.base@21.0.5
j  java.lang.Thread.run()V+19 java.base@21.0.5
v  ~StubRoutines::call_stub 0x0000021f6342100d

Compiled method (n/a)   10223 1378     n 0       java.lang.ClassLoader::defineClass1 (native)
 total in heap  [0x0000021f63848810,0x0000021f63848e50] = 1600
 relocation     [0x0000021f63848968,0x0000021f638489a0] = 56
 main code      [0x0000021f638489a0,0x0000021f63848e4f] = 1199
 stub code      [0x0000021f63848e4f,0x0000021f63848e50] = 1

[Constant Pool (empty)]

[MachCode]
[Entry Point]
  # {method} {0x0000021f0043a770} 'defineClass1' '(Ljava/lang/ClassLoader;Ljava/lang/String;[BIILjava/security/ProtectionDomain;Ljava/lang/String;)Ljava/lang/Class;' in 'java/lang/ClassLoader'
  # parm0:    rdx:rdx   = 'java/lang/ClassLoader'
  # parm1:    r8:r8     = 'java/lang/String'
  # parm2:    r9:r9     = '[B'
  # parm3:    rdi       = int
  # parm4:    rsi       = int
  # parm5:    rcx:rcx   = 'java/security/ProtectionDomain'
  # parm6:    [sp+0xa0]   = 'java/lang/String'  (sp of caller)
  0x0000021f638489a0: 448b 5208 | 49bb 0000 | 0000 1f02 | 0000 4d03 | d349 3bc2 | 0f84 0600 

  0x0000021f638489b8: ;   {runtime_call ic_miss_stub}
  0x0000021f638489b8: 0000 e9c1 | 5dc2 ff90 
[Verified Entry Point]
  0x0000021f638489c0: 8984 2400 | 80ff ff55 | 488b ec48 | 81ec 9000 | 0000 6690 | 4181 7f20 | 0100 0000 

  0x0000021f638489dc: ;   {runtime_call StubRoutines (final stubs)}
  0x0000021f638489dc: 7405 e87d | c3c0 ff48 | 837d 1000 | 488d 4510 | 480f 4445 | 1048 8944 | 2440 4889 | 4c24 7048 
  0x0000021f638489fc: 83f9 0048 | 8d44 2470 | 480f 4444 | 2470 4889 | 4424 3848 | 8974 2430 | 4889 7c24 | 284c 894c 
  0x0000021f63848a1c: 2458 4983 | f900 488d | 4424 5848 | 0f44 4424 | 5848 8944 | 2420 4c89 | 4424 5049 | 83f8 004c 
  0x0000021f63848a3c: 8d4c 2450 | 4c0f 444c | 2450 4889 | 5424 4848 | 83fa 004c | 8d44 2448 | 4c0f 4444 

  0x0000021f63848a58: ;   {oop(a 'java/lang/Class'{0x00000000c1a1a760} = 'java/lang/ClassLoader')}
  0x0000021f63848a58: 2448 49be | 60a7 a1c1 | 0000 0000 | 4c89 7424 | 784c 8d74 | 2478 498b | d6c5 f877 

  0x0000021f63848a74: ;   {internal_word}
  0x0000021f63848a74: 49ba 718a | 8463 1f02 | 0000 4d89 | 97a0 0300 | 0049 89a7 | 9803 0000 

  0x0000021f63848a8c: ;   {external_word}
  0x0000021f63848a8c: 49ba e037 | 78e6 fd7f | 0000 4180 | 3a00 0f84 | 4e00 0000 | 5241 5041 

  0x0000021f63848aa4: ;   {metadata({method} {0x0000021f0043a770} 'defineClass1' '(Ljava/lang/ClassLoader;Ljava/lang/String;[BIILjava/security/ProtectionDomain;Ljava/lang/String;)Ljava/lang/Class;' in 'java/lang/ClassLoader')}
  0x0000021f63848aa4: 5148 ba68 | a743 001f | 0200 0049 | 8bcf 4883 | ec20 40f6 | c40f 0f84 | 1900 0000 | 4883 ec08 
  0x0000021f63848ac4: ;   {runtime_call}
  0x0000021f63848ac4: 48b8 3001 | 29e6 fd7f | 0000 ffd0 | 4883 c408 | e90c 0000 

  0x0000021f63848ad8: ;   {runtime_call}
  0x0000021f63848ad8: 0048 b830 | 0129 e6fd | 7f00 00ff | d048 83c4 | 2041 5941 | 585a 498d | 8fb8 0300 | 0041 c787 
  0x0000021f63848af8: 4404 0000 | 0400 0000 

  0x0000021f63848b00: ;   {runtime_call}
  0x0000021f63848b00: 48b8 ac16 | a0e4 fd7f | 0000 ffd0 | c5f8 7741 | c787 4404 | 0000 0500 | 0000 f083 | 4424 c000 
  0x0000021f63848b20: 493b af48 | 0400 000f | 870e 0000 | 0041 83bf | 4004 0000 | 000f 842b | 0000 00c5 | f877 4889 
  0x0000021f63848b40: 45f8 498b | cf4c 8be4 | 4883 ec20 | 4883 e4f0 

  0x0000021f63848b50: ;   {runtime_call}
  0x0000021f63848b50: 48b8 b0ae | f4e5 fd7f | 0000 ffd0 | 498b e44d | 33e4 488b | 45f8 41c7 | 8744 0400 | 0008 0000 
  0x0000021f63848b70: 0041 83bf | c004 0000 | 020f 84a3 

  0x0000021f63848b7c: ;   {external_word}
  0x0000021f63848b7c: 0200 0049 | bae0 3778 | e6fd 7f00 | 0041 803a | 000f 844c | 0000 0048 

  0x0000021f63848b94: ;   {metadata({method} {0x0000021f0043a770} 'defineClass1' '(Ljava/lang/ClassLoader;Ljava/lang/String;[BIILjava/security/ProtectionDomain;Ljava/lang/String;)Ljava/lang/Class;' in 'java/lang/ClassLoader')}
  0x0000021f63848b94: 8945 f848 | ba68 a743 | 001f 0200 | 0049 8bcf | 4883 ec20 | 40f6 c40f | 0f84 1900 | 0000 4883 
  0x0000021f63848bb4: ;   {runtime_call}
  0x0000021f63848bb4: ec08 48b8 | 3001 29e6 | fd7f 0000 | ffd0 4883 | c408 e90c 

  0x0000021f63848bc8: ;   {runtime_call}
  0x0000021f63848bc8: 0000 0048 | b830 0129 | e6fd 7f00 | 00ff d048 | 83c4 2048 | 8b45 f849 | c787 9803 | 0000 0000 
  0x0000021f63848be8: 0000 49c7 | 87a0 0300 | 0000 0000 | 00c5 f877 | 4885 c00f | 84fe 0100 | 00a8 030f | 8508 0000 
  0x0000021f63848c08: 0048 8b00 | e9ee 0100 | 00a8 010f | 8509 0000 | 0048 8b40 | fee9 dd01 | 0000 488b | 40ff 4180 
  0x0000021f63848c28: 7f40 000f | 84ce 0100 | 0048 83f8 | 000f 84c4 | 0100 0049 | 8b4f 2848 | 83f9 000f | 8414 0000 
  0x0000021f63848c48: 0048 83e9 | 0849 894f | 2849 034f | 3848 8901 | e9a2 0100 | 0048 81ec | d000 0000 | 4889 0424 
  0x0000021f63848c68: 4889 4c24 | 0848 8954 | 2410 4889 | 7424 1848 | 897c 2420 | 4c89 4424 | 284c 894c | 2430 4c89 
  0x0000021f63848c88: 5424 384c | 895c 2440 | c5fb 1144 | 2450 c5fb | 114c 2458 | c5fb 1154 | 2460 c5fb | 115c 2468 
  0x0000021f63848ca8: c5fb 1164 | 2470 c5fb | 116c 2478 | c5fb 11b4 | 2480 0000 | 00c5 fb11 | bc24 8800 | 0000 c57b 
  0x0000021f63848cc8: ;   {no_reloc}
  0x0000021f63848cc8: 1184 2490 | 0000 00c5 | 7b11 8c24 | 9800 0000 | c57b 1194 | 24a0 0000 | 00c5 7b11 | 9c24 a800 
  0x0000021f63848ce8: 0000 c57b | 11a4 24b0 | 0000 00c5 | 7b11 ac24 | b800 0000 | c57b 11b4 | 24c0 0000 | 00c5 7b11 
  0x0000021f63848d08: bc24 c800 | 0000 498b | d748 8bc8 | 4883 ec20 | 40f6 c40f | 0f84 1900 | 0000 4883 

  0x0000021f63848d24: ;   {runtime_call}
  0x0000021f63848d24: ec08 48b8 | d0ed e7e5 | fd7f 0000 | ffd0 4883 | c408 e90c 

  0x0000021f63848d38: ;   {runtime_call}
  0x0000021f63848d38: 0000 0048 | b8d0 ede7 | e5fd 7f00 | 00ff d048 | 83c4 20c5 | 7b10 bc24 | c800 0000 | c57b 10b4 
  0x0000021f63848d58: 24c0 0000 | 00c5 7b10 | ac24 b800 | 0000 c57b | 10a4 24b0 | 0000 00c5 | 7b10 9c24 | a800 0000 
  0x0000021f63848d78: c57b 1094 | 24a0 0000 | 00c5 7b10 | 8c24 9800 | 0000 c57b | 1084 2490 | 0000 00c5 | fb10 bc24 
  0x0000021f63848d98: 8800 0000 | c5fb 10b4 | 2480 0000 | 00c5 fb10 | 6c24 78c5 | fb10 6424 | 70c5 fb10 | 5c24 68c5 
  0x0000021f63848db8: fb10 5424 | 60c5 fb10 | 4c24 58c5 | fb10 4424 | 504c 8b5c | 2440 4c8b | 5424 384c | 8b4c 2430 
  0x0000021f63848dd8: 4c8b 4424 | 2848 8b7c | 2420 488b | 7424 1848 | 8b54 2410 | 488b 4c24 | 0848 8b04 | 2448 81c4 
  0x0000021f63848df8: d000 0000 | c5f8 7749 | 8b8f 2804 | 0000 c781 | 0001 0000 | 0000 0000 | c949 837f | 0800 0f85 
  0x0000021f63848e18: 0100 0000 

  0x0000021f63848e1c: ;   {runtime_call StubRoutines (initial stubs)}
  0x0000021f63848e1c: c3e9 de80 | bdff c5f8 | 7748 8945 | f84c 8be4 | 4883 ec20 | 4883 e4f0 

  0x0000021f63848e34: ;   {runtime_call}
  0x0000021f63848e34: 48b8 2039 | 29e6 fd7f | 0000 ffd0 | 498b e44d | 33e4 488b | 45f8 e930 | fdff fff4 
[/MachCode]


Compiled method (c1)   10336 1553       1       java.lang.ClassLoader::defineClass (43 bytes)
 total in heap  [0x0000021f6389a390,0x0000021f6389a950] = 1472
 relocation     [0x0000021f6389a4e8,0x0000021f6389a558] = 112
 main code      [0x0000021f6389a560,0x0000021f6389a720] = 448
 stub code      [0x0000021f6389a720,0x0000021f6389a798] = 120
 metadata       [0x0000021f6389a798,0x0000021f6389a7c8] = 48
 scopes data    [0x0000021f6389a7c8,0x0000021f6389a880] = 184
 scopes pcs     [0x0000021f6389a880,0x0000021f6389a920] = 160
 dependencies   [0x0000021f6389a920,0x0000021f6389a928] = 8
 nul chk table  [0x0000021f6389a928,0x0000021f6389a950] = 40

[Constant Pool (empty)]

[MachCode]
[Entry Point]
  # {method} {0x0000021f0043aaf0} 'defineClass' '(Ljava/lang/String;[BIILjava/security/ProtectionDomain;)Ljava/lang/Class;' in 'java/lang/ClassLoader'
  # this:     rdx:rdx   = 'java/lang/ClassLoader'
  # parm0:    r8:r8     = 'java/lang/String'
  # parm1:    r9:r9     = '[B'
  # parm2:    rdi       = int
  # parm3:    rsi       = int
  # parm4:    rcx:rcx   = 'java/security/ProtectionDomain'
  #           [sp+0xc0]  (sp of caller)
  0x0000021f6389a560: 448b 5208 | 49bb 0000 | 0000 1f02 | 0000 4d03 | d34c 3bd0 

  0x0000021f6389a574: ;   {runtime_call ic_miss_stub}
  0x0000021f6389a574: 0f85 0642 | bdff 660f | 1f44 0000 
[Verified Entry Point]
  0x0000021f6389a580: 8984 2400 | 80ff ff55 | 4881 ecb0 | 0000 0090 | 4181 7f20 | 0100 0000 

  0x0000021f6389a598: ;   {runtime_call StubRoutines (final stubs)}
  0x0000021f6389a598: 7405 e8c1 | a7bb ff48 | 8954 2478 | 89b4 2494 | 0000 0089 | bc24 9000 | 0000 4c89 | 8c24 8800 
  0x0000021f6389a5b8: 0000 498b | d84c 8bc3 | 4c8b c948 | 8bca 488b | d148 899c | 2480 0000 | 0066 0f1f 

  0x0000021f6389a5d4: ;   {optimized virtual_call}
  0x0000021f6389a5d4: 4400 00e8 

  0x0000021f6389a5d8: ; ImmutableOopMap {[120]=Oop [128]=Oop [136]=Oop }
                      ;*invokevirtual preDefineClass {reexecute=0 rethrow=0 return_oop=0}
                      ; - java.lang.ClassLoader::defineClass@4 (line 1025)
  0x0000021f6389a5d8: e4d9 ffff 

  0x0000021f6389a5dc: ;   {other}
  0x0000021f6389a5dc: 0f1f 8400 | 4c02 0000 | 4889 8424 | 9800 0000 

  0x0000021f6389a5ec: ; implicit exception: dispatches to 0x0000021f6389a6ca
  0x0000021f6389a5ec: 448b 4010 | 4d85 c00f | 850f 0000 

  0x0000021f6389a5f8: ;   {oop(nullptr)}
  0x0000021f6389a5f8: 0048 bb00 | 0000 0000 | 0000 00e9 | 3f00 0000 

  0x0000021f6389a608: ; implicit exception: dispatches to 0x0000021f6389a6cf
  0x0000021f6389a608: 458b 400c | 4d85 c00f | 850f 0000 

  0x0000021f6389a614: ;   {oop(nullptr)}
  0x0000021f6389a614: 0048 bb00 | 0000 0000 | 0000 00e9 | 2300 0000 

  0x0000021f6389a624: ; implicit exception: dispatches to 0x0000021f6389a6d4
  0x0000021f6389a624: 418b 5038 

  0x0000021f6389a628: ; implicit exception: dispatches to 0x0000021f6389a6d9
  0x0000021f6389a628: 483b 020f 

  0x0000021f6389a62c: ;   {optimized virtual_call}
  0x0000021f6389a62c: 1f40 00e8 

  0x0000021f6389a630: ; ImmutableOopMap {[120]=Oop [128]=Oop [136]=Oop [152]=Oop }
                      ;*invokevirtual toExternalForm {reexecute=0 rethrow=0 return_oop=0}
                      ; - java.net.URL::toExternalForm@5 (line 1203)
                      ; - java.net.URL::toString@1 (line 1189)
                      ; - java.lang.ClassLoader::defineClassSourceLocation@22 (line 927)
                      ; - java.lang.ClassLoader::defineClass@12 (line 1026)
  0x0000021f6389a630: 4c2c fdff 

  0x0000021f6389a634: ;   {other}
  0x0000021f6389a634: 0f1f 8400 | a402 0001 | 488b d848 | 8b84 2498 | 0000 008b | b424 9400 | 0000 8bbc | 2490 0000 
  0x0000021f6389a654: 004c 8b8c | 2488 0000 | 004c 8b84 | 2480 0000 | 0048 8b54 | 2478 4c8b | da49 8bd3 | 488b c848 
  0x0000021f6389a674: ;   {static_call}
  0x0000021f6389a674: 891c 24e8 

  0x0000021f6389a678: ; ImmutableOopMap {[120]=Oop [152]=Oop }
                      ;*invokestatic defineClass1 {reexecute=0 rethrow=0 return_oop=0}
                      ; - java.lang.ClassLoader::defineClass@27 (line 1027)
  0x0000021f6389a678: 44e3 faff 

  0x0000021f6389a67c: ;   {other}
  0x0000021f6389a67c: 0f1f 8400 | ec02 0002 | 4c8b c04c | 8b8c 2498 | 0000 0048 | 8b54 2478 | 4889 8424 | a000 0000 
  0x0000021f6389a69c: ;   {optimized virtual_call}
  0x0000021f6389a69c: 6666 90e8 

  0x0000021f6389a6a0: ; ImmutableOopMap {[160]=Oop }
                      ;*invokevirtual postDefineClass {reexecute=0 rethrow=0 return_oop=0}
                      ; - java.lang.ClassLoader::defineClass@37 (line 1028)
  0x0000021f6389a6a0: 5cea ffff 

  0x0000021f6389a6a4: ;   {other}
  0x0000021f6389a6a4: 0f1f 8400 | 1403 0003 | 488b 8424 | a000 0000 | 4881 c4b0 | 0000 005d 

  0x0000021f6389a6bc: ;   {poll_return}
  0x0000021f6389a6bc: 493b a748 | 0400 000f | 8715 0000 

  0x0000021f6389a6c8: ;   {runtime_call throw_null_pointer_exception Runtime1 stub}
  0x0000021f6389a6c8: 00c3 e8b1 

  0x0000021f6389a6cc: ; ImmutableOopMap {rax=Oop [120]=Oop [128]=Oop [136]=Oop [152]=Oop }
                      ;*invokevirtual getCodeSource {reexecute=0 rethrow=0 return_oop=0}
                      ; - java.lang.ClassLoader::defineClassSourceLocation@1 (line 924)
                      ; - java.lang.ClassLoader::defineClass@12 (line 1026)
                      ;   {runtime_call throw_null_pointer_exception Runtime1 stub}
  0x0000021f6389a6cc: 55c8 ffe8 

  0x0000021f6389a6d0: ; ImmutableOopMap {rax=Oop [120]=Oop [128]=Oop [136]=Oop [152]=Oop }
                      ;*invokevirtual getLocation {reexecute=0 rethrow=0 return_oop=0}
                      ; - java.lang.ClassLoader::defineClassSourceLocation@12 (line 926)
                      ; - java.lang.ClassLoader::defineClass@12 (line 1026)
  0x0000021f6389a6d0: ac55 c8ff 

  0x0000021f6389a6d4: ;   {runtime_call throw_null_pointer_exception Runtime1 stub}
  0x0000021f6389a6d4: e8a7 55c8 

  0x0000021f6389a6d8: ; ImmutableOopMap {r8=Oop [120]=Oop [128]=Oop [136]=Oop [152]=Oop }
                      ;*invokevirtual toString {reexecute=0 rethrow=0 return_oop=0}
                      ; - java.lang.ClassLoader::defineClassSourceLocation@22 (line 927)
                      ; - java.lang.ClassLoader::defineClass@12 (line 1026)
                      ;   {runtime_call throw_null_pointer_exception Runtime1 stub}
  0x0000021f6389a6d8: ffe8 a255 

  0x0000021f6389a6dc: ; ImmutableOopMap {r8=Oop rdx=Oop [120]=Oop [128]=Oop [136]=Oop [152]=Oop }
                      ;*invokevirtual toExternalForm {reexecute=0 rethrow=0 return_oop=0}
                      ; - java.net.URL::toExternalForm@5 (line 1203)
                      ; - java.net.URL::toString@1 (line 1189)
                      ; - java.lang.ClassLoader::defineClassSourceLocation@22 (line 927)
                      ; - java.lang.ClassLoader::defineClass@12 (line 1026)
                      ;   {internal_word}
  0x0000021f6389a6dc: c8ff 49ba | bca6 8963 | 1f02 0000 | 4d89 9760 

  0x0000021f6389a6ec: ;   {runtime_call SafepointBlob}
  0x0000021f6389a6ec: 0400 00e9 | 0cb0 bdff | 498b 87f8 | 0400 0049 | c787 f804 | 0000 0000 | 0000 49c7 | 8700 0500 
  0x0000021f6389a70c: 0000 0000 | 0048 81c4 | b000 0000 

  0x0000021f6389a718: ;   {runtime_call unwind_exception Runtime1 stub}
  0x0000021f6389a718: 5de9 6246 | c8ff f4f4 
[Stub Code]
  0x0000021f6389a720: ;   {no_reloc}
  0x0000021f6389a720: 0f1f 4400 

  0x0000021f6389a724: ;   {static_stub}
  0x0000021f6389a724: 0048 bb00 | 0000 0000 

  0x0000021f6389a72c: ;   {runtime_call}
  0x0000021f6389a72c: 0000 00e9 | fbff ffff 

  0x0000021f6389a734: ;   {static_stub}
  0x0000021f6389a734: 48bb 0000 | 0000 0000 

  0x0000021f6389a73c: ;   {runtime_call}
  0x0000021f6389a73c: 0000 e9fb 

  0x0000021f6389a740: ;   {static_stub}
  0x0000021f6389a740: ffff ff48 | bb00 0000 | 0000 0000 

  0x0000021f6389a74c: ;   {runtime_call}
  0x0000021f6389a74c: 00e9 fbff 

  0x0000021f6389a750: ;   {static_stub}
  0x0000021f6389a750: ffff 48bb | 0000 0000 | 0000 0000 

  0x0000021f6389a75c: ;   {runtime_call}
  0x0000021f6389a75c: e9fb ffff 

  0x0000021f6389a760: ;   {runtime_call handle_exception_from_callee Runtime1 stub}
  0x0000021f6389a760: ffe8 1a73 

  0x0000021f6389a764: ;   {external_word}
  0x0000021f6389a764: c8ff 48b9 | a036 50e6 | fd7f 0000 | 4883 e4f0 

  0x0000021f6389a774: ;   {runtime_call}
  0x0000021f6389a774: 48b8 5024 | 18e6 fd7f | 0000 ffd0 

  0x0000021f6389a780: ;   {section_word}
  0x0000021f6389a780: f449 ba81 | a789 631f | 0200 0041 

  0x0000021f6389a78c: ;   {runtime_call DeoptimizationBlob}
  0x0000021f6389a78c: 52e9 0ea2 | bdff f4f4 | f4f4 f4f4 
[/MachCode]


Compiled method (c1)   10399 1554       1       jdk.internal.loader.BuiltinClassLoader::defineClass (121 bytes)
 total in heap  [0x0000021f6389c290,0x0000021f6389d1a0] = 3856
 relocation     [0x0000021f6389c3e8,0x0000021f6389c530] = 328
 main code      [0x0000021f6389c540,0x0000021f6389cc00] = 1728
 stub code      [0x0000021f6389cc00,0x0000021f6389cd20] = 288
 metadata       [0x0000021f6389cd20,0x0000021f6389cd68] = 72
 scopes data    [0x0000021f6389cd68,0x0000021f6389cfc0] = 600
 scopes pcs     [0x0000021f6389cfc0,0x0000021f6389d160] = 416
 dependencies   [0x0000021f6389d160,0x0000021f6389d168] = 8
 handler table  [0x0000021f6389d168,0x0000021f6389d180] = 24
 nul chk table  [0x0000021f6389d180,0x0000021f6389d1a0] = 32

[Constant Pool (empty)]

[MachCode]
[Entry Point]
  # {method} {0x0000021f00069b60} 'defineClass' '(Ljava/lang/String;Ljdk/internal/loader/Resource;)Ljava/lang/Class;' in 'jdk/internal/loader/BuiltinClassLoader'
  # this:     rdx:rdx   = 'jdk/internal/loader/BuiltinClassLoader'
  # parm0:    r8:r8     = 'java/lang/String'
  # parm1:    r9:r9     = 'jdk/internal/loader/Resource'
  #           [sp+0x110]  (sp of caller)
  0x0000021f6389c540: 448b 5208 | 49bb 0000 | 0000 1f02 | 0000 4d03 | d34c 3bd0 

  0x0000021f6389c554: ;   {runtime_call ic_miss_stub}
  0x0000021f6389c554: 0f85 2622 | bdff 660f | 1f44 0000 
[Verified Entry Point]
  0x0000021f6389c560: 8984 2400 | 80ff ff55 | 4881 ec00 | 0100 0090 | 4181 7f20 | 0100 0000 

  0x0000021f6389c578: ;   {runtime_call StubRoutines (final stubs)}
  0x0000021f6389c578: 7405 e8e1 | 87bb ff48 | 8994 24a0 | 0000 004c | 8984 2490 | 0000 004c | 898c 2498 | 0000 0049 
  0x0000021f6389c598: 8bd1 6666 | 9048 b840 | 5421 001f 

  0x0000021f6389c5a4: ;   {virtual_call}
  0x0000021f6389c5a4: 0200 00e8 

  0x0000021f6389c5a8: ; ImmutableOopMap {[144]=Oop [152]=Oop [160]=Oop }
                      ;*invokevirtual getCodeSourceURL {reexecute=0 rethrow=0 return_oop=0}
                      ; - jdk.internal.loader.BuiltinClassLoader::defineClass@1 (line 842)
  0x0000021f6389c5a8: 7447 0000 

  0x0000021f6389c5ac: ;   {other}
  0x0000021f6389c5ac: 0f1f 8400 | 1c03 0000 | 4889 8424 | a800 0000 | 4c8b 8424 | 9000 0000 

  0x0000021f6389c5c4: ; implicit exception: dispatches to 0x0000021f6389cb02
  0x0000021f6389c5c4: 418b 7014 

  0x0000021f6389c5c8: ; implicit exception: dispatches to 0x0000021f6389cb07
  0x0000021f6389c5c8: 8b56 0c45 | 0fbe 4810 | 498b c9c1 | e118 c1f9 | 18d3 fa48 | 8bfa ffcf | 4585 c9ba | 0000 0000 
  0x0000021f6389c5e8: 7505 ba01 | 0000 0083 | e201 85d2 | 488b d641 | b82e 0000 | 004c 8bcf | 0f84 1300 

  0x0000021f6389c604: ;   {static_call}
  0x0000021f6389c604: 0000 90e8 

  0x0000021f6389c608: ; ImmutableOopMap {[144]=Oop [152]=Oop [160]=Oop [168]=Oop }
                      ;*invokestatic lastIndexOf {reexecute=0 rethrow=0 return_oop=0}
                      ; - java.lang.String::lastIndexOf@13 (line 2573)
                      ; - java.lang.String::lastIndexOf@8 (line 2535)
                      ; - jdk.internal.loader.BuiltinClassLoader::defineClass@8 (line 845)
  0x0000021f6389c608: 341e dfff 

  0x0000021f6389c60c: ;   {other}
  0x0000021f6389c60c: 0f1f 8400 | 7c03 0001 | e913 0000 | 0066 0f1f 

  0x0000021f6389c61c: ;   {static_call}
  0x0000021f6389c61c: 4400 00e8 

  0x0000021f6389c620: ; ImmutableOopMap {[144]=Oop [152]=Oop [160]=Oop [168]=Oop }
                      ;*invokestatic lastIndexOf {reexecute=0 rethrow=0 return_oop=0}
                      ; - java.lang.String::lastIndexOf@25 (line 2574)
                      ; - java.lang.String::lastIndexOf@8 (line 2535)
                      ; - jdk.internal.loader.BuiltinClassLoader::defineClass@8 (line 845)
  0x0000021f6389c620: 5c2a bdff 

  0x0000021f6389c624: ;   {other}
  0x0000021f6389c624: 0f1f 8400 | 9403 0002 | 83f8 ff0f | 847f 0000 | 0041 b800 | 0000 004c | 8bc8 488b | 9424 9000 
  0x0000021f6389c644: ;   {optimized virtual_call}
  0x0000021f6389c644: 0000 90e8 

  0x0000021f6389c648: ; ImmutableOopMap {[144]=Oop [152]=Oop [160]=Oop [168]=Oop }
                      ;*invokevirtual substring {reexecute=0 rethrow=0 return_oop=0}
                      ; - jdk.internal.loader.BuiltinClassLoader::defineClass@23 (line 847)
  0x0000021f6389c648: b4b7 deff 

  0x0000021f6389c64c: ;   {other}
  0x0000021f6389c64c: 0f1f 8400 | bc03 0003 | 488b 9424 | 9800 0000 | 4889 8424 | b000 0000 | 9048 b840 | 5421 001f 
  0x0000021f6389c66c: ;   {virtual_call}
  0x0000021f6389c66c: 0200 00e8 

  0x0000021f6389c670: ; ImmutableOopMap {[144]=Oop [152]=Oop [160]=Oop [168]=Oop [176]=Oop }
                      ;*invokevirtual getManifest {reexecute=0 rethrow=0 return_oop=0}
                      ; - jdk.internal.loader.BuiltinClassLoader::defineClass@29 (line 848)
  0x0000021f6389c670: 2c4a 0000 

  0x0000021f6389c674: ;   {other}
  0x0000021f6389c674: 0f1f 8400 | e403 0004 | 4c8b 8424 | b000 0000 | 4c8b c848 | 8bbc 24a8 | 0000 0048 | 8b94 24a0 
  0x0000021f6389c694: 0000 0066 | 0f1f 4400 | 0048 b8a0 | a106 001f 

  0x0000021f6389c6a4: ;   {virtual_call}
  0x0000021f6389c6a4: 0200 00e8 

  0x0000021f6389c6a8: ; ImmutableOopMap {[144]=Oop [152]=Oop [160]=Oop [168]=Oop }
                      ;*invokevirtual defineOrCheckPackage {reexecute=0 rethrow=0 return_oop=0}
                      ; - jdk.internal.loader.BuiltinClassLoader::defineClass@40 (line 849)
  0x0000021f6389c6a8: f4f0 ffff 

  0x0000021f6389c6ac: ;   {other}
  0x0000021f6389c6ac: 0f1f 8400 | 1c04 0005 | 4c8b 8c24 | 9800 0000 | 488d 9424 | e000 0000 | 4c89 4a08 | 498b 0148 
  0x0000021f6389c6cc: 83c8 0148 | 8902 f049 | 0fb1 110f | 8412 0000 | 0048 2bc4 | 4825 07f0 | ffff 4889 | 020f 851d 
  0x0000021f6389c6ec: 0400 0049 | ff87 4805 | 0000 418b | 510c 4885 | d20f 8551 | 0000 0049 | 8bd1 0f1f | 8000 0000 
  0x0000021f6389c70c: 0048 b840 | 5421 001f 

  0x0000021f6389c714: ;   {virtual_call}
  0x0000021f6389c714: 0200 00e8 

  0x0000021f6389c718: ; ImmutableOopMap {[144]=Oop [152]=Oop [160]=Oop [168]=Oop [232]=Oop }
                      ;*invokevirtual getInputStream {reexecute=0 rethrow=0 return_oop=0}
                      ; - jdk.internal.loader.Resource::cachedInputStream@9 (line 77)
                      ; - jdk.internal.loader.Resource::getByteBuffer@1 (line 163)
                      ; - jdk.internal.loader.BuiltinClassLoader::defineClass@45 (line 853)
  0x0000021f6389c718: 8465 0000 

  0x0000021f6389c71c: ;   {other}
  0x0000021f6389c71c: 0f1f 8400 | 8c04 0006 | 410f be57 | 4085 d24c | 8b8c 2498 | 0000 000f | 85e6 0300 | 004c 8bd0 
  0x0000021f6389c73c: 4589 510c | 498b d148 | 33d0 48c1 | ea14 4883 | fa00 0f85 | e703 0000 | 418b 510c | 488d 8424 
  0x0000021f6389c75c: e000 0000 | 488b 3048 | 85f6 0f84 | 0f00 0000 | 488b 7808 | f048 0fb1 | 370f 85d8 | 0300 0049 
  0x0000021f6389c77c: ff8f 4805 | 0000 4885 | d20f 8443 

  0x0000021f6389c788: ;   {metadata('sun/nio/ByteBuffered')}
  0x0000021f6389c788: 0000 0048 | b880 c336 | 001f 0200 | 008b 5a08 | 49ba 0000 | 0000 1f02 | 0000 4903 | da48 3b43 
  0x0000021f6389c7a8: 200f 8424 | 0000 0048 | 3bd8 0f84 | 1b00 0000 

  0x0000021f6389c7b8: ;   {runtime_call slow_subtype_check Runtime1 stub}
  0x0000021f6389c7b8: 5350 e8c1 | 5ec8 ff5b | 5b85 db0f | 8405 0000 | 00e9 0500 | 0000 4833 | f6eb 0a48 | be01 0000 
  0x0000021f6389c7d8: 0000 0000 | 0085 f60f | 846c 0000 | 0048 85d2 | 0f84 4300 

  0x0000021f6389c7ec: ;   {metadata('sun/nio/ByteBuffered')}
  0x0000021f6389c7ec: 0000 48bb | 80c3 3600 | 1f02 0000 | 8b7a 0849 | ba00 0000 | 001f 0200 | 0049 03fa | 483b 5f20 
  0x0000021f6389c80c: 0f84 1f00 | 0000 483b | fb0f 8416 | 0000 0057 

  0x0000021f6389c81c: ;   {runtime_call slow_subtype_check Runtime1 stub}
  0x0000021f6389c81c: 53e8 5e5e | c8ff 5f5f | 85ff 0f84 | 3d03 0000 | e900 0000 | 000f 1f40 | 0048 b8ff | ffff ffff 
  0x0000021f6389c83c: ;   {virtual_call}
  0x0000021f6389c83c: ffff ffe8 

  0x0000021f6389c840: ; ImmutableOopMap {[144]=Oop [152]=Oop [160]=Oop [168]=Oop }
                      ;*invokeinterface getByteBuffer {reexecute=0 rethrow=0 return_oop=0}
                      ; - jdk.internal.loader.Resource::getByteBuffer@16 (line 165)
                      ; - jdk.internal.loader.BuiltinClassLoader::defineClass@45 (line 853)
  0x0000021f6389c840: 3c25 bdff 

  0x0000021f6389c844: ;   {other}
  0x0000021f6389c844: 0f1f 8400 | b405 0007 | e90a 0000 

  0x0000021f6389c850: ;   {oop(nullptr)}
  0x0000021f6389c850: 0048 b800 | 0000 0000 | 0000 0048 | 85c0 0f84 | 0601 0000 | 4889 8424 | b800 0000 | 488b 9424 
  0x0000021f6389c870: 9800 0000 | 9048 b8ff | ffff ffff 

  0x0000021f6389c87c: ;   {virtual_call}
  0x0000021f6389c87c: ffff ffe8 

  0x0000021f6389c880: ; ImmutableOopMap {[144]=Oop [160]=Oop [168]=Oop [184]=Oop }
                      ;*invokevirtual getCodeSigners {reexecute=0 rethrow=0 return_oop=0}
                      ; - jdk.internal.loader.BuiltinClassLoader::defineClass@56 (line 855)
  0x0000021f6389c880: fc24 bdff 

  0x0000021f6389c884: ;   {other}
  0x0000021f6389c884: 0f1f 8400 | f405 0008 

  0x0000021f6389c88c: ;   {metadata('java/security/CodeSource')}
  0x0000021f6389c88c: 4c8b c848 | bac0 5c00 | 001f 0200 | 0049 8b87 | b801 0000 | 488d 7828 | 493b bfc8 | 0100 000f 
  0x0000021f6389c8ac: 87c1 0200 | 0049 89bf | b801 0000 | 48c7 0001 | 0000 0048 | 8bca 49ba | 0000 0000 | 1f02 0000 
  0x0000021f6389c8cc: 492b ca89 | 4808 4833 | c989 480c | 4833 c948 | 8948 1048 | 8948 1848 | 8948 204c | 8b84 24a8 
  0x0000021f6389c8ec: 0000 0048 | 8bd0 4889 | 8424 c000 | 0000 0f1f 

  0x0000021f6389c8fc: ;   {optimized virtual_call}
  0x0000021f6389c8fc: 4400 00e8 

  0x0000021f6389c900: ; ImmutableOopMap {[144]=Oop [160]=Oop [184]=Oop [192]=Oop }
                      ;*invokespecial <init> {reexecute=0 rethrow=0 return_oop=0}
                      ; - jdk.internal.loader.BuiltinClassLoader::defineClass@68 (line 856)
  0x0000021f6389c900: 7c21 bdff 

  0x0000021f6389c904: ;   {other}
  0x0000021f6389c904: 0f1f 8400 | 7406 0009 | 4c8b 8424 | c000 0000 | 488b 9424 | a000 0000 

  0x0000021f6389c91c: ;   {optimized virtual_call}
  0x0000021f6389c91c: 6666 90e8 

  0x0000021f6389c920: ; ImmutableOopMap {[144]=Oop [160]=Oop [184]=Oop }
                      ;*invokevirtual getProtectionDomain {reexecute=0 rethrow=0 return_oop=0}
                      ; - java.security.SecureClassLoader::defineClass@5 (line 182)
                      ; - jdk.internal.loader.BuiltinClassLoader::defineClass@79 (line 857)
  0x0000021f6389c920: 5c21 bdff 

  0x0000021f6389c924: ;   {other}
  0x0000021f6389c924: 0f1f 8400 | 9406 000a | 4c8b 8424 | 9000 0000 | 4c8b 8c24 | b800 0000 | 488b f848 | 8b94 24a0 
  0x0000021f6389c944: ;   {optimized virtual_call}
  0x0000021f6389c944: 0000 00e8 

  0x0000021f6389c948: ; ImmutableOopMap {}
                      ;*invokevirtual defineClass {reexecute=0 rethrow=0 return_oop=0}
                      ; - java.security.SecureClassLoader::defineClass@8 (line 182)
                      ; - jdk.internal.loader.BuiltinClassLoader::defineClass@79 (line 857)
  0x0000021f6389c948: 3421 bdff 

  0x0000021f6389c94c: ;   {other}
  0x0000021f6389c94c: 0f1f 8400 | bc06 000b | 4881 c400 | 0100 005d 

  0x0000021f6389c95c: ;   {poll_return}
  0x0000021f6389c95c: 493b a748 | 0400 000f | 8716 0200 | 00c3 4c8b | 8c24 9800 | 0000 498b | d148 b840 | 5421 001f 
  0x0000021f6389c97c: ;   {virtual_call}
  0x0000021f6389c97c: 0200 00e8 

  0x0000021f6389c980: ; ImmutableOopMap {[144]=Oop [152]=Oop [160]=Oop [168]=Oop }
                      ;*invokevirtual getBytes {reexecute=0 rethrow=0 return_oop=0}
                      ; - jdk.internal.loader.BuiltinClassLoader::defineClass@84 (line 859)
  0x0000021f6389c980: 5c6f 0000 

  0x0000021f6389c984: ;   {other}
  0x0000021f6389c984: 0f1f 8400 | f406 000c | 4889 8424 | c800 0000 | 488b 9424 | 9800 0000 | 9048 b840 | 5421 001f 
  0x0000021f6389c9a4: ;   {virtual_call}
  0x0000021f6389c9a4: 0200 00e8 

  0x0000021f6389c9a8: ; ImmutableOopMap {[144]=Oop [160]=Oop [168]=Oop [200]=Oop }
                      ;*invokevirtual getCodeSigners {reexecute=0 rethrow=0 return_oop=0}
                      ; - jdk.internal.loader.BuiltinClassLoader::defineClass@90 (line 860)
  0x0000021f6389c9a8: f477 0000 

  0x0000021f6389c9ac: ;   {other}
  0x0000021f6389c9ac: 0f1f 8400 | 1c07 000d 

  0x0000021f6389c9b4: ;   {metadata('java/security/CodeSource')}
  0x0000021f6389c9b4: 4c8b c848 | bac0 5c00 | 001f 0200 | 0049 8b87 | b801 0000 | 488d 7828 | 493b bfc8 | 0100 000f 
  0x0000021f6389c9d4: 87bc 0100 | 0049 89bf | b801 0000 | 48c7 0001 | 0000 0048 | 8bca 49ba | 0000 0000 | 1f02 0000 
  0x0000021f6389c9f4: 492b ca89 | 4808 4833 | c989 480c | 4833 c948 | 8948 1048 | 8948 1848 | 8948 204c | 8b84 24a8 
  0x0000021f6389ca14: 0000 0048 | 8bd0 4889 | 8424 d000 | 0000 0f1f 

  0x0000021f6389ca24: ;   {optimized virtual_call}
  0x0000021f6389ca24: 4400 00e8 

  0x0000021f6389ca28: ; ImmutableOopMap {[144]=Oop [160]=Oop [200]=Oop [208]=Oop }
                      ;*invokespecial <init> {reexecute=0 rethrow=0 return_oop=0}
                      ; - jdk.internal.loader.BuiltinClassLoader::defineClass@102 (line 861)
  0x0000021f6389ca28: d4d1 ffff 

  0x0000021f6389ca2c: ;   {other}
  0x0000021f6389ca2c: 0f1f 8400 | 9c07 000e | 488b 8424 | c800 0000 

  0x0000021f6389ca3c: ; implicit exception: dispatches to 0x0000021f6389cba2
  0x0000021f6389ca3c: 8b70 0c4c | 8b84 24d0 | 0000 0048 | 8b94 24a0 | 0000 0089 | b424 d800 

  0x0000021f6389ca54: ;   {optimized virtual_call}
  0x0000021f6389ca54: 0000 90e8 

  0x0000021f6389ca58: ; ImmutableOopMap {[144]=Oop [160]=Oop [200]=Oop }
                      ;*invokevirtual getProtectionDomain {reexecute=0 rethrow=0 return_oop=0}
                      ; - java.security.SecureClassLoader::defineClass@9 (line 150)
                      ; - jdk.internal.loader.BuiltinClassLoader::defineClass@117 (line 862)
  0x0000021f6389ca58: 849c ffff 

  0x0000021f6389ca5c: ;   {other}
  0x0000021f6389ca5c: 0f1f 8400 | cc07 000f | 4c8b 8424 | 9000 0000 | 4c8b 8c24 | c800 0000 | bf00 0000 | 008b b424 
  0x0000021f6389ca7c: d800 0000 | 488b c848 | 8b94 24a0 | 0000 000f 

  0x0000021f6389ca8c: ;   {optimized virtual_call}
  0x0000021f6389ca8c: 1f40 00e8 

  0x0000021f6389ca90: ; ImmutableOopMap {}
                      ;*invokevirtual defineClass {reexecute=0 rethrow=0 return_oop=0}
                      ; - java.security.SecureClassLoader::defineClass@12 (line 150)
                      ; - jdk.internal.loader.BuiltinClassLoader::defineClass@117 (line 862)
  0x0000021f6389ca90: ecda ffff 

  0x0000021f6389ca94: ;   {other}
  0x0000021f6389ca94: 0f1f 8400 | 0408 0010 | 4881 c400 | 0100 005d 

  0x0000021f6389caa4: ;   {poll_return}
  0x0000021f6389caa4: 493b a748 | 0400 000f | 87f6 0000 | 00c3 498b | 87f8 0400 | 004d 33d2 | 4d89 97f8 | 0400 004d 
  0x0000021f6389cac4: 33d2 4d89 | 9700 0500 | 0048 8bf0 | 488d 8424 | e000 0000 | 488b 3848 | 85ff 0f84 | 0f00 0000 
  0x0000021f6389cae4: 488b 5808 | f048 0fb1 | 3b0f 85ca | 0000 0049 | ff8f 4805 | 0000 488b | c6e9 ee00 

  0x0000021f6389cb00: ;   {runtime_call throw_null_pointer_exception Runtime1 stub}
  0x0000021f6389cb00: 0000 e879 

  0x0000021f6389cb04: ; ImmutableOopMap {rax=Oop r8=Oop [144]=Oop [152]=Oop [160]=Oop [168]=Oop }
                      ;*invokevirtual lastIndexOf {reexecute=0 rethrow=0 return_oop=0}
                      ; - jdk.internal.loader.BuiltinClassLoader::defineClass@8 (line 845)
                      ;   {runtime_call throw_null_pointer_exception Runtime1 stub}
  0x0000021f6389cb04: 31c8 ffe8 

  0x0000021f6389cb08: ; ImmutableOopMap {rax=Oop r8=Oop rsi=Oop [144]=Oop [152]=Oop [160]=Oop [168]=Oop }
                      ;*arraylength {reexecute=0 rethrow=0 return_oop=0}
                      ; - java.lang.String::length@4 (line 1519)
                      ; - java.lang.String::lastIndexOf@3 (line 2535)
                      ; - jdk.internal.loader.BuiltinClassLoader::defineClass@8 (line 845)
  0x0000021f6389cb08: 7431 c8ff | 4c89 4c24 | 0848 8914 

  0x0000021f6389cb14: ;   {runtime_call monitorenter_nofpu Runtime1 stub}
  0x0000021f6389cb14: 24e8 6661 

  0x0000021f6389cb18: ; ImmutableOopMap {r9=Oop [144]=Oop [152]=Oop [160]=Oop [168]=Oop [232]=Oop }
                      ;*synchronization entry
                      ; - jdk.internal.loader.Resource::cachedInputStream@-1 (line 76)
                      ; - jdk.internal.loader.Resource::getByteBuffer@1 (line 163)
                      ; - jdk.internal.loader.BuiltinClassLoader::defineClass@45 (line 853)
  0x0000021f6389cb18: c8ff e9d7 | fbff ff41 | 8b51 0c48 | 83fa 000f | 840c fcff | ff48 8914 

  0x0000021f6389cb30: ;   {runtime_call g1_pre_barrier_slow}
  0x0000021f6389cb30: 24e8 4a88 | c8ff e9fe | fbff ff48 | 83f8 000f | 840f fcff | ff4c 890c 

  0x0000021f6389cb48: ;   {runtime_call g1_post_barrier_slow}
  0x0000021f6389cb48: 24e8 328b | c8ff e901 | fcff ff48 | 8d84 24e0 | 0000 0048 

  0x0000021f6389cb5c: ;   {runtime_call monitorexit_nofpu Runtime1 stub}
  0x0000021f6389cb5c: 8904 24e8 | 1c67 c8ff | e919 fcff | ff48 8914 

  0x0000021f6389cb6c: ;   {runtime_call throw_class_cast_exception Runtime1 stub}
  0x0000021f6389cb6c: 24e8 0e55 

  0x0000021f6389cb70: ; ImmutableOopMap {[144]=Oop [152]=Oop [160]=Oop [168]=Oop }
                      ;*checkcast {reexecute=0 rethrow=0 return_oop=0}
                      ; - jdk.internal.loader.Resource::getByteBuffer@13 (line 165)
                      ; - jdk.internal.loader.BuiltinClassLoader::defineClass@45 (line 853)
  0x0000021f6389cb70: c8ff 488b 

  0x0000021f6389cb74: ;   {runtime_call fast_new_instance Runtime1 stub}
  0x0000021f6389cb74: d2e8 063a 

  0x0000021f6389cb78: ; ImmutableOopMap {r9=Oop [144]=Oop [160]=Oop [168]=Oop [184]=Oop }
                      ;*new {reexecute=0 rethrow=0 return_oop=0}
                      ; - jdk.internal.loader.BuiltinClassLoader::defineClass@61 (line 856)
  0x0000021f6389cb78: c8ff e968 

  0x0000021f6389cb7c: ;   {internal_word}
  0x0000021f6389cb7c: fdff ff49 | ba5c c989 | 631f 0200 | 004d 8997 | 6004 0000 

  0x0000021f6389cb90: ;   {runtime_call SafepointBlob}
  0x0000021f6389cb90: e96b 8bbd | ff48 8bd2 

  0x0000021f6389cb98: ;   {runtime_call fast_new_instance Runtime1 stub}
  0x0000021f6389cb98: e8e3 39c8 

  0x0000021f6389cb9c: ; ImmutableOopMap {r9=Oop [144]=Oop [160]=Oop [168]=Oop [200]=Oop }
                      ;*new {reexecute=0 rethrow=0 return_oop=0}
                      ; - jdk.internal.loader.BuiltinClassLoader::defineClass@95 (line 861)
  0x0000021f6389cb9c: ffe9 6dfe 

  0x0000021f6389cba0: ;   {runtime_call throw_null_pointer_exception Runtime1 stub}
  0x0000021f6389cba0: ffff e8d9 

  0x0000021f6389cba4: ; ImmutableOopMap {rax=Oop [144]=Oop [160]=Oop [200]=Oop [208]=Oop }
                      ;*arraylength {reexecute=0 rethrow=0 return_oop=0}
                      ; - jdk.internal.loader.BuiltinClassLoader::defineClass@114 (line 862)
                      ;   {internal_word}
  0x0000021f6389cba4: 30c8 ff49 | baa4 ca89 | 631f 0200 | 004d 8997 | 6004 0000 

  0x0000021f6389cbb8: ;   {runtime_call SafepointBlob}
  0x0000021f6389cbb8: e943 8bbd | ff48 8d84 | 24e0 0000 | 0048 8904 

  0x0000021f6389cbc8: ;   {runtime_call monitorexit_nofpu Runtime1 stub}
  0x0000021f6389cbc8: 24e8 b266 | c8ff e927 | ffff ff49 | 8b87 f804 | 0000 49c7 | 87f8 0400 | 0000 0000 | 0049 c787 
  0x0000021f6389cbe8: 0005 0000 | 0000 0000 | 4881 c400 | 0100 005d 

  0x0000021f6389cbf8: ;   {runtime_call unwind_exception Runtime1 stub}
  0x0000021f6389cbf8: e983 21c8 | fff4 f4f4 
[Stub Code]
  0x0000021f6389cc00: ;   {no_reloc}
  0x0000021f6389cc00: 0f1f 4400 

  0x0000021f6389cc04: ;   {static_stub}
  0x0000021f6389cc04: 0048 bb00 | 0000 0000 

  0x0000021f6389cc0c: ;   {runtime_call}
  0x0000021f6389cc0c: 0000 00e9 | fbff ffff 

  0x0000021f6389cc14: ;   {static_stub}
  0x0000021f6389cc14: 9048 bb00 | 0000 0000 

  0x0000021f6389cc1c: ;   {runtime_call}
  0x0000021f6389cc1c: 0000 00e9 | fbff ffff 

  0x0000021f6389cc24: ;   {static_stub}
  0x0000021f6389cc24: 9048 bb00 | 0000 0000 

  0x0000021f6389cc2c: ;   {runtime_call}
  0x0000021f6389cc2c: 0000 00e9 | fbff ffff 

  0x0000021f6389cc34: ;   {static_stub}
  0x0000021f6389cc34: 9048 bb00 | 0000 0000 

  0x0000021f6389cc3c: ;   {runtime_call}
  0x0000021f6389cc3c: 0000 00e9 | fbff ffff 

  0x0000021f6389cc44: ;   {static_stub}
  0x0000021f6389cc44: 9048 bb00 | 0000 0000 

  0x0000021f6389cc4c: ;   {runtime_call}
  0x0000021f6389cc4c: 0000 00e9 | fbff ffff 

  0x0000021f6389cc54: ;   {static_stub}
  0x0000021f6389cc54: 9048 bb00 | 0000 0000 

  0x0000021f6389cc5c: ;   {runtime_call}
  0x0000021f6389cc5c: 0000 00e9 | fbff ffff 

  0x0000021f6389cc64: ;   {static_stub}
  0x0000021f6389cc64: 9048 bb00 | 0000 0000 

  0x0000021f6389cc6c: ;   {runtime_call}
  0x0000021f6389cc6c: 0000 00e9 | fbff ffff 

  0x0000021f6389cc74: ;   {static_stub}
  0x0000021f6389cc74: 9048 bb00 | 0000 0000 

  0x0000021f6389cc7c: ;   {runtime_call}
  0x0000021f6389cc7c: 0000 00e9 | fbff ffff 

  0x0000021f6389cc84: ;   {static_stub}
  0x0000021f6389cc84: 48bb 0000 | 0000 0000 

  0x0000021f6389cc8c: ;   {runtime_call}
  0x0000021f6389cc8c: 0000 e9fb 

  0x0000021f6389cc90: ;   {static_stub}
  0x0000021f6389cc90: ffff ff48 | bb00 0000 | 0000 0000 

  0x0000021f6389cc9c: ;   {runtime_call}
  0x0000021f6389cc9c: 00e9 fbff 

  0x0000021f6389cca0: ;   {static_stub}
  0x0000021f6389cca0: ffff 48bb | 0000 0000 | 0000 0000 

  0x0000021f6389ccac: ;   {runtime_call}
  0x0000021f6389ccac: e9fb ffff 

  0x0000021f6389ccb0: ;   {static_stub}
  0x0000021f6389ccb0: ff48 bb00 | 0000 0000 

  0x0000021f6389ccb8: ;   {runtime_call}
  0x0000021f6389ccb8: 0000 00e9 | fbff ffff 

  0x0000021f6389ccc0: ;   {static_stub}
  0x0000021f6389ccc0: 48bb 0000 | 0000 0000 

  0x0000021f6389ccc8: ;   {runtime_call}
  0x0000021f6389ccc8: 0000 e9fb 

  0x0000021f6389cccc: ;   {static_stub}
  0x0000021f6389cccc: ffff ff48 | bb00 0000 | 0000 0000 

  0x0000021f6389ccd8: ;   {runtime_call}
  0x0000021f6389ccd8: 00e9 fbff 

  0x0000021f6389ccdc: ;   {static_stub}
  0x0000021f6389ccdc: ffff 48bb | 0000 0000 | 0000 0000 

  0x0000021f6389cce8: ;   {runtime_call}
  0x0000021f6389cce8: e9fb ffff 

  0x0000021f6389ccec: ;   {runtime_call handle_exception_from_callee Runtime1 stub}
  0x0000021f6389ccec: ffe8 8e4d 

  0x0000021f6389ccf0: ;   {external_word}
  0x0000021f6389ccf0: c8ff 48b9 | a036 50e6 | fd7f 0000 | 4883 e4f0 

  0x0000021f6389cd00: ;   {runtime_call}
  0x0000021f6389cd00: 48b8 5024 | 18e6 fd7f | 0000 ffd0 

  0x0000021f6389cd0c: ;   {section_word}
  0x0000021f6389cd0c: f449 ba0d | cd89 631f | 0200 0041 

  0x0000021f6389cd18: ;   {runtime_call DeoptimizationBlob}
  0x0000021f6389cd18: 52e9 827c | bdff f4f4 
[/MachCode]


---------------  P R O C E S S  ---------------

Threads class SMR info:
_java_thread_list=0x0000021f6f4beee0, length=18, elements={
0x0000021f596ded60, 0x0000021f6a1b2590, 0x0000021f6a1b33a0, 0x0000021f6a1b8450,
0x0000021f6a1ba010, 0x0000021f6a1baa60, 0x0000021f6a1bb4b0, 0x0000021f6a1bbf00,
0x0000021f6a3b63b0, 0x0000021f6a19bba0, 0x0000021f6a251a50, 0x0000021f6a893ac0,
0x0000021f6a8942c0, 0x0000021f6aa51860, 0x0000021f6aa75580, 0x0000021f6aad4d40,
0x0000021f6aaa1980, 0x0000021f6af0c6d0
}

Java Threads: ( => current thread )
  0x0000021f596ded60 JavaThread "main"                              [_thread_in_vm, id=7484, stack(0x00000061ab600000,0x00000061ab700000) (1024K)]
  0x0000021f6a1b2590 JavaThread "Reference Handler"          daemon [_thread_blocked, id=12592, stack(0x00000061abe00000,0x00000061abf00000) (1024K)]
  0x0000021f6a1b33a0 JavaThread "Finalizer"                  daemon [_thread_blocked, id=9524, stack(0x00000061abf00000,0x00000061ac000000) (1024K)]
  0x0000021f6a1b8450 JavaThread "Signal Dispatcher"          daemon [_thread_blocked, id=15008, stack(0x00000061ac000000,0x00000061ac100000) (1024K)]
  0x0000021f6a1ba010 JavaThread "Attach Listener"            daemon [_thread_blocked, id=14532, stack(0x00000061ac100000,0x00000061ac200000) (1024K)]
  0x0000021f6a1baa60 JavaThread "Service Thread"             daemon [_thread_blocked, id=10016, stack(0x00000061ac200000,0x00000061ac300000) (1024K)]
  0x0000021f6a1bb4b0 JavaThread "Monitor Deflation Thread"   daemon [_thread_blocked, id=9144, stack(0x00000061ac300000,0x00000061ac400000) (1024K)]
  0x0000021f6a1bbf00 JavaThread "C1 CompilerThread0"         daemon [_thread_blocked, id=9056, stack(0x00000061ac400000,0x00000061ac500000) (1024K)]
  0x0000021f6a3b63b0 JavaThread "Common-Cleaner"             daemon [_thread_blocked, id=11820, stack(0x00000061ac500000,0x00000061ac600000) (1024K)]
  0x0000021f6a19bba0 JavaThread "C1 CompilerThread1"         daemon [_thread_blocked, id=9400, stack(0x00000061ac600000,0x00000061ac700000) (1024K)]
  0x0000021f6a251a50 JavaThread "C1 CompilerThread2"         daemon [_thread_blocked, id=6120, stack(0x00000061ac700000,0x00000061ac800000) (1024K)]
  0x0000021f6a893ac0 JavaThread "Monitor Ctrl-Break"         daemon [_thread_in_native, id=10556, stack(0x00000061ac800000,0x00000061ac900000) (1024K)]
  0x0000021f6a8942c0 JavaThread "Notification Thread"        daemon [_thread_blocked, id=15276, stack(0x00000061ac900000,0x00000061aca00000) (1024K)]
  0x0000021f6aa51860 JavaThread "RMI TCP Accept-0"           daemon [_thread_in_native, id=11024, stack(0x00000061acd00000,0x00000061ace00000) (1024K)]
  0x0000021f6aa75580 JavaThread "RMI TCP Connection(1)-192.168.0.162" daemon [_thread_in_native, id=9880, stack(0x00000061ace00000,0x00000061acf00000) (1024K)]
  0x0000021f6aad4d40 JavaThread "RMI Scheduler(0)"           daemon [_thread_blocked, id=1324, stack(0x00000061acf00000,0x00000061ad000000) (1024K)]
  0x0000021f6aaa1980 JavaThread "JMX server connection timeout 28" daemon [_thread_blocked, id=10392, stack(0x00000061ad000000,0x00000061ad100000) (1024K)]
=>0x0000021f6af0c6d0 JavaThread "background-preinit"                [_thread_in_vm, id=5932, stack(0x00000061ad100000,0x00000061ad200000) (1024K)]
Total: 18

Other Threads:
  0x0000021f5989d330 VMThread "VM Thread"                           [id=12948, stack(0x00000061abd00000,0x00000061abe00000) (1024K)] _threads_hazard_ptr=0x0000021f6f4beee0
  0x0000021f6a19aa00 WatcherThread "VM Periodic Task Thread"        [id=9072, stack(0x00000061abc00000,0x00000061abd00000) (1024K)]
  0x0000021f59812480 WorkerThread "GC Thread#0"                     [id=5332, stack(0x00000061ab700000,0x00000061ab800000) (1024K)]
  0x0000021f6a9dd010 WorkerThread "GC Thread#1"                     [id=14328, stack(0x00000061aca00000,0x00000061acb00000) (1024K)]
  0x0000021f6a9f1e50 WorkerThread "GC Thread#2"                     [id=5516, stack(0x00000061acb00000,0x00000061acc00000) (1024K)]
  0x0000021f6a9f6200 WorkerThread "GC Thread#3"                     [id=6260, stack(0x00000061acc00000,0x00000061acd00000) (1024K)]
  0x0000021f5981c270 ConcurrentGCThread "G1 Main Marker"            [id=9180, stack(0x00000061ab800000,0x00000061ab900000) (1024K)]
  0x0000021f5981d420 WorkerThread "G1 Conc#0"                       [id=8408, stack(0x00000061ab900000,0x00000061aba00000) (1024K)]
  0x0000021f59879130 ConcurrentGCThread "G1 Refine#0"               [id=2588, stack(0x00000061aba00000,0x00000061abb00000) (1024K)]
  0x0000021f59879bb0 ConcurrentGCThread "G1 Service"                [id=11224, stack(0x00000061abb00000,0x00000061abc00000) (1024K)]
Total: 10

Threads with active compile tasks:
Total: 0

VM state: synchronizing (normal execution)

VM Mutex/Monitor currently owned by a thread:  ([mutex/lock_event])
[0x00007ffde6799e18] Metaspace_lock - owner thread: 0x0000021f6af0c6d0
[0x00007ffde679be98] Threads_lock - owner thread: 0x0000021f5989d330

Heap address: 0x00000000c1600000, size: 1002 MB, Compressed Oops mode: 32-bit

CDS archive(s) mapped at: [0x0000021f00000000-0x0000021f00c90000-0x0000021f00c90000), size 13172736, SharedBaseAddress: 0x0000021f00000000, ArchiveRelocationMode: 1.
Compressed class space mapped at: 0x0000021f01000000-0x0000021f41000000, reserved size: 1073741824
Narrow klass base: 0x0000021f00000000, Narrow klass shift: 0, Narrow klass range: 0x100000000

GC Precious Log:
 CardTable entry size: 512
 Card Set container configuration: InlinePtr #cards 5 size 8 Array Of Cards #cards 12 size 40 Howl #buckets 4 coarsen threshold 1843 Howl Bitmap #cards 512 size 80 coarsen threshold 460 Card regions per heap region 1 cards per card region 2048
 CPUs: 4 total, 4 available
 Memory: 4007M
 Large Page Support: Disabled
 NUMA Support: Disabled
 Compressed Oops: Enabled (32-bit)
 Heap Region Size: 1M
 Heap Min Capacity: 8M
 Heap Initial Capacity: 64M
 Heap Max Capacity: 1002M
 Pre-touch: Disabled
 Parallel Workers: 4
 Concurrent Workers: 1
 Concurrent Refinement Workers: 4
 Periodic GC: Disabled

Heap:
 garbage-first heap   total 65536K, used 35651K [0x00000000c1600000, 0x0000000100000000)
  region size 1024K, 28 young (28672K), 3 survivors (3072K)
 Metaspace       used 18744K, committed 19072K, reserved 1114112K
  class space    used 2458K, committed 2624K, reserved 1048576K

Heap Regions: E=young(eden), S=young(survivor), O=old, HS=humongous(starts), HC=humongous(continues), CS=collection set, F=free, TAMS=top-at-mark-start, PB=parsable bottom
|   0|0x00000000c1600000, 0x00000000c1700000, 0x00000000c1700000|100%|HS|  |TAMS 0x00000000c1600000| PB 0x00000000c1600000| Complete 
|   1|0x00000000c1700000, 0x00000000c1800000, 0x00000000c1800000|100%|HS|  |TAMS 0x00000000c1700000| PB 0x00000000c1700000| Complete 
|   2|0x00000000c1800000, 0x00000000c1900000, 0x00000000c1900000|100%| O|  |TAMS 0x00000000c1800000| PB 0x00000000c1800000| Untracked 
|   3|0x00000000c1900000, 0x00000000c1a00000, 0x00000000c1a00000|100%| O|  |TAMS 0x00000000c1900000| PB 0x00000000c1900000| Untracked 
|   4|0x00000000c1a00000, 0x00000000c1b00000, 0x00000000c1b00000|100%| O|  |TAMS 0x00000000c1a00000| PB 0x00000000c1a00000| Untracked 
|   5|0x00000000c1b00000, 0x00000000c1c00000, 0x00000000c1c00000|100%| O|  |TAMS 0x00000000c1b00000| PB 0x00000000c1b00000| Untracked 
|   6|0x00000000c1c00000, 0x00000000c1d00000, 0x00000000c1d00000|100%| O|  |TAMS 0x00000000c1c00000| PB 0x00000000c1c00000| Untracked 
|   7|0x00000000c1d00000, 0x00000000c1e00000, 0x00000000c1e00000|100%| O|  |TAMS 0x00000000c1d00000| PB 0x00000000c1d00000| Untracked 
|   8|0x00000000c1e00000, 0x00000000c1ed0c38, 0x00000000c1f00000| 81%| O|  |TAMS 0x00000000c1e00000| PB 0x00000000c1e00000| Untracked 
|   9|0x00000000c1f00000, 0x00000000c1f00000, 0x00000000c2000000|  0%| F|  |TAMS 0x00000000c1f00000| PB 0x00000000c1f00000| Untracked 
|  10|0x00000000c2000000, 0x00000000c2000000, 0x00000000c2100000|  0%| F|  |TAMS 0x00000000c2000000| PB 0x00000000c2000000| Untracked 
|  11|0x00000000c2100000, 0x00000000c2100000, 0x00000000c2200000|  0%| F|  |TAMS 0x00000000c2100000| PB 0x00000000c2100000| Untracked 
|  12|0x00000000c2200000, 0x00000000c2200000, 0x00000000c2300000|  0%| F|  |TAMS 0x00000000c2200000| PB 0x00000000c2200000| Untracked 
|  13|0x00000000c2300000, 0x00000000c2300000, 0x00000000c2400000|  0%| F|  |TAMS 0x00000000c2300000| PB 0x00000000c2300000| Untracked 
|  14|0x00000000c2400000, 0x00000000c2400000, 0x00000000c2500000|  0%| F|  |TAMS 0x00000000c2400000| PB 0x00000000c2400000| Untracked 
|  15|0x00000000c2500000, 0x00000000c2500000, 0x00000000c2600000|  0%| F|  |TAMS 0x00000000c2500000| PB 0x00000000c2500000| Untracked 
|  16|0x00000000c2600000, 0x00000000c2600000, 0x00000000c2700000|  0%| F|  |TAMS 0x00000000c2600000| PB 0x00000000c2600000| Untracked 
|  17|0x00000000c2700000, 0x00000000c2700000, 0x00000000c2800000|  0%| F|  |TAMS 0x00000000c2700000| PB 0x00000000c2700000| Untracked 
|  18|0x00000000c2800000, 0x00000000c2800000, 0x00000000c2900000|  0%| F|  |TAMS 0x00000000c2800000| PB 0x00000000c2800000| Untracked 
|  19|0x00000000c2900000, 0x00000000c2900000, 0x00000000c2a00000|  0%| F|  |TAMS 0x00000000c2900000| PB 0x00000000c2900000| Untracked 
|  20|0x00000000c2a00000, 0x00000000c2a00000, 0x00000000c2b00000|  0%| F|  |TAMS 0x00000000c2a00000| PB 0x00000000c2a00000| Untracked 
|  21|0x00000000c2b00000, 0x00000000c2b00000, 0x00000000c2c00000|  0%| F|  |TAMS 0x00000000c2b00000| PB 0x00000000c2b00000| Untracked 
|  22|0x00000000c2c00000, 0x00000000c2c00000, 0x00000000c2d00000|  0%| F|  |TAMS 0x00000000c2c00000| PB 0x00000000c2c00000| Untracked 
|  23|0x00000000c2d00000, 0x00000000c2d00000, 0x00000000c2e00000|  0%| F|  |TAMS 0x00000000c2d00000| PB 0x00000000c2d00000| Untracked 
|  24|0x00000000c2e00000, 0x00000000c2e00000, 0x00000000c2f00000|  0%| F|  |TAMS 0x00000000c2e00000| PB 0x00000000c2e00000| Untracked 
|  25|0x00000000c2f00000, 0x00000000c2f00000, 0x00000000c3000000|  0%| F|  |TAMS 0x00000000c2f00000| PB 0x00000000c2f00000| Untracked 
|  26|0x00000000c3000000, 0x00000000c3000000, 0x00000000c3100000|  0%| F|  |TAMS 0x00000000c3000000| PB 0x00000000c3000000| Untracked 
|  27|0x00000000c3100000, 0x00000000c3100000, 0x00000000c3200000|  0%| F|  |TAMS 0x00000000c3100000| PB 0x00000000c3100000| Untracked 
|  28|0x00000000c3200000, 0x00000000c3200000, 0x00000000c3300000|  0%| F|  |TAMS 0x00000000c3200000| PB 0x00000000c3200000| Untracked 
|  29|0x00000000c3300000, 0x00000000c3300000, 0x00000000c3400000|  0%| F|  |TAMS 0x00000000c3300000| PB 0x00000000c3300000| Untracked 
|  30|0x00000000c3400000, 0x00000000c3400000, 0x00000000c3500000|  0%| F|  |TAMS 0x00000000c3400000| PB 0x00000000c3400000| Untracked 
|  31|0x00000000c3500000, 0x00000000c3500000, 0x00000000c3600000|  0%| F|  |TAMS 0x00000000c3500000| PB 0x00000000c3500000| Untracked 
|  32|0x00000000c3600000, 0x00000000c3600000, 0x00000000c3700000|  0%| F|  |TAMS 0x00000000c3600000| PB 0x00000000c3600000| Untracked 
|  33|0x00000000c3700000, 0x00000000c3700000, 0x00000000c3800000|  0%| F|  |TAMS 0x00000000c3700000| PB 0x00000000c3700000| Untracked 
|  34|0x00000000c3800000, 0x00000000c3900000, 0x00000000c3900000|100%| S|CS|TAMS 0x00000000c3800000| PB 0x00000000c3800000| Complete 
|  35|0x00000000c3900000, 0x00000000c3a00000, 0x00000000c3a00000|100%| S|CS|TAMS 0x00000000c3900000| PB 0x00000000c3900000| Complete 
|  36|0x00000000c3a00000, 0x00000000c3b00000, 0x00000000c3b00000|100%| S|CS|TAMS 0x00000000c3a00000| PB 0x00000000c3a00000| Complete 
|  37|0x00000000c3b00000, 0x00000000c3b00000, 0x00000000c3c00000|  0%| F|  |TAMS 0x00000000c3b00000| PB 0x00000000c3b00000| Untracked 
|  38|0x00000000c3c00000, 0x00000000c3c00000, 0x00000000c3d00000|  0%| F|  |TAMS 0x00000000c3c00000| PB 0x00000000c3c00000| Untracked 
|  39|0x00000000c3d00000, 0x00000000c3d8b3e8, 0x00000000c3e00000| 54%| E|  |TAMS 0x00000000c3d00000| PB 0x00000000c3d00000| Complete 
|  40|0x00000000c3e00000, 0x00000000c3f00000, 0x00000000c3f00000|100%| E|CS|TAMS 0x00000000c3e00000| PB 0x00000000c3e00000| Complete 
|  41|0x00000000c3f00000, 0x00000000c4000000, 0x00000000c4000000|100%| E|CS|TAMS 0x00000000c3f00000| PB 0x00000000c3f00000| Complete 
|  42|0x00000000c4000000, 0x00000000c4100000, 0x00000000c4100000|100%| E|CS|TAMS 0x00000000c4000000| PB 0x00000000c4000000| Complete 
|  43|0x00000000c4100000, 0x00000000c4200000, 0x00000000c4200000|100%| E|CS|TAMS 0x00000000c4100000| PB 0x00000000c4100000| Complete 
|  44|0x00000000c4200000, 0x00000000c4300000, 0x00000000c4300000|100%| E|  |TAMS 0x00000000c4200000| PB 0x00000000c4200000| Complete 
|  45|0x00000000c4300000, 0x00000000c4400000, 0x00000000c4400000|100%| E|CS|TAMS 0x00000000c4300000| PB 0x00000000c4300000| Complete 
|  46|0x00000000c4400000, 0x00000000c4500000, 0x00000000c4500000|100%| E|CS|TAMS 0x00000000c4400000| PB 0x00000000c4400000| Complete 
|  47|0x00000000c4500000, 0x00000000c4600000, 0x00000000c4600000|100%| E|CS|TAMS 0x00000000c4500000| PB 0x00000000c4500000| Complete 
|  48|0x00000000c4600000, 0x00000000c4700000, 0x00000000c4700000|100%| E|CS|TAMS 0x00000000c4600000| PB 0x00000000c4600000| Complete 
|  49|0x00000000c4700000, 0x00000000c4800000, 0x00000000c4800000|100%| E|CS|TAMS 0x00000000c4700000| PB 0x00000000c4700000| Complete 
|  50|0x00000000c4800000, 0x00000000c4900000, 0x00000000c4900000|100%| E|CS|TAMS 0x00000000c4800000| PB 0x00000000c4800000| Complete 
|  51|0x00000000c4900000, 0x00000000c4a00000, 0x00000000c4a00000|100%| E|CS|TAMS 0x00000000c4900000| PB 0x00000000c4900000| Complete 
|  52|0x00000000c4a00000, 0x00000000c4b00000, 0x00000000c4b00000|100%| E|CS|TAMS 0x00000000c4a00000| PB 0x00000000c4a00000| Complete 
|  53|0x00000000c4b00000, 0x00000000c4c00000, 0x00000000c4c00000|100%| E|CS|TAMS 0x00000000c4b00000| PB 0x00000000c4b00000| Complete 
|  54|0x00000000c4c00000, 0x00000000c4d00000, 0x00000000c4d00000|100%| E|CS|TAMS 0x00000000c4c00000| PB 0x00000000c4c00000| Complete 
|  55|0x00000000c4d00000, 0x00000000c4e00000, 0x00000000c4e00000|100%| E|CS|TAMS 0x00000000c4d00000| PB 0x00000000c4d00000| Complete 
|  56|0x00000000c4e00000, 0x00000000c4f00000, 0x00000000c4f00000|100%| E|CS|TAMS 0x00000000c4e00000| PB 0x00000000c4e00000| Complete 
|  57|0x00000000c4f00000, 0x00000000c5000000, 0x00000000c5000000|100%| E|CS|TAMS 0x00000000c4f00000| PB 0x00000000c4f00000| Complete 
|  58|0x00000000c5000000, 0x00000000c5100000, 0x00000000c5100000|100%| E|CS|TAMS 0x00000000c5000000| PB 0x00000000c5000000| Complete 
|  59|0x00000000c5100000, 0x00000000c5200000, 0x00000000c5200000|100%| E|CS|TAMS 0x00000000c5100000| PB 0x00000000c5100000| Complete 
|  60|0x00000000c5200000, 0x00000000c5300000, 0x00000000c5300000|100%| E|CS|TAMS 0x00000000c5200000| PB 0x00000000c5200000| Complete 
|  61|0x00000000c5300000, 0x00000000c5400000, 0x00000000c5400000|100%| E|CS|TAMS 0x00000000c5300000| PB 0x00000000c5300000| Complete 
|  62|0x00000000c5400000, 0x00000000c5500000, 0x00000000c5500000|100%| E|CS|TAMS 0x00000000c5400000| PB 0x00000000c5400000| Complete 
|  63|0x00000000c5500000, 0x00000000c5600000, 0x00000000c5600000|100%| E|CS|TAMS 0x00000000c5500000| PB 0x00000000c5500000| Complete 

Card table byte_map: [0x0000021f66a60000,0x0000021f66c60000] _byte_map_base: 0x0000021f66455000

Marking Bits: (CMBitMap*) 0x0000021f59812a90
 Bits: [0x0000021f66c60000, 0x0000021f67c08000)

Polling page: 0x0000021f59610000

Metaspace:

Usage:
  Non-class:     15.90 MB used.
      Class:      2.40 MB used.
       Both:     18.31 MB used.

Virtual space:
  Non-class space:       64.00 MB reserved,      16.06 MB ( 25%) committed,  1 nodes.
      Class space:        1.00 GB reserved,       2.56 MB ( <1%) committed,  1 nodes.
             Both:        1.06 GB reserved,      18.62 MB (  2%) committed. 

Chunk freelists:
   Non-Class:  15.48 MB
       Class:  13.34 MB
        Both:  28.83 MB

MaxMetaspaceSize: unlimited
CompressedClassSpaceSize: 1.00 GB
Initial GC threshold: 21.00 MB
Current GC threshold: 21.00 MB
CDS: on
 - commit_granule_bytes: 65536.
 - commit_granule_words: 8192.
 - virtual_space_node_default_size: 8388608.
 - enlarge_chunks_in_place: 1.
 - use_allocation_guard: 0.


Internal statistics:

num_allocs_failed_limit: 0.
num_arena_births: 454.
num_arena_deaths: 0.
num_vsnodes_births: 2.
num_vsnodes_deaths: 0.
num_space_committed: 298.
num_space_uncommitted: 0.
num_chunks_returned_to_freelist: 0.
num_chunks_taken_from_freelist: 1034.
num_chunk_merges: 0.
num_chunk_splits: 684.
num_chunks_enlarged: 447.
num_inconsistent_stats: 0.

CodeCache: size=49152Kb used=6125Kb max_used=6125Kb free=43027Kb
 bounds [0x0000021f63420000, 0x0000021f63a20000, 0x0000021f66420000]
 total_blobs=3033 nmethods=2508 adapters=447
 compilation: enabled
              stopped_count=0, restarted_count=0
 full_count=0

Compilation events (20 events):
Event: 10.011 Thread 0x0000021f6a1bbf00 2499       1       org.springframework.asm.ClassReader::readUtf (161 bytes)
Event: 10.011 Thread 0x0000021f6a19bba0 2500       1       java.nio.ByteBuffer::wrap (8 bytes)
Event: 10.012 Thread 0x0000021f6a251a50 2501   !   1       java.nio.ByteBuffer::wrap (21 bytes)
Event: 10.012 Thread 0x0000021f6a251a50 nmethod 2501 0x0000021f63a17190 code [0x0000021f63a17340, 0x0000021f63a17598]
Event: 10.012 Thread 0x0000021f6a251a50 2502       1       java.nio.HeapByteBuffer::<init> (23 bytes)
Event: 10.012 Thread 0x0000021f6a1bbf00 nmethod 2499 0x0000021f63a17710 code [0x0000021f63a178e0, 0x0000021f63a17c58]
Event: 10.012 Thread 0x0000021f6a19bba0 nmethod 2500 0x0000021f63a17f90 code [0x0000021f63a18140, 0x0000021f63a18398]
Event: 10.012 Thread 0x0000021f6a251a50 nmethod 2502 0x0000021f63a18510 code [0x0000021f63a186a0, 0x0000021f63a187c0]
Event: 10.020 Thread 0x0000021f6a251a50 2503       1       org.springframework.asm.ClassReader::readUtf (44 bytes)
Event: 10.020 Thread 0x0000021f6a1bbf00 2504       1       org.springframework.asm.ClassReader::readUTF8 (23 bytes)
Event: 10.020 Thread 0x0000021f6a19bba0 2505       1       org.springframework.asm.ClassReader::readInt (52 bytes)
Event: 10.020 Thread 0x0000021f6a1bbf00 nmethod 2504 0x0000021f63a18890 code [0x0000021f63a18a40, 0x0000021f63a18bc8]
Event: 10.020 Thread 0x0000021f6a251a50 nmethod 2503 0x0000021f63a18d10 code [0x0000021f63a18ee0, 0x0000021f63a191a8]
Event: 10.020 Thread 0x0000021f6a19bba0 nmethod 2505 0x0000021f63a19390 code [0x0000021f63a19520, 0x0000021f63a19670]
Event: 10.038 Thread 0x0000021f6a19bba0 2506       1       java.util.Collections::singletonList (9 bytes)
Event: 10.038 Thread 0x0000021f6a1bbf00 2507       1       java.util.Collections$SingletonList::<init> (10 bytes)
Event: 10.039 Thread 0x0000021f6a19bba0 nmethod 2506 0x0000021f63a19710 code [0x0000021f63a198a0, 0x0000021f63a199f0]
Event: 10.039 Thread 0x0000021f6a1bbf00 nmethod 2507 0x0000021f63a19a90 code [0x0000021f63a19c20, 0x0000021f63a19d38]
Event: 10.040 Thread 0x0000021f6a1bbf00 2508   !   1       sun.reflect.annotation.AnnotationParser::parseAnnotation2 (275 bytes)
Event: 10.042 Thread 0x0000021f6a1bbf00 nmethod 2508 0x0000021f63a19d90 code [0x0000021f63a1a0c0, 0x0000021f63a1ac18]

GC Heap History (6 events):
Event: 2.202 GC heap before
{Heap before GC invocations=0 (full 0):
 garbage-first heap   total 65536K, used 14336K [0x00000000c1600000, 0x0000000100000000)
  region size 1024K, 13 young (13312K), 0 survivors (0K)
 Metaspace       used 3575K, committed 3712K, reserved 1114112K
  class space    used 399K, committed 448K, reserved 1048576K
}
Event: 2.218 GC heap after
{Heap after GC invocations=1 (full 0):
 garbage-first heap   total 65536K, used 8896K [0x00000000c1600000, 0x0000000100000000)
  region size 1024K, 2 young (2048K), 2 survivors (2048K)
 Metaspace       used 3575K, committed 3712K, reserved 1114112K
  class space    used 399K, committed 448K, reserved 1048576K
}
Event: 3.018 GC heap before
{Heap before GC invocations=1 (full 0):
 garbage-first heap   total 65536K, used 17088K [0x00000000c1600000, 0x0000000100000000)
  region size 1024K, 11 young (11264K), 2 survivors (2048K)
 Metaspace       used 7071K, committed 7424K, reserved 1114112K
  class space    used 847K, committed 1024K, reserved 1048576K
}
Event: 3.028 GC heap after
{Heap after GC invocations=2 (full 0):
 garbage-first heap   total 65536K, used 10163K [0x00000000c1600000, 0x0000000100000000)
  region size 1024K, 2 young (2048K), 2 survivors (2048K)
 Metaspace       used 7071K, committed 7424K, reserved 1114112K
  class space    used 847K, committed 1024K, reserved 1048576K
}
Event: 7.172 GC heap before
{Heap before GC invocations=2 (full 0):
 garbage-first heap   total 65536K, used 34739K [0x00000000c1600000, 0x0000000100000000)
  region size 1024K, 27 young (27648K), 2 survivors (2048K)
 Metaspace       used 13080K, committed 13440K, reserved 1114112K
  class space    used 1752K, committed 1920K, reserved 1048576K
}
Event: 7.182 GC heap after
{Heap after GC invocations=3 (full 0):
 garbage-first heap   total 65536K, used 12099K [0x00000000c1600000, 0x0000000100000000)
  region size 1024K, 3 young (3072K), 3 survivors (3072K)
 Metaspace       used 13080K, committed 13440K, reserved 1114112K
  class space    used 1752K, committed 1920K, reserved 1048576K
}

Dll operation events (10 events):
Event: 0.030 Loaded shared library C:\Program Files\Java\jdk-21\bin\java.dll
Event: 1.029 Loaded shared library C:\Program Files\Java\jdk-21\bin\zip.dll
Event: 1.047 Loaded shared library C:\Program Files\Java\jdk-21\bin\instrument.dll
Event: 1.089 Loaded shared library C:\Program Files\Java\jdk-21\bin\net.dll
Event: 1.104 Loaded shared library C:\Program Files\Java\jdk-21\bin\nio.dll
Event: 1.118 Loaded shared library C:\Program Files\Java\jdk-21\bin\zip.dll
Event: 1.175 Loaded shared library C:\Program Files\Java\jdk-21\bin\jimage.dll
Event: 1.717 Loaded shared library C:\Program Files\Java\jdk-21\bin\management.dll
Event: 1.754 Loaded shared library C:\Program Files\Java\jdk-21\bin\extnet.dll
Event: 1.775 Loaded shared library C:\Program Files\Java\jdk-21\bin\management_ext.dll

Deoptimization events (0 events):
No events

Classes loaded (20 events):
Event: 9.595 Loading class java/nio/file/FileVisitOption
Event: 9.596 Loading class java/nio/file/FileVisitOption done
Event: 9.596 Loading class java/nio/file/FileTreeIterator
Event: 9.597 Loading class java/nio/file/FileTreeIterator done
Event: 9.598 Loading class java/nio/file/FileTreeWalker
Event: 9.600 Loading class java/nio/file/FileTreeWalker done
Event: 9.600 Loading class java/nio/file/FileTreeWalker$1
Event: 9.600 Loading class java/nio/file/FileTreeWalker$1 done
Event: 9.602 Loading class java/nio/file/FileTreeWalker$DirectoryNode
Event: 9.602 Loading class java/nio/file/FileTreeWalker$DirectoryNode done
Event: 9.603 Loading class java/nio/file/FileTreeWalker$Event
Event: 9.603 Loading class java/nio/file/FileTreeWalker$Event done
Event: 9.603 Loading class java/nio/file/FileTreeWalker$EventType
Event: 9.603 Loading class java/nio/file/FileTreeWalker$EventType done
Event: 9.667 Loading class java/util/regex/Pattern$LazyLoop
Event: 9.668 Loading class java/util/regex/Pattern$Loop
Event: 9.669 Loading class java/util/regex/Pattern$Loop done
Event: 9.669 Loading class java/util/regex/Pattern$LazyLoop done
Event: 9.670 Loading class java/util/regex/Pattern$Prolog
Event: 9.670 Loading class java/util/regex/Pattern$Prolog done

Classes unloaded (0 events):
No events

Classes redefined (0 events):
No events

Internal exceptions (20 events):
Event: 4.378 Thread 0x0000021f596ded60 Exception <a 'java/lang/NoSuchMethodError'{0x00000000c4730288}: 'java.lang.Object java.lang.invoke.DirectMethodHandle$Holder.invokeSpecial(java.lang.Object, java.lang.Object, java.lang.Object, java.lang.Object, java.lang.Object, java.lang.Object, java.lang.Object, int)'> (0x00000000c4730288) 
thrown [s\open\src\hotspot\share\interpreter\linkResolver.cpp, line 773]
Event: 4.492 Thread 0x0000021f596ded60 Exception <a 'java/lang/NoSuchMethodError'{0x00000000c4664c28}: 'void java.lang.invoke.DirectMethodHandle$Holder.invokeSpecial(java.lang.Object, java.lang.Object, java.lang.Object, java.lang.Object, java.lang.Object)'> (0x00000000c4664c28) 
thrown [s\open\src\hotspot\share\interpreter\linkResolver.cpp, line 773]
Event: 4.524 Thread 0x0000021f596ded60 Exception <a 'java/lang/NoSuchMethodError'{0x00000000c46aa6e8}: 'int java.lang.invoke.DirectMethodHandle$Holder.invokeVirtual(java.lang.Object, java.lang.Object)'> (0x00000000c46aa6e8) 
thrown [s\open\src\hotspot\share\interpreter\linkResolver.cpp, line 773]
Event: 4.624 Thread 0x0000021f596ded60 Exception <a 'java/lang/NoSuchMethodError'{0x00000000c4545a60}: 'java.lang.Object java.lang.invoke.DirectMethodHandle$Holder.invokeSpecial(java.lang.Object, java.lang.Object, java.lang.Object, int, java.lang.Object)'> (0x00000000c4545a60) 
thrown [s\open\src\hotspot\share\interpreter\linkResolver.cpp, line 773]
Event: 4.626 Thread 0x0000021f596ded60 Exception <a 'java/lang/NoSuchMethodError'{0x00000000c454d2e0}: 'java.lang.Object java.lang.invoke.DirectMethodHandle$Holder.newInvokeSpecial(java.lang.Object, java.lang.Object, java.lang.Object, int, java.lang.Object)'> (0x00000000c454d2e0) 
thrown [s\open\src\hotspot\share\interpreter\linkResolver.cpp, line 773]
Event: 4.628 Thread 0x0000021f596ded60 Exception <a 'java/lang/NoSuchMethodError'{0x00000000c45547b8}: 'java.lang.Object java.lang.invoke.Invokers$Holder.linkToTargetMethod(java.lang.Object, java.lang.Object, int, java.lang.Object, java.lang.Object)'> (0x00000000c45547b8) 
thrown [s\open\src\hotspot\share\interpreter\linkResolver.cpp, line 773]
Event: 4.632 Thread 0x0000021f596ded60 Exception <a 'java/lang/NoSuchMethodError'{0x00000000c4561b70}: 'java.lang.Object java.lang.invoke.DirectMethodHandle$Holder.newInvokeSpecial(java.lang.Object, int, java.lang.Object)'> (0x00000000c4561b70) 
thrown [s\open\src\hotspot\share\interpreter\linkResolver.cpp, line 773]
Event: 4.633 Thread 0x0000021f596ded60 Exception <a 'java/lang/NoSuchMethodError'{0x00000000c4565ad0}: 'int java.lang.invoke.DirectMethodHandle$Holder.invokeSpecialIFC(java.lang.Object, java.lang.Object, java.lang.Object, java.lang.Object)'> (0x00000000c4565ad0) 
thrown [s\open\src\hotspot\share\interpreter\linkResolver.cpp, line 773]
Event: 4.743 Thread 0x0000021f596ded60 Exception <a 'java/lang/NoSuchMethodError'{0x00000000c443a430}: 'void java.lang.invoke.DirectMethodHandle$Holder.invokeInterface(java.lang.Object, java.lang.Object, java.lang.Object)'> (0x00000000c443a430) 
thrown [s\open\src\hotspot\share\interpreter\linkResolver.cpp, line 773]
Event: 4.872 Thread 0x0000021f596ded60 Exception <a 'java/lang/NoSuchMethodError'{0x00000000c44d3210}: 'java.lang.Object java.lang.invoke.DirectMethodHandle$Holder.invokeVirtual(java.lang.Object, java.lang.Object, java.lang.Object)'> (0x00000000c44d3210) 
thrown [s\open\src\hotspot\share\interpreter\linkResolver.cpp, line 773]
Event: 4.980 Thread 0x0000021f596ded60 Exception <a 'java/lang/NoSuchMethodError'{0x00000000c43c0a48}: 'void java.lang.invoke.DirectMethodHandle$Holder.invokeStatic(java.lang.Object, java.lang.Object, int)'> (0x00000000c43c0a48) 
thrown [s\open\src\hotspot\share\interpreter\linkResolver.cpp, line 773]
Event: 5.001 Thread 0x0000021f596ded60 Exception <a 'java/lang/NoSuchMethodError'{0x00000000c43cfef0}: 'void java.lang.invoke.DirectMethodHandle$Holder.invokeStaticInit(java.lang.Object, java.lang.Object, java.lang.Object)'> (0x00000000c43cfef0) 
thrown [s\open\src\hotspot\share\interpreter\linkResolver.cpp, line 773]
Event: 5.091 Thread 0x0000021f596ded60 Exception <a 'java/lang/NoSuchMethodError'{0x00000000c427ee70}: 'void java.lang.invoke.DirectMethodHandle$Holder.invokeVirtual(java.lang.Object, java.lang.Object, java.lang.Object, java.lang.Object)'> (0x00000000c427ee70) 
thrown [s\open\src\hotspot\share\interpreter\linkResolver.cpp, line 773]
Event: 6.628 Thread 0x0000021f596ded60 Exception <a 'java/lang/NoSuchMethodError'{0x00000000c3f72ea8}: 'java.lang.reflect.Field[] java.lang.Class.getDeclaredFields(java.lang.Class)'> (0x00000000c3f72ea8) 
thrown [s\open\src\hotspot\share\interpreter\linkResolver.cpp, line 773]
Event: 6.658 Thread 0x0000021f596ded60 Exception <a 'java/lang/NoSuchMethodError'{0x00000000c3f77778}: 'java.lang.Object java.lang.invoke.DirectMethodHandle$Holder.invokeStatic(java.lang.Object, java.lang.Object, int)'> (0x00000000c3f77778) 
thrown [s\open\src\hotspot\share\interpreter\linkResolver.cpp, line 773]
Event: 6.673 Thread 0x0000021f596ded60 Exception <a 'java/lang/NoSuchMethodError'{0x00000000c3f82698}: 'void java.lang.invoke.DelegatingMethodHandle$Holder.delegate(java.lang.Object, java.lang.Object, int, java.lang.Object)'> (0x00000000c3f82698) 
thrown [s\open\src\hotspot\share\interpreter\linkResolver.cpp, line 773]
Event: 6.815 Thread 0x0000021f596ded60 Exception <a 'java/lang/IncompatibleClassChangeError'{0x00000000c3e0e808}: Found class java.lang.Object, but interface was expected> (0x00000000c3e0e808) 
thrown [s\open\src\hotspot\share\interpreter\linkResolver.cpp, line 840]
Event: 7.512 Thread 0x0000021f596ded60 Exception <a 'java/lang/NoSuchMethodError'{0x00000000c504a040}: 'java.lang.Object java.lang.invoke.DirectMethodHandle$Holder.invokeStatic(java.lang.Object, int, java.lang.Object)'> (0x00000000c504a040) 
thrown [s\open\src\hotspot\share\interpreter\linkResolver.cpp, line 773]
Event: 9.591 Thread 0x0000021f596ded60 Exception <a 'java/lang/NoSuchMethodError'{0x00000000c415dd98}: 'int java.lang.invoke.DirectMethodHandle$Holder.invokeSpecial(java.lang.Object, java.lang.Object, java.lang.Object, java.lang.Object, java.lang.Object)'> (0x00000000c415dd98) 
thrown [s\open\src\hotspot\share\interpreter\linkResolver.cpp, line 773]
Event: 9.639 Thread 0x0000021f596ded60 Exception <a 'java/lang/NoSuchMethodError'{0x00000000c4165c48}: 'void java.lang.invoke.DirectMethodHandle$Holder.invokeVirtual(java.lang.Object, java.lang.Object)'> (0x00000000c4165c48) 
thrown [s\open\src\hotspot\share\interpreter\linkResolver.cpp, line 773]

ZGC Phase Switch (0 events):
No events

VM Operations (20 events):
Event: 4.667 Executing VM operation: Cleanup
Event: 4.684 Executing VM operation: Cleanup done
Event: 5.693 Executing VM operation: Cleanup
Event: 5.712 Executing VM operation: Cleanup done
Event: 6.072 Executing VM operation: HandshakeAllThreads (Deoptimize)
Event: 6.072 Executing VM operation: HandshakeAllThreads (Deoptimize) done
Event: 6.131 Executing VM operation: HandshakeAllThreads (Deoptimize)
Event: 6.131 Executing VM operation: HandshakeAllThreads (Deoptimize) done
Event: 7.146 Executing VM operation: Cleanup
Event: 7.147 Executing VM operation: Cleanup done
Event: 7.172 Executing VM operation: G1CollectForAllocation (G1 Evacuation Pause)
Event: 7.183 Executing VM operation: G1CollectForAllocation (G1 Evacuation Pause) done
Event: 8.189 Executing VM operation: Cleanup
Event: 8.208 Executing VM operation: Cleanup done
Event: 9.025 Executing VM operation: HandshakeAllThreads (Deoptimize)
Event: 9.026 Executing VM operation: HandshakeAllThreads (Deoptimize) done
Event: 9.445 Executing VM operation: HandshakeAllThreads (Deoptimize)
Event: 9.451 Executing VM operation: HandshakeAllThreads (Deoptimize) done
Event: 9.451 Executing VM operation: Cleanup
Event: 9.467 Executing VM operation: Cleanup done

Events (18 events):
Event: 0.068 Thread 0x0000021f596ded60 Thread added: 0x0000021f596ded60
Event: 0.117 Thread 0x0000021f6a1b2590 Thread added: 0x0000021f6a1b2590
Event: 0.118 Thread 0x0000021f6a1b33a0 Thread added: 0x0000021f6a1b33a0
Event: 0.119 Thread 0x0000021f6a1b8450 Thread added: 0x0000021f6a1b8450
Event: 0.119 Thread 0x0000021f6a1ba010 Thread added: 0x0000021f6a1ba010
Event: 0.119 Thread 0x0000021f6a1baa60 Thread added: 0x0000021f6a1baa60
Event: 0.119 Thread 0x0000021f6a1bb4b0 Thread added: 0x0000021f6a1bb4b0
Event: 0.119 Thread 0x0000021f6a1bbf00 Thread added: 0x0000021f6a1bbf00
Event: 0.972 Thread 0x0000021f6a3b63b0 Thread added: 0x0000021f6a3b63b0
Event: 0.998 Thread 0x0000021f6a19bba0 Thread added: 0x0000021f6a19bba0
Event: 0.998 Thread 0x0000021f6a251a50 Thread added: 0x0000021f6a251a50
Event: 1.679 Thread 0x0000021f6a893ac0 Thread added: 0x0000021f6a893ac0
Event: 1.679 Thread 0x0000021f6a8942c0 Thread added: 0x0000021f6a8942c0
Event: 2.493 Thread 0x0000021f6aa51860 Thread added: 0x0000021f6aa51860
Event: 2.621 Thread 0x0000021f6aa75580 Thread added: 0x0000021f6aa75580
Event: 2.714 Thread 0x0000021f6aad4d40 Thread added: 0x0000021f6aad4d40
Event: 2.758 Thread 0x0000021f6aaa1980 Thread added: 0x0000021f6aaa1980
Event: 6.545 Thread 0x0000021f6af0c6d0 Thread added: 0x0000021f6af0c6d0


Dynamic libraries:
0x00007ff70dc10000 - 0x00007ff70dc20000 	C:\Program Files\Java\jdk-21\bin\java.exe
0x00007ffdfe0b0000 - 0x00007ffdfe2a8000 	C:\Windows\SYSTEM32\ntdll.dll
0x00007ffdfc910000 - 0x00007ffdfc9d2000 	C:\Windows\System32\KERNEL32.DLL
0x00007ffdfba90000 - 0x00007ffdfbd86000 	C:\Windows\System32\KERNELBASE.dll
0x00007ffdfbe70000 - 0x00007ffdfbf70000 	C:\Windows\System32\ucrtbase.dll
0x00007ffde6920000 - 0x00007ffde693b000 	C:\Program Files\Java\jdk-21\bin\VCRUNTIME140.dll
0x00007ffde6940000 - 0x00007ffde6959000 	C:\Program Files\Java\jdk-21\bin\jli.dll
0x00007ffdfc700000 - 0x00007ffdfc7af000 	C:\Windows\System32\ADVAPI32.dll
0x00007ffdfd390000 - 0x00007ffdfd42e000 	C:\Windows\System32\msvcrt.dll
0x00007ffdfc7b0000 - 0x00007ffdfc84f000 	C:\Windows\System32\sechost.dll
0x00007ffdfdc90000 - 0x00007ffdfddb3000 	C:\Windows\System32\RPCRT4.dll
0x00007ffdfb9b0000 - 0x00007ffdfb9d7000 	C:\Windows\System32\bcrypt.dll
0x00007ffdfc0d0000 - 0x00007ffdfc26d000 	C:\Windows\System32\USER32.dll
0x00007ffdfba60000 - 0x00007ffdfba82000 	C:\Windows\System32\win32u.dll
0x00007ffdfc870000 - 0x00007ffdfc89b000 	C:\Windows\System32\GDI32.dll
0x00007ffdfb7f0000 - 0x00007ffdfb90a000 	C:\Windows\System32\gdi32full.dll
0x00007ffdfb910000 - 0x00007ffdfb9ad000 	C:\Windows\System32\msvcp_win.dll
0x00007ffdec610000 - 0x00007ffdec8aa000 	C:\Windows\WinSxS\amd64_microsoft.windows.common-controls_6595b64144ccf1df_6.0.19041.4355_none_60b8b9eb71f62e16\COMCTL32.dll
0x00007ffdef1e0000 - 0x00007ffdef1ea000 	C:\Windows\SYSTEM32\VERSION.dll
0x00007ffdfc9e0000 - 0x00007ffdfca0f000 	C:\Windows\System32\IMM32.DLL
0x00007ffde6910000 - 0x00007ffde691c000 	C:\Program Files\Java\jdk-21\bin\vcruntime140_1.dll
0x00007ffde6880000 - 0x00007ffde690e000 	C:\Program Files\Java\jdk-21\bin\msvcp140.dll
0x00007ffde5b60000 - 0x00007ffde6878000 	C:\Program Files\Java\jdk-21\bin\server\jvm.dll
0x00007ffdfc8a0000 - 0x00007ffdfc90b000 	C:\Windows\System32\WS2_32.dll
0x00007ffdec8b0000 - 0x00007ffdec8d7000 	C:\Windows\SYSTEM32\WINMM.dll
0x00007ffdfb5a0000 - 0x00007ffdfb5eb000 	C:\Windows\SYSTEM32\POWRPROF.dll
0x00007ffdfb580000 - 0x00007ffdfb592000 	C:\Windows\SYSTEM32\UMPDC.dll
0x00007ffdf9580000 - 0x00007ffdf9592000 	C:\Windows\SYSTEM32\kernel.appcore.dll
0x00007ffde5460000 - 0x00007ffde546a000 	C:\Program Files\Java\jdk-21\bin\jimage.dll
0x00007ffdeccc0000 - 0x00007ffdecea4000 	C:\Windows\SYSTEM32\DBGHELP.DLL
0x00007ffdeacc0000 - 0x00007ffdeacf4000 	C:\Windows\SYSTEM32\dbgcore.DLL
0x00007ffdfbd90000 - 0x00007ffdfbe12000 	C:\Windows\System32\bcryptPrimitives.dll
0x00007ffdf6fd0000 - 0x00007ffdf6fdf000 	C:\Program Files\Java\jdk-21\bin\instrument.dll
0x00007ffde4a00000 - 0x00007ffde4a1f000 	C:\Program Files\Java\jdk-21\bin\java.dll
0x00007ffdfcaf0000 - 0x00007ffdfd25f000 	C:\Windows\System32\SHELL32.dll
0x00007ffdf9780000 - 0x00007ffdf9f23000 	C:\Windows\SYSTEM32\windows.storage.dll
0x00007ffdfd870000 - 0x00007ffdfdbc5000 	C:\Windows\System32\combase.dll
0x00007ffdfb0a0000 - 0x00007ffdfb0cb000 	C:\Windows\SYSTEM32\Wldp.dll
0x00007ffdfdf00000 - 0x00007ffdfdfcd000 	C:\Windows\System32\OLEAUT32.dll
0x00007ffdfdbe0000 - 0x00007ffdfdc8d000 	C:\Windows\System32\SHCORE.dll
0x00007ffdfd660000 - 0x00007ffdfd6b5000 	C:\Windows\System32\shlwapi.dll
0x00007ffdfb670000 - 0x00007ffdfb695000 	C:\Windows\SYSTEM32\profapi.dll
0x00007ffde48d0000 - 0x00007ffde48e8000 	C:\Program Files\Java\jdk-21\bin\zip.dll
0x00007ffde4a60000 - 0x00007ffde4a70000 	C:\Program Files\Java\jdk-21\bin\net.dll
0x00007ffdf3980000 - 0x00007ffdf3a8a000 	C:\Windows\SYSTEM32\WINHTTP.dll
0x00007ffdfae00000 - 0x00007ffdfae6c000 	C:\Windows\system32\mswsock.dll
0x00007ffde48f0000 - 0x00007ffde4906000 	C:\Program Files\Java\jdk-21\bin\nio.dll
0x00007ffdfab00000 - 0x00007ffdfabca000 	C:\Windows\SYSTEM32\DNSAPI.dll
0x00007ffdfaac0000 - 0x00007ffdfaafb000 	C:\Windows\SYSTEM32\IPHLPAPI.DLL
0x00007ffdfc270000 - 0x00007ffdfc278000 	C:\Windows\System32\NSI.dll
0x00007ffdf2440000 - 0x00007ffdf244a000 	C:\Windows\System32\rasadhlp.dll
0x00007ffdefaa0000 - 0x00007ffdefb20000 	C:\Windows\System32\fwpuclnt.dll
0x00007ffdf6620000 - 0x00007ffdf662a000 	C:\Program Files\Java\jdk-21\bin\management.dll
0x00007ffde83d0000 - 0x00007ffde83d9000 	C:\Program Files\Java\jdk-21\bin\extnet.dll
0x00007ffdf5890000 - 0x00007ffdf589b000 	C:\Program Files\Java\jdk-21\bin\management_ext.dll
0x00007ffdfdfd0000 - 0x00007ffdfdfd8000 	C:\Windows\System32\PSAPI.DLL
0x00007ffdfb000000 - 0x00007ffdfb018000 	C:\Windows\SYSTEM32\CRYPTSP.dll
0x00007ffdfa6e0000 - 0x00007ffdfa718000 	C:\Windows\system32\rsaenh.dll
0x00007ffdfb630000 - 0x00007ffdfb65e000 	C:\Windows\SYSTEM32\USERENV.dll
0x00007ffdfaff0000 - 0x00007ffdfaffc000 	C:\Windows\SYSTEM32\CRYPTBASE.dll
0x00007ffde7b70000 - 0x00007ffde7b87000 	C:\Windows\system32\napinsp.dll
0x00007ffde7b50000 - 0x00007ffde7b6b000 	C:\Windows\system32\pnrpnsp.dll
0x00007ffde7af0000 - 0x00007ffde7b05000 	C:\Windows\system32\wshbth.dll
0x00007ffdf69a0000 - 0x00007ffdf69bd000 	C:\Windows\system32\NLAapi.dll
0x00007ffde7ad0000 - 0x00007ffde7ae2000 	C:\Windows\System32\winrnr.dll

dbghelp: loaded successfully - version: 4.0.5 - missing functions: none
symbol engine: initialized successfully - sym options: 0x614 - pdb path: .;C:\Program Files\Java\jdk-21\bin;C:\Windows\SYSTEM32;C:\Windows\WinSxS\amd64_microsoft.windows.common-controls_6595b64144ccf1df_6.0.19041.4355_none_60b8b9eb71f62e16;C:\Program Files\Java\jdk-21\bin\server

VM Arguments:
jvm_args: -XX:TieredStopAtLevel=1 -Dspring.output.ansi.enabled=always -Dcom.sun.management.jmxremote -Dspring.jmx.enabled=true -Dspring.liveBeansView.mbeanDomain -Dspring.application.admin.enabled=true -Dmanagement.endpoints.jmx.exposure.include=* -javaagent:C:\Program Files\JetBrains\IntelliJ IDEA 2025.1\lib\idea_rt.jar=65435 -Dfile.encoding=UTF-8 -Dsun.stdout.encoding=UTF-8 -Dsun.stderr.encoding=UTF-8 
java_command: com.supplier.risk.RiskApplicationKt
java_class_path (initial): D:\Kotlin-App\risk\target\classes;C:\Users\Charith\.m2\repository\org\springframework\boot\spring-boot-starter-data-jpa\3.4.4\spring-boot-starter-data-jpa-3.4.4.jar;C:\Users\Charith\.m2\repository\org\springframework\boot\spring-boot-starter\3.4.4\spring-boot-starter-3.4.4.jar;C:\Users\Charith\.m2\repository\org\springframework\boot\spring-boot\3.4.4\spring-boot-3.4.4.jar;C:\Users\Charith\.m2\repository\org\springframework\boot\spring-boot-autoconfigure\3.4.4\spring-boot-autoconfigure-3.4.4.jar;C:\Users\Charith\.m2\repository\org\springframework\boot\spring-boot-starter-logging\3.4.4\spring-boot-starter-logging-3.4.4.jar;C:\Users\Charith\.m2\repository\org\apache\logging\log4j\log4j-to-slf4j\2.24.3\log4j-to-slf4j-2.24.3.jar;C:\Users\Charith\.m2\repository\org\apache\logging\log4j\log4j-api\2.24.3\log4j-api-2.24.3.jar;C:\Users\Charith\.m2\repository\org\slf4j\jul-to-slf4j\2.0.17\jul-to-slf4j-2.0.17.jar;C:\Users\Charith\.m2\repository\jakarta\annotation\jakarta.annotation-api\2.1.1\jakarta.annotation-api-2.1.1.jar;C:\Users\Charith\.m2\repository\org\yaml\snakeyaml\2.3\snakeyaml-2.3.jar;C:\Users\Charith\.m2\repository\org\springframework\boot\spring-boot-starter-jdbc\3.4.4\spring-boot-starter-jdbc-3.4.4.jar;C:\Users\Charith\.m2\repository\com\zaxxer\HikariCP\5.1.0\HikariCP-5.1.0.jar;C:\Users\Charith\.m2\repository\org\springframework\spring-jdbc\6.2.5\spring-jdbc-6.2.5.jar;C:\Users\Charith\.m2\repository\org\hibernate\orm\hibernate-core\6.6.11.Final\hibernate-core-6.6.11.Final.jar;C:\Users\Charith\.m2\repository\jakarta\persistence\jakarta.persistence-api\3.1.0\jakarta.persistence-api-3.1.0.jar;C:\Users\Charith\.m2\repository\jakarta\transaction\jakarta.transaction-api\2.0.1\jakarta.transaction-api-2.0.1.jar;C:\Users\Charith\.m2\repository\org\jboss\logging\jboss-logging\3.6.1.Final\jboss-logging-3.6.1.Final.jar;C:\Users\Charith\.m2\repository\org\hibernate\common\hibernate-commons-annotations\7.0.3.Final\hibernate-commons-annotations-7.0.3.Final.jar;C:\Users\Charith\.m2\repository\io\smallrye\jandex\3.2.0\jandex-3.2.0.jar;C:\Users\Charith\.m2\repository\com\fasterxml\classmate\1.7.0\classmate-1.7.0.jar;C:\Users\Charith\.m2\repository\net\bytebuddy\byte-buddy\1.15.11\byte-buddy-1.15.11.jar;C:\Users\Charith\.m2\repository\org\glassfish\jaxb\jaxb-runtime\4.0.5\jaxb-runtime-4.0.5.jar;C:\Users\Charith\.m2\repository\org\glassfish\jaxb\jaxb-core\4.0.5\jaxb-core-4.0.5.jar;C:\Users\Charith\.m2\repository\org\eclipse\angus\angus-activation\2.0.2\angus-activation-2.0.2.jar;C:\Users\Charith\.m2\repository\org\glassfish\jaxb\txw2\4.0.5\txw2-4.0.5.jar;C:\Users\Charith\.m2\repository\com\sun\istack\istack-commons-runtime\4.1.2\istack-commons-runtime-4.1.2.jar;C:\Users\Charith\.m2\repository\jakarta\inject\jakarta.inject-api\2.0.1\jakarta.inject-api-2.0.1.jar;C:\Users\Charith\.m2\repository\org\antlr\antlr4-runtime\4.13.0\antlr4-runtime-4.13.0.jar;C:\Users\Charith\.m2\repository\org\springframework\data\spring-data-jpa\3.4.4\spring-data-jpa-3.4.4.jar;C:\Users\Charith\.m2\repository\org\springframework\data\spring-data-commons\3.4.4\spring-data-commons-3.4.4.jar;C:\Users\Charith\.m2\repository\org\springframework\spring-orm\6.2.5\spring-orm-6.2.5.jar;C:\Users\Charith\.m2\repository\org\springframework\spring-aop\6.2.5\spring-aop-6.2.5.jar;C:\Users\Charith\.m2\repository\org\springframework\spring-beans\6.2.5\spring-beans-6.2.5.jar;C:\Users\Charith\.m2\repository\org\springframework\spring-aspects\6.2.5\spring-aspects-6.2.5.jar;C:\Users\Charith\.m2\repository\org\aspectj\aspectjweaver\1.9.23\aspectjweaver-1.9.23.jar;C:\Users\Charith\.m2\repository\org\springframework\boot\spring-boot-starter-web\3.4.4\spring-boot-starter-web-3.4.4.jar;C:\Users\Charith\.m2\repository\org\springframework\boot\spring-boot-starter-json\3.4.4\spring-boot-starter-json-3.4.4.jar;C:\Users\Charith\.m2\repository\com\fasterxml\jackson\datatype\jackson-datatype-jdk8\2.18.3\jackson-datatype-jdk8-2.18.3.jar;C:\Users\Charith\.m2\repository\com\fasterxml\jackson\module\jackson-module-parameter-names\2.18.3\jackson-module-parameter-names-2.18.3.jar;C:\Users\Charith\.m2\repository\org\springframework\boot\spring-boot-starter-tomcat\3.4.4\spring-boot-starter-tomcat-3.4.4.jar;C:\Users\Charith\.m2\repository\org\apache\tomcat\embed\tomcat-embed-core\10.1.39\tomcat-embed-core-10.1.39.jar;C:\Users\Charith\.m2\repository\org\apache\tomcat\embed\tomcat-embed-el\10.1.39\tomcat-embed-el-10.1.39.jar;C:\Users\Charith\.m2\repository\org\apache\tomcat\embed\tomcat-embed-websocket\10.1.39\tomcat-embed-websocket-10.1.39.jar;C:\Users\Charith\.m2\repository\org\springframework\spring-web\6.2.5\spring-web-6.2.5.jar;C:\Users\Charith\.m2\repository\org\springframework\spring-webmvc\6.2.5\spring-webmvc-6.2.5.jar;C:\Users\Charith\.m2\repository\org\springframework\spring-expression\6.2.5\spring-expression-6.2.5.jar;C:\Users\Charith\.m2\repository\com\fasterxml\jackson\module\jackson-module-kotlin\2.18.3\jackson-module-kotlin-2.18.3.jar;C:\Users\Charith\.m2\repository\com\fasterxml\jackson\core\jackson-databind\2.18.3\jackson-databind-2.18.3.jar;C:\Users\Charith\.m2\repository\com\fasterxml\jackson\core\jackson-core\2.18.3\jackson-core-2.18.3.jar;C:\Users\Charith\.m2\repository\com\fasterxml\jackson\core\jackson-annotations\2.18.3\jackson-annotations-2.18.3.jar;C:\Users\Charith\.m2\repository\org\apache\kafka\kafka-streams\3.8.1\kafka-streams-3.8.1.jar;C:\Users\Charith\.m2\repository\org\apache\kafka\kafka-clients\3.8.1\kafka-clients-3.8.1.jar;C:\Users\Charith\.m2\repository\com\github\luben\zstd-jni\1.5.6-4\zstd-jni-1.5.6-4.jar;C:\Users\Charith\.m2\repository\org\lz4\lz4-java\1.8.0\lz4-java-1.8.0.jar;C:\Users\Charith\.m2\repository\org\xerial\snappy\snappy-java\1.1.10.5\snappy-java-1.1.10.5.jar;C:\Users\Charith\.m2\repository\org\rocksdb\rocksdbjni\7.9.2\rocksdbjni-7.9.2.jar;C:\Users\Charith\.m2\repository\org\slf4j\slf4j-api\2.0.17\slf4j-api-2.0.17.jar;C:\Users\Charith\.m2\repository\org\jetbrains\kotlin\kotlin-reflect\1.9.25\kotlin-reflect-1.9.25.jar;C:\Users\Charith\.m2\repository\org\jetbrains\kotlin\kotlin-stdlib\1.9.25\kotlin-stdlib-1.9.25.jar;C:\Users\Charith\.m2\repository\org\jetbrains\annotations\13.0\annotations-13.0.jar;C:\Users\Charith\.m2\repository\org\springframework\kafka\spring-kafka\3.3.4\spring-kafka-3.3.4.jar;C:\Users\Charith\.m2\repository\org\springframework\spring-context\6.2.5\spring-context-6.2.5.jar;C:\Users\Charith\.m2\repository\org\springframework\spring-messaging\6.2.5\spring-messaging-6.2.5.jar;C:\Users\Charith\.m2\repository\org\springframework\spring-tx\6.2.5\spring-tx-6.2.5.jar;C:\Users\Charith\.m2\repository\org\springframework\retry\spring-retry\2.0.11\spring-retry-2.0.11.jar;C:\Users\Charith\.m2\repository\io\micrometer\micrometer-observation\1.14.5\micrometer-observation-1.14.5.jar;C:\Users\Charith\.m2\repository\io\micrometer\micrometer-commons\1.14.5\micrometer-commons-1.14.5.jar;C:\Users\Charith\.m2\repository\org\postgresql\postgresql\42.7.5\postgresql-42.7.5.jar;C:\Users\Charith\.m2\repository\org\checkerframework\checker-qual\3.48.3\checker-qual-3.48.3.jar;C:\Users\Charith\.m2\repository\jakarta\xml\bind\jakarta.xml.bind-api\4.0.2\jakarta.xml.bind-api-4.0.2.jar;C:\Users\Charith\.m2\repository\jakarta\activation\jakarta.activation-api\2.1.3\jakarta.activation-api-2.1.3.jar;C:\Users\Charith\.m2\repository\org\springframework\spring-core\6.2.5\spring-core-6.2.5.jar;C:\Users\Charith\.m2\repository\org\springframework\spring-jcl\6.2.5\spring-jcl-6.2.5.jar;C:\Users\Charith\.m2\repository\org\flywaydb\flyway-core\10.20.1\flyway-core-10.20.1.jar;C:\Users\Charith\.m2\repository\com\fasterxml\jackson\dataformat\jackson-dataformat-toml\2.18.3\jackson-dataformat-toml-2.18.3.jar;C:\Users\Charith\.m2\repository\com\fasterxml\jackson\datatype\jackson-datatype-jsr310\2.18.3\jackson-datatype-jsr310-2.18.3.jar;C:\Users\Charith\.m2\repository\org\flywaydb\flyway-database-postgresql\10.20.1\flyway-database-postgresql-10.20.1.jar;C:\Users\Charith\.m2\repository\org\springdoc\springdoc-openapi-starter-webmvc-ui\2.8.5\springdoc-openapi-starter-webmvc-ui-2.8.5.jar;C:\Users\Charith\.m2\repository\org\springdoc\springdoc-openapi-starter-webmvc-api\2.8.5\springdoc-openapi-starter-webmvc-api-2.8.5.jar;C:\Users\Charith\.m2\repository\org\springdoc\springdoc-openapi-starter-common\2.8.5\springdoc-openapi-starter-common-2.8.5.jar;C:\Users\Charith\.m2\repository\io\swagger\core\v3\swagger-core-jakarta\2.2.28\swagger-core-jakarta-2.2.28.jar;C:\Users\Charith\.m2\repository\org\apache\commons\commons-lang3\3.17.0\commons-lang3-3.17.0.jar;C:\Users\Charith\.m2\repository\io\swagger\core\v3\swagger-annotations-jakarta\2.2.28\swagger-annotations-jakarta-2.2.28.jar;C:\Users\Charith\.m2\repository\io\swagger\core\v3\swagger-models-jakarta\2.2.28\swagger-models-jakarta-2.2.28.jar;C:\Users\Charith\.m2\repository\jakarta\validation\jakarta.validation-api\3.0.2\jakarta.validation-api-3.0.2.jar;C:\Users\Charith\.m2\repository\com\fasterxml\jackson\dataformat\jackson-dataformat-yaml\2.18.3\jackson-dataformat-yaml-2.18.3.jar;C:\Users\Charith\.m2\repository\org\webjars\swagger-ui\5.18.3\swagger-ui-5.18.3.jar;C:\Users\Charith\.m2\repository\org\webjars\webjars-locator-lite\1.0.1\webjars-locator-lite-1.0.1.jar;C:\Users\Charith\.m2\repository\org\jspecify\jspecify\1.0.0\jspecify-1.0.0.jar;C:\Users\Charith\.m2\repository\ch\qos\logback\logback-core\1.5.18\logback-core-1.5.18.jar;C:\Users\Charith\.m2\repository\ch\qos\logback\logback-classic\1.5.18\logback-classic-1.5.18.jar
Launcher Type: SUN_STANDARD

[Global flags]
     intx CICompilerCount                          = 3                                         {product} {ergonomic}
     uint ConcGCThreads                            = 1                                         {product} {ergonomic}
     uint G1ConcRefinementThreads                  = 4                                         {product} {ergonomic}
   size_t G1HeapRegionSize                         = 1048576                                   {product} {ergonomic}
    uintx GCDrainStackTargetSize                   = 64                                        {product} {ergonomic}
   size_t InitialHeapSize                          = 67108864                                  {product} {ergonomic}
     bool ManagementServer                         = true                                      {product} {command line}
   size_t MarkStackSize                            = 4194304                                   {product} {ergonomic}
   size_t MaxHeapSize                              = 1050673152                                {product} {ergonomic}
   size_t MaxNewSize                               = 630194176                                 {product} {ergonomic}
   size_t MinHeapDeltaBytes                        = 1048576                                   {product} {ergonomic}
   size_t MinHeapSize                              = 8388608                                   {product} {ergonomic}
    uintx NonNMethodCodeHeapSize                   = 4096                                   {pd product} {ergonomic}
    uintx NonProfiledCodeHeapSize                  = 0                                      {pd product} {ergonomic}
     bool ProfileInterpreter                       = false                                  {pd product} {command line}
    uintx ProfiledCodeHeapSize                     = 0                                      {pd product} {ergonomic}
   size_t SoftMaxHeapSize                          = 1050673152                             {manageable} {ergonomic}
     intx TieredStopAtLevel                        = 1                                         {product} {command line}
     bool UseCompressedOops                        = true                           {product lp64_product} {ergonomic}
     bool UseG1GC                                  = true                                      {product} {ergonomic}
     bool UseLargePagesIndividualAllocation        = false                                  {pd product} {ergonomic}

Logging:
Log output configuration:
 #0: stdout all=warning uptime,level,tags foldmultilines=false
 #1: stderr all=off uptime,level,tags foldmultilines=false

Environment Variables:
PATH=C:\Program Files\Common Files\Oracle\Java\javapath;C:\Windows\system32;C:\Windows;C:\Windows\System32\Wbem;C:\Windows\System32\WindowsPowerShell\v1.0\;C:\Windows\System32\OpenSSH\;C:\Program Files\nodejs\;C:\Program Files\Kubernetes\Minikube;C:\Program Files\Docker\Docker\resources\bin;C:\Program Files\Git\cmd;C:\Program Files\Maven\apache-maven-3.9.9\bin;C:\Program Files\kafka-3.8.1-src\bin;C:\Program Files\MySQL\MySQL Shell 8.0\bin\;C:\Users\Charith\AppData\Local\Microsoft\WindowsApps;C:\Users\Charith\AppData\Roaming\npm;C:\Users\Charith\AppData\Local\Programs\Microsoft VS Code\bin;C:\Program Files\minicube;C:\Program Files\kafka-3.8.1-src\bin;C:\Users\Charith\AppData\Local\GitHubDesktop\bin
USERNAME=Charith
OS=Windows_NT
PROCESSOR_IDENTIFIER=Intel64 Family 6 Model 61 Stepping 4, GenuineIntel
TMP=C:\Users\Charith\AppData\Local\Temp
TEMP=C:\Users\Charith\AppData\Local\Temp




Periodic native trim disabled

---------------  S Y S T E M  ---------------

OS:
 Windows 10 , 64 bit Build 19041 (10.0.19041.5678)
OS uptime: 1 days 4:05 hours
Hyper-V role detected

CPU: total 4 (initial active 4) (2 cores per cpu, 2 threads per core) family 6 model 61 stepping 4 microcode 0x2d, cx8, cmov, fxsr, ht, mmx, 3dnowpref, sse, sse2, sse3, ssse3, sse4.1, sse4.2, popcnt, lzcnt, tsc, tscinvbit, avx, avx2, aes, erms, clmul, bmi1, bmi2, adx, fma, vzeroupper, clflush, hv, rdtscp, f16c
Processor Information for all 4 processors :
  Max Mhz: 2201, Current Mhz: 2201, Mhz Limit: 2201

Memory: 4k page, system-wide physical 4007M (218M free)
TotalPageFile size 16295M (AvailPageFile size 11M)
current process WorkingSet (physical memory assigned to process): 109M, peak: 109M
current process commit charge ("private bytes"): 167M, peak: 167M

vm_info: Java HotSpot(TM) 64-Bit Server VM (21.0.5+9-LTS-239) for windows-amd64 JRE (21.0.5+9-LTS-239), built on 2024-09-30T05:17:38Z by "mach5one" with MS VC++ 17.6 (VS2022)

END.
